CRITICAL - 2025-10-13 18:16:51 --> ErrorException: Undefined variable $enrolledCourses
[Method: GET, Route: dashboard]
in APPPATH\Views\auth\dashboard.php on line 19.
 1 APPPATH\Views\auth\dashboard.php(19): CodeIgniter\Debug\Exceptions->errorHandler(2, 'Undefined variable $enrolledCourses', 'D:\\JUL\\xampp\\htdocs\\ITE311-PACIS\\app\\Views\\auth\\dashboard.php', 19)
 2 SYSTEMPATH\View\View.php(226): include('D:\\JUL\\xampp\\htdocs\\ITE311-PACIS\\app\\Views\\auth\\dashboard.php')
 3 SYSTEMPATH\View\View.php(229): CodeIgniter\View\View->CodeIgniter\View\{closure}()
 4 SYSTEMPATH\Common.php(1167): CodeIgniter\View\View->render('auth/dashboard', [], true)
 5 APPPATH\Controllers\Auth.php(115): view('auth/dashboard', [...])
 6 SYSTEMPATH\CodeIgniter.php(933): App\Controllers\Auth->dashboard()
 7 SYSTEMPATH\CodeIgniter.php(507): CodeIgniter\CodeIgniter->runController(Object(App\Controllers\Auth))
 8 SYSTEMPATH\CodeIgniter.php(354): CodeIgniter\CodeIgniter->handleRequest(null, Object(Config\Cache), false)
 9 SYSTEMPATH\Boot.php(363): CodeIgniter\CodeIgniter->run()
10 SYSTEMPATH\Boot.php(68): CodeIgniter\Boot::runCodeIgniter(Object(CodeIgniter\CodeIgniter))
11 FCPATH\index.php(60): CodeIgniter\Boot::bootWeb(Object(Config\Paths))
12 SYSTEMPATH\rewrite.php(44): require_once('D:\\JUL\\xampp\\htdocs\\ITE311-PACIS\\index.php')
CRITICAL - 2025-10-13 18:16:52 --> ErrorException: Undefined variable $enrolledCourses
[Method: GET, Route: dashboard]
in APPPATH\Views\auth\dashboard.php on line 19.
 1 APPPATH\Views\auth\dashboard.php(19): CodeIgniter\Debug\Exceptions->errorHandler(2, 'Undefined variable $enrolledCourses', 'D:\\JUL\\xampp\\htdocs\\ITE311-PACIS\\app\\Views\\auth\\dashboard.php', 19)
 2 SYSTEMPATH\View\View.php(226): include('D:\\JUL\\xampp\\htdocs\\ITE311-PACIS\\app\\Views\\auth\\dashboard.php')
 3 SYSTEMPATH\View\View.php(229): CodeIgniter\View\View->CodeIgniter\View\{closure}()
 4 SYSTEMPATH\Common.php(1167): CodeIgniter\View\View->render('auth/dashboard', [], true)
 5 APPPATH\Controllers\Auth.php(115): view('auth/dashboard', [...])
 6 SYSTEMPATH\CodeIgniter.php(933): App\Controllers\Auth->dashboard()
 7 SYSTEMPATH\CodeIgniter.php(507): CodeIgniter\CodeIgniter->runController(Object(App\Controllers\Auth))
 8 SYSTEMPATH\CodeIgniter.php(354): CodeIgniter\CodeIgniter->handleRequest(null, Object(Config\Cache), false)
 9 SYSTEMPATH\Boot.php(363): CodeIgniter\CodeIgniter->run()
10 SYSTEMPATH\Boot.php(68): CodeIgniter\Boot::runCodeIgniter(Object(CodeIgniter\CodeIgniter))
11 FCPATH\index.php(60): CodeIgniter\Boot::bootWeb(Object(Config\Paths))
12 SYSTEMPATH\rewrite.php(44): require_once('D:\\JUL\\xampp\\htdocs\\ITE311-PACIS\\index.php')
CRITICAL - 2025-10-13 18:16:53 --> ErrorException: Undefined variable $enrolledCourses
[Method: GET, Route: dashboard]
in APPPATH\Views\auth\dashboard.php on line 19.
 1 APPPATH\Views\auth\dashboard.php(19): CodeIgniter\Debug\Exceptions->errorHandler(2, 'Undefined variable $enrolledCourses', 'D:\\JUL\\xampp\\htdocs\\ITE311-PACIS\\app\\Views\\auth\\dashboard.php', 19)
 2 SYSTEMPATH\View\View.php(226): include('D:\\JUL\\xampp\\htdocs\\ITE311-PACIS\\app\\Views\\auth\\dashboard.php')
 3 SYSTEMPATH\View\View.php(229): CodeIgniter\View\View->CodeIgniter\View\{closure}()
 4 SYSTEMPATH\Common.php(1167): CodeIgniter\View\View->render('auth/dashboard', [], true)
 5 APPPATH\Controllers\Auth.php(115): view('auth/dashboard', [...])
 6 SYSTEMPATH\CodeIgniter.php(933): App\Controllers\Auth->dashboard()
 7 SYSTEMPATH\CodeIgniter.php(507): CodeIgniter\CodeIgniter->runController(Object(App\Controllers\Auth))
 8 SYSTEMPATH\CodeIgniter.php(354): CodeIgniter\CodeIgniter->handleRequest(null, Object(Config\Cache), false)
 9 SYSTEMPATH\Boot.php(363): CodeIgniter\CodeIgniter->run()
10 SYSTEMPATH\Boot.php(68): CodeIgniter\Boot::runCodeIgniter(Object(CodeIgniter\CodeIgniter))
11 FCPATH\index.php(60): CodeIgniter\Boot::bootWeb(Object(Config\Paths))
12 SYSTEMPATH\rewrite.php(44): require_once('D:\\JUL\\xampp\\htdocs\\ITE311-PACIS\\index.php')
CRITICAL - 2025-10-13 18:16:59 --> ErrorException: Undefined variable $enrolledCourses
[Method: GET, Route: dashboard]
in APPPATH\Views\auth\dashboard.php on line 19.
 1 APPPATH\Views\auth\dashboard.php(19): CodeIgniter\Debug\Exceptions->errorHandler(2, 'Undefined variable $enrolledCourses', 'D:\\JUL\\xampp\\htdocs\\ITE311-PACIS\\app\\Views\\auth\\dashboard.php', 19)
 2 SYSTEMPATH\View\View.php(226): include('D:\\JUL\\xampp\\htdocs\\ITE311-PACIS\\app\\Views\\auth\\dashboard.php')
 3 SYSTEMPATH\View\View.php(229): CodeIgniter\View\View->CodeIgniter\View\{closure}()
 4 SYSTEMPATH\Common.php(1167): CodeIgniter\View\View->render('auth/dashboard', [], true)
 5 APPPATH\Controllers\Auth.php(115): view('auth/dashboard', [...])
 6 SYSTEMPATH\CodeIgniter.php(933): App\Controllers\Auth->dashboard()
 7 SYSTEMPATH\CodeIgniter.php(507): CodeIgniter\CodeIgniter->runController(Object(App\Controllers\Auth))
 8 SYSTEMPATH\CodeIgniter.php(354): CodeIgniter\CodeIgniter->handleRequest(null, Object(Config\Cache), false)
 9 SYSTEMPATH\Boot.php(363): CodeIgniter\CodeIgniter->run()
10 SYSTEMPATH\Boot.php(68): CodeIgniter\Boot::runCodeIgniter(Object(CodeIgniter\CodeIgniter))
11 FCPATH\index.php(60): CodeIgniter\Boot::bootWeb(Object(Config\Paths))
12 SYSTEMPATH\rewrite.php(44): require_once('D:\\JUL\\xampp\\htdocs\\ITE311-PACIS\\index.php')
CRITICAL - 2025-10-13 18:17:18 --> ErrorException: Undefined variable $enrolledCourses
[Method: GET, Route: dashboard]
in APPPATH\Views\auth\dashboard.php on line 19.
 1 APPPATH\Views\auth\dashboard.php(19): CodeIgniter\Debug\Exceptions->errorHandler(2, 'Undefined variable $enrolledCourses', 'D:\\JUL\\xampp\\htdocs\\ITE311-PACIS\\app\\Views\\auth\\dashboard.php', 19)
 2 SYSTEMPATH\View\View.php(226): include('D:\\JUL\\xampp\\htdocs\\ITE311-PACIS\\app\\Views\\auth\\dashboard.php')
 3 SYSTEMPATH\View\View.php(229): CodeIgniter\View\View->CodeIgniter\View\{closure}()
 4 SYSTEMPATH\Common.php(1167): CodeIgniter\View\View->render('auth/dashboard', [], true)
 5 APPPATH\Controllers\Auth.php(115): view('auth/dashboard', [...])
 6 SYSTEMPATH\CodeIgniter.php(933): App\Controllers\Auth->dashboard()
 7 SYSTEMPATH\CodeIgniter.php(507): CodeIgniter\CodeIgniter->runController(Object(App\Controllers\Auth))
 8 SYSTEMPATH\CodeIgniter.php(354): CodeIgniter\CodeIgniter->handleRequest(null, Object(Config\Cache), false)
 9 SYSTEMPATH\Boot.php(363): CodeIgniter\CodeIgniter->run()
10 SYSTEMPATH\Boot.php(68): CodeIgniter\Boot::runCodeIgniter(Object(CodeIgniter\CodeIgniter))
11 FCPATH\index.php(60): CodeIgniter\Boot::bootWeb(Object(Config\Paths))
12 SYSTEMPATH\rewrite.php(44): require_once('D:\\JUL\\xampp\\htdocs\\ITE311-PACIS\\index.php')
DEBUG - 2025-10-13 18:20:13 --> Session: Class initialized using 'CodeIgniter\Session\Handlers\FileHandler' driver.
CRITICAL - 2025-10-13 18:20:13 --> ErrorException: Undefined variable $enrolledCourses
[Method: GET, Route: dashboard]
in APPPATH\Views\auth\dashboard.php on line 19.
 1 APPPATH\Views\auth\dashboard.php(19): CodeIgniter\Debug\Exceptions->errorHandler(2, 'Undefined variable $enrolledCourses', 'D:\\JUL\\xampp\\htdocs\\ITE311-PACIS\\app\\Views\\auth\\dashboard.php', 19)
 2 SYSTEMPATH\View\View.php(226): include('D:\\JUL\\xampp\\htdocs\\ITE311-PACIS\\app\\Views\\auth\\dashboard.php')
 3 SYSTEMPATH\View\View.php(229): CodeIgniter\View\View->CodeIgniter\View\{closure}()
 4 SYSTEMPATH\Common.php(1167): CodeIgniter\View\View->render('auth/dashboard', [], true)
 5 APPPATH\Controllers\Auth.php(115): view('auth/dashboard', [...])
 6 SYSTEMPATH\CodeIgniter.php(933): App\Controllers\Auth->dashboard()
 7 SYSTEMPATH\CodeIgniter.php(507): CodeIgniter\CodeIgniter->runController(Object(App\Controllers\Auth))
 8 SYSTEMPATH\CodeIgniter.php(354): CodeIgniter\CodeIgniter->handleRequest(null, Object(Config\Cache), false)
 9 SYSTEMPATH\Boot.php(363): CodeIgniter\CodeIgniter->run()
10 SYSTEMPATH\Boot.php(68): CodeIgniter\Boot::runCodeIgniter(Object(CodeIgniter\CodeIgniter))
11 FCPATH\index.php(60): CodeIgniter\Boot::bootWeb(Object(Config\Paths))
12 SYSTEMPATH\rewrite.php(44): require_once('D:\\JUL\\xampp\\htdocs\\ITE311-PACIS\\index.php')
CRITICAL - 2025-10-13 18:30:45 --> ParseError: Unclosed '{' on line 7
[Method: GET, Route: dashboard]
in APPPATH\Controllers\Auth.php on line 133.
 1 SYSTEMPATH\Autoloader\Autoloader.php(295): CodeIgniter\Autoloader\Autoloader->includeFile('D:\\JUL\\xampp\\htdocs\\ITE311-PACIS\\app\\Controllers\\Auth.php')
 2 SYSTEMPATH\Autoloader\Autoloader.php(271): CodeIgniter\Autoloader\Autoloader->loadInNamespace('App\\Controllers\\Auth')
 3 [internal function]: CodeIgniter\Autoloader\Autoloader->loadClass('App\\Controllers\\Auth')
 4 SYSTEMPATH\CodeIgniter.php(885): class_exists('\\App\\Controllers\\Auth', true)
 5 SYSTEMPATH\CodeIgniter.php(494): CodeIgniter\CodeIgniter->startController()
 6 SYSTEMPATH\CodeIgniter.php(354): CodeIgniter\CodeIgniter->handleRequest(null, Object(Config\Cache), false)
 7 SYSTEMPATH\Boot.php(363): CodeIgniter\CodeIgniter->run()
 8 SYSTEMPATH\Boot.php(68): CodeIgniter\Boot::runCodeIgniter(Object(CodeIgniter\CodeIgniter))
 9 FCPATH\index.php(60): CodeIgniter\Boot::bootWeb(Object(Config\Paths))
10 SYSTEMPATH\rewrite.php(44): require_once('D:\\JUL\\xampp\\htdocs\\ITE311-PACIS\\index.php')
CRITICAL - 2025-10-13 18:30:46 --> ParseError: Unclosed '{' on line 7
[Method: GET, Route: dashboard]
in APPPATH\Controllers\Auth.php on line 133.
 1 SYSTEMPATH\Autoloader\Autoloader.php(295): CodeIgniter\Autoloader\Autoloader->includeFile('D:\\JUL\\xampp\\htdocs\\ITE311-PACIS\\app\\Controllers\\Auth.php')
 2 SYSTEMPATH\Autoloader\Autoloader.php(271): CodeIgniter\Autoloader\Autoloader->loadInNamespace('App\\Controllers\\Auth')
 3 [internal function]: CodeIgniter\Autoloader\Autoloader->loadClass('App\\Controllers\\Auth')
 4 SYSTEMPATH\CodeIgniter.php(885): class_exists('\\App\\Controllers\\Auth', true)
 5 SYSTEMPATH\CodeIgniter.php(494): CodeIgniter\CodeIgniter->startController()
 6 SYSTEMPATH\CodeIgniter.php(354): CodeIgniter\CodeIgniter->handleRequest(null, Object(Config\Cache), false)
 7 SYSTEMPATH\Boot.php(363): CodeIgniter\CodeIgniter->run()
 8 SYSTEMPATH\Boot.php(68): CodeIgniter\Boot::runCodeIgniter(Object(CodeIgniter\CodeIgniter))
 9 FCPATH\index.php(60): CodeIgniter\Boot::bootWeb(Object(Config\Paths))
10 SYSTEMPATH\rewrite.php(44): require_once('D:\\JUL\\xampp\\htdocs\\ITE311-PACIS\\index.php')
CRITICAL - 2025-10-13 18:30:47 --> ParseError: Unclosed '{' on line 7
[Method: GET, Route: dashboard]
in APPPATH\Controllers\Auth.php on line 133.
 1 SYSTEMPATH\Autoloader\Autoloader.php(295): CodeIgniter\Autoloader\Autoloader->includeFile('D:\\JUL\\xampp\\htdocs\\ITE311-PACIS\\app\\Controllers\\Auth.php')
 2 SYSTEMPATH\Autoloader\Autoloader.php(271): CodeIgniter\Autoloader\Autoloader->loadInNamespace('App\\Controllers\\Auth')
 3 [internal function]: CodeIgniter\Autoloader\Autoloader->loadClass('App\\Controllers\\Auth')
 4 SYSTEMPATH\CodeIgniter.php(885): class_exists('\\App\\Controllers\\Auth', true)
 5 SYSTEMPATH\CodeIgniter.php(494): CodeIgniter\CodeIgniter->startController()
 6 SYSTEMPATH\CodeIgniter.php(354): CodeIgniter\CodeIgniter->handleRequest(null, Object(Config\Cache), false)
 7 SYSTEMPATH\Boot.php(363): CodeIgniter\CodeIgniter->run()
 8 SYSTEMPATH\Boot.php(68): CodeIgniter\Boot::runCodeIgniter(Object(CodeIgniter\CodeIgniter))
 9 FCPATH\index.php(60): CodeIgniter\Boot::bootWeb(Object(Config\Paths))
10 SYSTEMPATH\rewrite.php(44): require_once('D:\\JUL\\xampp\\htdocs\\ITE311-PACIS\\index.php')
CRITICAL - 2025-10-13 18:30:53 --> ParseError: Unclosed '{' on line 7
[Method: GET, Route: login]
in APPPATH\Controllers\Auth.php on line 133.
 1 SYSTEMPATH\Autoloader\Autoloader.php(295): CodeIgniter\Autoloader\Autoloader->includeFile('D:\\JUL\\xampp\\htdocs\\ITE311-PACIS\\app\\Controllers\\Auth.php')
 2 SYSTEMPATH\Autoloader\Autoloader.php(271): CodeIgniter\Autoloader\Autoloader->loadInNamespace('App\\Controllers\\Auth')
 3 [internal function]: CodeIgniter\Autoloader\Autoloader->loadClass('App\\Controllers\\Auth')
 4 SYSTEMPATH\CodeIgniter.php(885): class_exists('\\App\\Controllers\\Auth', true)
 5 SYSTEMPATH\CodeIgniter.php(494): CodeIgniter\CodeIgniter->startController()
 6 SYSTEMPATH\CodeIgniter.php(354): CodeIgniter\CodeIgniter->handleRequest(null, Object(Config\Cache), false)
 7 SYSTEMPATH\Boot.php(363): CodeIgniter\CodeIgniter->run()
 8 SYSTEMPATH\Boot.php(68): CodeIgniter\Boot::runCodeIgniter(Object(CodeIgniter\CodeIgniter))
 9 FCPATH\index.php(60): CodeIgniter\Boot::bootWeb(Object(Config\Paths))
10 SYSTEMPATH\rewrite.php(44): require_once('D:\\JUL\\xampp\\htdocs\\ITE311-PACIS\\index.php')
DEBUG - 2025-10-13 18:30:54 --> Session: Class initialized using 'CodeIgniter\Session\Handlers\FileHandler' driver.
CRITICAL - 2025-10-13 18:30:59 --> ParseError: Unclosed '{' on line 7
[Method: GET, Route: dashboard]
in APPPATH\Controllers\Auth.php on line 133.
 1 SYSTEMPATH\Autoloader\Autoloader.php(295): CodeIgniter\Autoloader\Autoloader->includeFile('D:\\JUL\\xampp\\htdocs\\ITE311-PACIS\\app\\Controllers\\Auth.php')
 2 SYSTEMPATH\Autoloader\Autoloader.php(271): CodeIgniter\Autoloader\Autoloader->loadInNamespace('App\\Controllers\\Auth')
 3 [internal function]: CodeIgniter\Autoloader\Autoloader->loadClass('App\\Controllers\\Auth')
 4 SYSTEMPATH\CodeIgniter.php(885): class_exists('\\App\\Controllers\\Auth', true)
 5 SYSTEMPATH\CodeIgniter.php(494): CodeIgniter\CodeIgniter->startController()
 6 SYSTEMPATH\CodeIgniter.php(354): CodeIgniter\CodeIgniter->handleRequest(null, Object(Config\Cache), false)
 7 SYSTEMPATH\Boot.php(363): CodeIgniter\CodeIgniter->run()
 8 SYSTEMPATH\Boot.php(68): CodeIgniter\Boot::runCodeIgniter(Object(CodeIgniter\CodeIgniter))
 9 FCPATH\index.php(60): CodeIgniter\Boot::bootWeb(Object(Config\Paths))
10 SYSTEMPATH\rewrite.php(44): require_once('D:\\JUL\\xampp\\htdocs\\ITE311-PACIS\\index.php')
DEBUG - 2025-10-13 18:32:36 --> Session: Class initialized using 'CodeIgniter\Session\Handlers\FileHandler' driver.
CRITICAL - 2025-10-13 18:32:36 --> ErrorException: Undefined variable $availableCourses
[Method: GET, Route: dashboard]
in APPPATH\Views\auth\dashboard.php on line 26.
 1 APPPATH\Views\auth\dashboard.php(26): CodeIgniter\Debug\Exceptions->errorHandler(2, 'Undefined variable $availableCourses', 'D:\\JUL\\xampp\\htdocs\\ITE311-PACIS\\app\\Views\\auth\\dashboard.php', 26)
 2 SYSTEMPATH\View\View.php(226): include('D:\\JUL\\xampp\\htdocs\\ITE311-PACIS\\app\\Views\\auth\\dashboard.php')
 3 SYSTEMPATH\View\View.php(229): CodeIgniter\View\View->CodeIgniter\View\{closure}()
 4 SYSTEMPATH\Common.php(1167): CodeIgniter\View\View->render('auth/dashboard', [], true)
 5 APPPATH\Controllers\Auth.php(131): view('auth/dashboard', [...])
 6 SYSTEMPATH\CodeIgniter.php(933): App\Controllers\Auth->dashboard()
 7 SYSTEMPATH\CodeIgniter.php(507): CodeIgniter\CodeIgniter->runController(Object(App\Controllers\Auth))
 8 SYSTEMPATH\CodeIgniter.php(354): CodeIgniter\CodeIgniter->handleRequest(null, Object(Config\Cache), false)
 9 SYSTEMPATH\Boot.php(363): CodeIgniter\CodeIgniter->run()
10 SYSTEMPATH\Boot.php(68): CodeIgniter\Boot::runCodeIgniter(Object(CodeIgniter\CodeIgniter))
11 FCPATH\index.php(60): CodeIgniter\Boot::bootWeb(Object(Config\Paths))
12 SYSTEMPATH\rewrite.php(44): require_once('D:\\JUL\\xampp\\htdocs\\ITE311-PACIS\\index.php')
DEBUG - 2025-10-13 18:32:37 --> Session: Class initialized using 'CodeIgniter\Session\Handlers\FileHandler' driver.
CRITICAL - 2025-10-13 18:32:37 --> ErrorException: Undefined variable $availableCourses
[Method: GET, Route: dashboard]
in APPPATH\Views\auth\dashboard.php on line 26.
 1 APPPATH\Views\auth\dashboard.php(26): CodeIgniter\Debug\Exceptions->errorHandler(2, 'Undefined variable $availableCourses', 'D:\\JUL\\xampp\\htdocs\\ITE311-PACIS\\app\\Views\\auth\\dashboard.php', 26)
 2 SYSTEMPATH\View\View.php(226): include('D:\\JUL\\xampp\\htdocs\\ITE311-PACIS\\app\\Views\\auth\\dashboard.php')
 3 SYSTEMPATH\View\View.php(229): CodeIgniter\View\View->CodeIgniter\View\{closure}()
 4 SYSTEMPATH\Common.php(1167): CodeIgniter\View\View->render('auth/dashboard', [], true)
 5 APPPATH\Controllers\Auth.php(131): view('auth/dashboard', [...])
 6 SYSTEMPATH\CodeIgniter.php(933): App\Controllers\Auth->dashboard()
 7 SYSTEMPATH\CodeIgniter.php(507): CodeIgniter\CodeIgniter->runController(Object(App\Controllers\Auth))
 8 SYSTEMPATH\CodeIgniter.php(354): CodeIgniter\CodeIgniter->handleRequest(null, Object(Config\Cache), false)
 9 SYSTEMPATH\Boot.php(363): CodeIgniter\CodeIgniter->run()
10 SYSTEMPATH\Boot.php(68): CodeIgniter\Boot::runCodeIgniter(Object(CodeIgniter\CodeIgniter))
11 FCPATH\index.php(60): CodeIgniter\Boot::bootWeb(Object(Config\Paths))
12 SYSTEMPATH\rewrite.php(44): require_once('D:\\JUL\\xampp\\htdocs\\ITE311-PACIS\\index.php')
DEBUG - 2025-10-13 18:32:37 --> Session: Class initialized using 'CodeIgniter\Session\Handlers\FileHandler' driver.
CRITICAL - 2025-10-13 18:32:37 --> ErrorException: Undefined variable $availableCourses
[Method: GET, Route: dashboard]
in APPPATH\Views\auth\dashboard.php on line 26.
 1 APPPATH\Views\auth\dashboard.php(26): CodeIgniter\Debug\Exceptions->errorHandler(2, 'Undefined variable $availableCourses', 'D:\\JUL\\xampp\\htdocs\\ITE311-PACIS\\app\\Views\\auth\\dashboard.php', 26)
 2 SYSTEMPATH\View\View.php(226): include('D:\\JUL\\xampp\\htdocs\\ITE311-PACIS\\app\\Views\\auth\\dashboard.php')
 3 SYSTEMPATH\View\View.php(229): CodeIgniter\View\View->CodeIgniter\View\{closure}()
 4 SYSTEMPATH\Common.php(1167): CodeIgniter\View\View->render('auth/dashboard', [], true)
 5 APPPATH\Controllers\Auth.php(131): view('auth/dashboard', [...])
 6 SYSTEMPATH\CodeIgniter.php(933): App\Controllers\Auth->dashboard()
 7 SYSTEMPATH\CodeIgniter.php(507): CodeIgniter\CodeIgniter->runController(Object(App\Controllers\Auth))
 8 SYSTEMPATH\CodeIgniter.php(354): CodeIgniter\CodeIgniter->handleRequest(null, Object(Config\Cache), false)
 9 SYSTEMPATH\Boot.php(363): CodeIgniter\CodeIgniter->run()
10 SYSTEMPATH\Boot.php(68): CodeIgniter\Boot::runCodeIgniter(Object(CodeIgniter\CodeIgniter))
11 FCPATH\index.php(60): CodeIgniter\Boot::bootWeb(Object(Config\Paths))
12 SYSTEMPATH\rewrite.php(44): require_once('D:\\JUL\\xampp\\htdocs\\ITE311-PACIS\\index.php')
DEBUG - 2025-10-13 18:32:37 --> Session: Class initialized using 'CodeIgniter\Session\Handlers\FileHandler' driver.
CRITICAL - 2025-10-13 18:32:37 --> ErrorException: Undefined variable $availableCourses
[Method: GET, Route: dashboard]
in APPPATH\Views\auth\dashboard.php on line 26.
 1 APPPATH\Views\auth\dashboard.php(26): CodeIgniter\Debug\Exceptions->errorHandler(2, 'Undefined variable $availableCourses', 'D:\\JUL\\xampp\\htdocs\\ITE311-PACIS\\app\\Views\\auth\\dashboard.php', 26)
 2 SYSTEMPATH\View\View.php(226): include('D:\\JUL\\xampp\\htdocs\\ITE311-PACIS\\app\\Views\\auth\\dashboard.php')
 3 SYSTEMPATH\View\View.php(229): CodeIgniter\View\View->CodeIgniter\View\{closure}()
 4 SYSTEMPATH\Common.php(1167): CodeIgniter\View\View->render('auth/dashboard', [], true)
 5 APPPATH\Controllers\Auth.php(131): view('auth/dashboard', [...])
 6 SYSTEMPATH\CodeIgniter.php(933): App\Controllers\Auth->dashboard()
 7 SYSTEMPATH\CodeIgniter.php(507): CodeIgniter\CodeIgniter->runController(Object(App\Controllers\Auth))
 8 SYSTEMPATH\CodeIgniter.php(354): CodeIgniter\CodeIgniter->handleRequest(null, Object(Config\Cache), false)
 9 SYSTEMPATH\Boot.php(363): CodeIgniter\CodeIgniter->run()
10 SYSTEMPATH\Boot.php(68): CodeIgniter\Boot::runCodeIgniter(Object(CodeIgniter\CodeIgniter))
11 FCPATH\index.php(60): CodeIgniter\Boot::bootWeb(Object(Config\Paths))
12 SYSTEMPATH\rewrite.php(44): require_once('D:\\JUL\\xampp\\htdocs\\ITE311-PACIS\\index.php')
DEBUG - 2025-10-13 18:32:38 --> Session: Class initialized using 'CodeIgniter\Session\Handlers\FileHandler' driver.
CRITICAL - 2025-10-13 18:32:38 --> ErrorException: Undefined variable $availableCourses
[Method: GET, Route: dashboard]
in APPPATH\Views\auth\dashboard.php on line 26.
 1 APPPATH\Views\auth\dashboard.php(26): CodeIgniter\Debug\Exceptions->errorHandler(2, 'Undefined variable $availableCourses', 'D:\\JUL\\xampp\\htdocs\\ITE311-PACIS\\app\\Views\\auth\\dashboard.php', 26)
 2 SYSTEMPATH\View\View.php(226): include('D:\\JUL\\xampp\\htdocs\\ITE311-PACIS\\app\\Views\\auth\\dashboard.php')
 3 SYSTEMPATH\View\View.php(229): CodeIgniter\View\View->CodeIgniter\View\{closure}()
 4 SYSTEMPATH\Common.php(1167): CodeIgniter\View\View->render('auth/dashboard', [], true)
 5 APPPATH\Controllers\Auth.php(131): view('auth/dashboard', [...])
 6 SYSTEMPATH\CodeIgniter.php(933): App\Controllers\Auth->dashboard()
 7 SYSTEMPATH\CodeIgniter.php(507): CodeIgniter\CodeIgniter->runController(Object(App\Controllers\Auth))
 8 SYSTEMPATH\CodeIgniter.php(354): CodeIgniter\CodeIgniter->handleRequest(null, Object(Config\Cache), false)
 9 SYSTEMPATH\Boot.php(363): CodeIgniter\CodeIgniter->run()
10 SYSTEMPATH\Boot.php(68): CodeIgniter\Boot::runCodeIgniter(Object(CodeIgniter\CodeIgniter))
11 FCPATH\index.php(60): CodeIgniter\Boot::bootWeb(Object(Config\Paths))
12 SYSTEMPATH\rewrite.php(44): require_once('D:\\JUL\\xampp\\htdocs\\ITE311-PACIS\\index.php')
DEBUG - 2025-10-13 18:32:38 --> Session: Class initialized using 'CodeIgniter\Session\Handlers\FileHandler' driver.
CRITICAL - 2025-10-13 18:32:38 --> ErrorException: Undefined variable $availableCourses
[Method: GET, Route: dashboard]
in APPPATH\Views\auth\dashboard.php on line 26.
 1 APPPATH\Views\auth\dashboard.php(26): CodeIgniter\Debug\Exceptions->errorHandler(2, 'Undefined variable $availableCourses', 'D:\\JUL\\xampp\\htdocs\\ITE311-PACIS\\app\\Views\\auth\\dashboard.php', 26)
 2 SYSTEMPATH\View\View.php(226): include('D:\\JUL\\xampp\\htdocs\\ITE311-PACIS\\app\\Views\\auth\\dashboard.php')
 3 SYSTEMPATH\View\View.php(229): CodeIgniter\View\View->CodeIgniter\View\{closure}()
 4 SYSTEMPATH\Common.php(1167): CodeIgniter\View\View->render('auth/dashboard', [], true)
 5 APPPATH\Controllers\Auth.php(131): view('auth/dashboard', [...])
 6 SYSTEMPATH\CodeIgniter.php(933): App\Controllers\Auth->dashboard()
 7 SYSTEMPATH\CodeIgniter.php(507): CodeIgniter\CodeIgniter->runController(Object(App\Controllers\Auth))
 8 SYSTEMPATH\CodeIgniter.php(354): CodeIgniter\CodeIgniter->handleRequest(null, Object(Config\Cache), false)
 9 SYSTEMPATH\Boot.php(363): CodeIgniter\CodeIgniter->run()
10 SYSTEMPATH\Boot.php(68): CodeIgniter\Boot::runCodeIgniter(Object(CodeIgniter\CodeIgniter))
11 FCPATH\index.php(60): CodeIgniter\Boot::bootWeb(Object(Config\Paths))
12 SYSTEMPATH\rewrite.php(44): require_once('D:\\JUL\\xampp\\htdocs\\ITE311-PACIS\\index.php')
DEBUG - 2025-10-13 18:34:04 --> Session: Class initialized using 'CodeIgniter\Session\Handlers\FileHandler' driver.
CRITICAL - 2025-10-13 18:35:03 --> ErrorException: Undefined variable $availableCourses
[Method: GET, Route: dashboard]
in APPPATH\Views\auth\dashboard.php on line 26.
 1 APPPATH\Views\auth\dashboard.php(26): CodeIgniter\Debug\Exceptions->errorHandler(2, 'Undefined variable $availableCourses', 'D:\\JUL\\xampp\\htdocs\\ITE311-PACIS\\app\\Views\\auth\\dashboard.php', 26)
 2 SYSTEMPATH\View\View.php(226): include('D:\\JUL\\xampp\\htdocs\\ITE311-PACIS\\app\\Views\\auth\\dashboard.php')
 3 SYSTEMPATH\View\View.php(229): CodeIgniter\View\View->CodeIgniter\View\{closure}()
 4 SYSTEMPATH\Common.php(1167): CodeIgniter\View\View->render('auth/dashboard', [], true)
 5 APPPATH\Controllers\Auth.php(131): view('auth/dashboard', [...])
 6 SYSTEMPATH\CodeIgniter.php(933): App\Controllers\Auth->dashboard()
 7 SYSTEMPATH\CodeIgniter.php(507): CodeIgniter\CodeIgniter->runController(Object(App\Controllers\Auth))
 8 SYSTEMPATH\CodeIgniter.php(354): CodeIgniter\CodeIgniter->handleRequest(null, Object(Config\Cache), false)
 9 SYSTEMPATH\Boot.php(363): CodeIgniter\CodeIgniter->run()
10 SYSTEMPATH\Boot.php(68): CodeIgniter\Boot::runCodeIgniter(Object(CodeIgniter\CodeIgniter))
11 FCPATH\index.php(60): CodeIgniter\Boot::bootWeb(Object(Config\Paths))
12 SYSTEMPATH\rewrite.php(44): require_once('D:\\JUL\\xampp\\htdocs\\ITE311-PACIS\\index.php')
