DEBUG - 2025-09-06 02:02:42 --> Session: Class initialized using 'CodeIgniter\Session\Handlers\FileHandler' driver.
DEBUG - 2025-09-06 02:06:49 --> Session: Class initialized using 'CodeIgniter\Session\Handlers\FileHandler' driver.
DEBUG - 2025-09-06 02:07:01 --> Session: Class initialized using 'CodeIgniter\Session\Handlers\FileHandler' driver.
ERROR - 2025-09-06 02:08:58 --> mysqli_sql_exception: You have an error in your SQL syntax; check the manual that corresponds to your MariaDB server version for the right syntax to use near '1 PRIMARY KEY(`id`)
) DEFAULT CHARACTER SET = utf8 COLLATE = utf8mb4_general_ci' at line 9 in D:\JUL\xampp\htdocs\ITE311-PACIS\system\Database\MySQLi\Connection.php:327
Stack trace:
#0 D:\JUL\xampp\htdocs\ITE311-PACIS\system\Database\MySQLi\Connection.php(327): mysqli->query('CREATE TABLE `u...', 0)
#1 D:\JUL\xampp\htdocs\ITE311-PACIS\system\Database\BaseConnection.php(729): CodeIgniter\Database\MySQLi\Connection->execute('CREATE TABLE `u...')
#2 D:\JUL\xampp\htdocs\ITE311-PACIS\system\Database\BaseConnection.php(646): CodeIgniter\Database\BaseConnection->simpleQuery('CREATE TABLE `u...')
#3 D:\JUL\xampp\htdocs\ITE311-PACIS\system\Database\Forge.php(570): CodeIgniter\Database\BaseConnection->query('CREATE TABLE `u...')
#4 D:\JUL\xampp\htdocs\ITE311-PACIS\app\Database\Migrations\20250814060603_CreateUsersTable.php(48): CodeIgniter\Database\Forge->createTable('users')
#5 D:\JUL\xampp\htdocs\ITE311-PACIS\system\Database\MigrationRunner.php(876): App\Database\Migrations\CreateUsersTable->up()
#6 D:\JUL\xampp\htdocs\ITE311-PACIS\system\Database\MigrationRunner.php(182): CodeIgniter\Database\MigrationRunner->migrate('up', Object(stdClass))
#7 D:\JUL\xampp\htdocs\ITE311-PACIS\system\Commands\Database\Migrate.php(85): CodeIgniter\Database\MigrationRunner->latest(NULL)
#8 D:\JUL\xampp\htdocs\ITE311-PACIS\system\CLI\Commands.php(74): CodeIgniter\Commands\Database\Migrate->run(Array)
#9 D:\JUL\xampp\htdocs\ITE311-PACIS\system\CLI\BaseCommand.php(119): CodeIgniter\CLI\Commands->run('migrate', Array)
#10 D:\JUL\xampp\htdocs\ITE311-PACIS\system\Commands\Database\MigrateRefresh.php(87): CodeIgniter\CLI\BaseCommand->call('migrate', Array)
#11 D:\JUL\xampp\htdocs\ITE311-PACIS\system\CLI\Commands.php(74): CodeIgniter\Commands\Database\MigrateRefresh->run(Array)
#12 D:\JUL\xampp\htdocs\ITE311-PACIS\system\CLI\Console.php(47): CodeIgniter\CLI\Commands->run('migrate:refresh', Array)
#13 D:\JUL\xampp\htdocs\ITE311-PACIS\system\Boot.php(388): CodeIgniter\CLI\Console->run()
#14 D:\JUL\xampp\htdocs\ITE311-PACIS\system\Boot.php(133): CodeIgniter\Boot::runCommand(Object(CodeIgniter\CLI\Console))
#15 D:\JUL\xampp\htdocs\ITE311-PACIS\spark(87): CodeIgniter\Boot::bootSpark(Object(Config\Paths))
#16 {main}
ERROR - 2025-09-06 02:09:22 --> mysqli_sql_exception: You have an error in your SQL syntax; check the manual that corresponds to your MariaDB server version for the right syntax to use near '1 PRIMARY KEY(`id`)
) DEFAULT CHARACTER SET = utf8 COLLATE = utf8mb4_general_ci' at line 9 in D:\JUL\xampp\htdocs\ITE311-PACIS\system\Database\MySQLi\Connection.php:327
Stack trace:
#0 D:\JUL\xampp\htdocs\ITE311-PACIS\system\Database\MySQLi\Connection.php(327): mysqli->query('CREATE TABLE `u...', 0)
#1 D:\JUL\xampp\htdocs\ITE311-PACIS\system\Database\BaseConnection.php(729): CodeIgniter\Database\MySQLi\Connection->execute('CREATE TABLE `u...')
#2 D:\JUL\xampp\htdocs\ITE311-PACIS\system\Database\BaseConnection.php(646): CodeIgniter\Database\BaseConnection->simpleQuery('CREATE TABLE `u...')
#3 D:\JUL\xampp\htdocs\ITE311-PACIS\system\Database\Forge.php(570): CodeIgniter\Database\BaseConnection->query('CREATE TABLE `u...')
#4 D:\JUL\xampp\htdocs\ITE311-PACIS\app\Database\Migrations\20250814060603_CreateUsersTable.php(48): CodeIgniter\Database\Forge->createTable('users')
#5 D:\JUL\xampp\htdocs\ITE311-PACIS\system\Database\MigrationRunner.php(876): App\Database\Migrations\CreateUsersTable->up()
#6 D:\JUL\xampp\htdocs\ITE311-PACIS\system\Database\MigrationRunner.php(182): CodeIgniter\Database\MigrationRunner->migrate('up', Object(stdClass))
#7 D:\JUL\xampp\htdocs\ITE311-PACIS\system\Commands\Database\Migrate.php(85): CodeIgniter\Database\MigrationRunner->latest(NULL)
#8 D:\JUL\xampp\htdocs\ITE311-PACIS\system\CLI\Commands.php(74): CodeIgniter\Commands\Database\Migrate->run(Array)
#9 D:\JUL\xampp\htdocs\ITE311-PACIS\system\CLI\Console.php(47): CodeIgniter\CLI\Commands->run('migrate', Array)
#10 D:\JUL\xampp\htdocs\ITE311-PACIS\system\Boot.php(388): CodeIgniter\CLI\Console->run()
#11 D:\JUL\xampp\htdocs\ITE311-PACIS\system\Boot.php(133): CodeIgniter\Boot::runCommand(Object(CodeIgniter\CLI\Console))
#12 D:\JUL\xampp\htdocs\ITE311-PACIS\spark(87): CodeIgniter\Boot::bootSpark(Object(Config\Paths))
#13 {main}
ERROR - 2025-09-06 02:10:09 --> mysqli_sql_exception: You have an error in your SQL syntax; check the manual that corresponds to your MariaDB server version for the right syntax to use near '1 PRIMARY KEY(`id`)
) DEFAULT CHARACTER SET = utf8 COLLATE = utf8mb4_general_ci' at line 9 in D:\JUL\xampp\htdocs\ITE311-PACIS\system\Database\MySQLi\Connection.php:327
Stack trace:
#0 D:\JUL\xampp\htdocs\ITE311-PACIS\system\Database\MySQLi\Connection.php(327): mysqli->query('CREATE TABLE `u...', 0)
#1 D:\JUL\xampp\htdocs\ITE311-PACIS\system\Database\BaseConnection.php(729): CodeIgniter\Database\MySQLi\Connection->execute('CREATE TABLE `u...')
#2 D:\JUL\xampp\htdocs\ITE311-PACIS\system\Database\BaseConnection.php(646): CodeIgniter\Database\BaseConnection->simpleQuery('CREATE TABLE `u...')
#3 D:\JUL\xampp\htdocs\ITE311-PACIS\system\Database\Forge.php(570): CodeIgniter\Database\BaseConnection->query('CREATE TABLE `u...')
#4 D:\JUL\xampp\htdocs\ITE311-PACIS\app\Database\Migrations\20250814060603_CreateUsersTable.php(48): CodeIgniter\Database\Forge->createTable('users')
#5 D:\JUL\xampp\htdocs\ITE311-PACIS\system\Database\MigrationRunner.php(876): App\Database\Migrations\CreateUsersTable->up()
#6 D:\JUL\xampp\htdocs\ITE311-PACIS\system\Database\MigrationRunner.php(182): CodeIgniter\Database\MigrationRunner->migrate('up', Object(stdClass))
#7 D:\JUL\xampp\htdocs\ITE311-PACIS\system\Commands\Database\Migrate.php(85): CodeIgniter\Database\MigrationRunner->latest(NULL)
#8 D:\JUL\xampp\htdocs\ITE311-PACIS\system\CLI\Commands.php(74): CodeIgniter\Commands\Database\Migrate->run(Array)
#9 D:\JUL\xampp\htdocs\ITE311-PACIS\system\CLI\Console.php(47): CodeIgniter\CLI\Commands->run('migrate', Array)
#10 D:\JUL\xampp\htdocs\ITE311-PACIS\system\Boot.php(388): CodeIgniter\CLI\Console->run()
#11 D:\JUL\xampp\htdocs\ITE311-PACIS\system\Boot.php(133): CodeIgniter\Boot::runCommand(Object(CodeIgniter\CLI\Console))
#12 D:\JUL\xampp\htdocs\ITE311-PACIS\spark(87): CodeIgniter\Boot::bootSpark(Object(Config\Paths))
#13 {main}
ERROR - 2025-09-06 02:11:07 --> mysqli_sql_exception: COLLATION 'utf8mb4_general_ci' is not valid for CHARACTER SET 'utf8' in D:\JUL\xampp\htdocs\ITE311-PACIS\system\Database\MySQLi\Connection.php:327
Stack trace:
#0 D:\JUL\xampp\htdocs\ITE311-PACIS\system\Database\MySQLi\Connection.php(327): mysqli->query('CREATE TABLE `u...', 0)
#1 D:\JUL\xampp\htdocs\ITE311-PACIS\system\Database\BaseConnection.php(729): CodeIgniter\Database\MySQLi\Connection->execute('CREATE TABLE `u...')
#2 D:\JUL\xampp\htdocs\ITE311-PACIS\system\Database\BaseConnection.php(646): CodeIgniter\Database\BaseConnection->simpleQuery('CREATE TABLE `u...')
#3 D:\JUL\xampp\htdocs\ITE311-PACIS\system\Database\Forge.php(570): CodeIgniter\Database\BaseConnection->query('CREATE TABLE `u...')
#4 D:\JUL\xampp\htdocs\ITE311-PACIS\app\Database\Migrations\20250814060603_CreateUsersTable.php(48): CodeIgniter\Database\Forge->createTable('users')
#5 D:\JUL\xampp\htdocs\ITE311-PACIS\system\Database\MigrationRunner.php(876): App\Database\Migrations\CreateUsersTable->up()
#6 D:\JUL\xampp\htdocs\ITE311-PACIS\system\Database\MigrationRunner.php(182): CodeIgniter\Database\MigrationRunner->migrate('up', Object(stdClass))
#7 D:\JUL\xampp\htdocs\ITE311-PACIS\system\Commands\Database\Migrate.php(85): CodeIgniter\Database\MigrationRunner->latest(NULL)
#8 D:\JUL\xampp\htdocs\ITE311-PACIS\system\CLI\Commands.php(74): CodeIgniter\Commands\Database\Migrate->run(Array)
#9 D:\JUL\xampp\htdocs\ITE311-PACIS\system\CLI\Console.php(47): CodeIgniter\CLI\Commands->run('migrate', Array)
#10 D:\JUL\xampp\htdocs\ITE311-PACIS\system\Boot.php(388): CodeIgniter\CLI\Console->run()
#11 D:\JUL\xampp\htdocs\ITE311-PACIS\system\Boot.php(133): CodeIgniter\Boot::runCommand(Object(CodeIgniter\CLI\Console))
#12 D:\JUL\xampp\htdocs\ITE311-PACIS\spark(87): CodeIgniter\Boot::bootSpark(Object(Config\Paths))
#13 {main}
ERROR - 2025-09-06 02:12:25 --> Error connecting to the database: mysqli_sql_exception: Invalid character set was provided in D:\JUL\xampp\htdocs\ITE311-PACIS\system\Database\MySQLi\Connection.php:225
Stack trace:
#0 D:\JUL\xampp\htdocs\ITE311-PACIS\system\Database\MySQLi\Connection.php(225): mysqli->set_charset('utfmb4')
#1 D:\JUL\xampp\htdocs\ITE311-PACIS\system\Database\BaseConnection.php(419): CodeIgniter\Database\MySQLi\Connection->connect(false)
#2 D:\JUL\xampp\htdocs\ITE311-PACIS\system\Database\BaseConnection.php(614): CodeIgniter\Database\BaseConnection->initialize()
#3 D:\JUL\xampp\htdocs\ITE311-PACIS\system\Database\BaseConnection.php(1525): CodeIgniter\Database\BaseConnection->query('SHOW TABLES FRO...')
#4 D:\JUL\xampp\htdocs\ITE311-PACIS\system\Database\BaseConnection.php(1545): CodeIgniter\Database\BaseConnection->listTables()
#5 D:\JUL\xampp\htdocs\ITE311-PACIS\system\Database\MigrationRunner.php(768): CodeIgniter\Database\BaseConnection->tableExists('migrations')
#6 D:\JUL\xampp\htdocs\ITE311-PACIS\system\Database\MigrationRunner.php(162): CodeIgniter\Database\MigrationRunner->ensureTable()
#7 D:\JUL\xampp\htdocs\ITE311-PACIS\system\Commands\Database\Migrate.php(85): CodeIgniter\Database\MigrationRunner->latest(NULL)
#8 D:\JUL\xampp\htdocs\ITE311-PACIS\system\CLI\Commands.php(74): CodeIgniter\Commands\Database\Migrate->run(Array)
#9 D:\JUL\xampp\htdocs\ITE311-PACIS\system\CLI\Console.php(47): CodeIgniter\CLI\Commands->run('migrate', Array)
#10 D:\JUL\xampp\htdocs\ITE311-PACIS\system\Boot.php(388): CodeIgniter\CLI\Console->run()
#11 D:\JUL\xampp\htdocs\ITE311-PACIS\system\Boot.php(133): CodeIgniter\Boot::runCommand(Object(CodeIgniter\CLI\Console))
#12 D:\JUL\xampp\htdocs\ITE311-PACIS\spark(87): CodeIgniter\Boot::bootSpark(Object(Config\Paths))
#13 {main}

Next CodeIgniter\Database\Exceptions\DatabaseException: Invalid character set was provided in D:\JUL\xampp\htdocs\ITE311-PACIS\system\Database\MySQLi\Connection.php:246
Stack trace:
#0 D:\JUL\xampp\htdocs\ITE311-PACIS\system\Database\BaseConnection.php(419): CodeIgniter\Database\MySQLi\Connection->connect(false)
#1 D:\JUL\xampp\htdocs\ITE311-PACIS\system\Database\BaseConnection.php(614): CodeIgniter\Database\BaseConnection->initialize()
#2 D:\JUL\xampp\htdocs\ITE311-PACIS\system\Database\BaseConnection.php(1525): CodeIgniter\Database\BaseConnection->query('SHOW TABLES FRO...')
#3 D:\JUL\xampp\htdocs\ITE311-PACIS\system\Database\BaseConnection.php(1545): CodeIgniter\Database\BaseConnection->listTables()
#4 D:\JUL\xampp\htdocs\ITE311-PACIS\system\Database\MigrationRunner.php(768): CodeIgniter\Database\BaseConnection->tableExists('migrations')
#5 D:\JUL\xampp\htdocs\ITE311-PACIS\system\Database\MigrationRunner.php(162): CodeIgniter\Database\MigrationRunner->ensureTable()
#6 D:\JUL\xampp\htdocs\ITE311-PACIS\system\Commands\Database\Migrate.php(85): CodeIgniter\Database\MigrationRunner->latest(NULL)
#7 D:\JUL\xampp\htdocs\ITE311-PACIS\system\CLI\Commands.php(74): CodeIgniter\Commands\Database\Migrate->run(Array)
#8 D:\JUL\xampp\htdocs\ITE311-PACIS\system\CLI\Console.php(47): CodeIgniter\CLI\Commands->run('migrate', Array)
#9 D:\JUL\xampp\htdocs\ITE311-PACIS\system\Boot.php(388): CodeIgniter\CLI\Console->run()
#10 D:\JUL\xampp\htdocs\ITE311-PACIS\system\Boot.php(133): CodeIgniter\Boot::runCommand(Object(CodeIgniter\CLI\Console))
#11 D:\JUL\xampp\htdocs\ITE311-PACIS\spark(87): CodeIgniter\Boot::bootSpark(Object(Config\Paths))
#12 {main}
DEBUG - 2025-09-06 02:13:21 --> Session: Class initialized using 'CodeIgniter\Session\Handlers\FileHandler' driver.
DEBUG - 2025-09-06 02:13:23 --> Session: Class initialized using 'CodeIgniter\Session\Handlers\FileHandler' driver.
DEBUG - 2025-09-06 02:13:27 --> Session: Class initialized using 'CodeIgniter\Session\Handlers\FileHandler' driver.
DEBUG - 2025-09-06 02:13:39 --> Session: Class initialized using 'CodeIgniter\Session\Handlers\FileHandler' driver.
DEBUG - 2025-09-06 02:14:16 --> Session: Class initialized using 'CodeIgniter\Session\Handlers\FileHandler' driver.
DEBUG - 2025-09-06 02:20:47 --> Session: Class initialized using 'CodeIgniter\Session\Handlers\FileHandler' driver.
DEBUG - 2025-09-06 02:20:50 --> Session: Class initialized using 'CodeIgniter\Session\Handlers\FileHandler' driver.
DEBUG - 2025-09-06 02:20:59 --> Session: Class initialized using 'CodeIgniter\Session\Handlers\FileHandler' driver.
DEBUG - 2025-09-06 02:22:35 --> Session: Class initialized using 'CodeIgniter\Session\Handlers\FileHandler' driver.
DEBUG - 2025-09-06 02:22:47 --> Session: Class initialized using 'CodeIgniter\Session\Handlers\FileHandler' driver.
DEBUG - 2025-09-06 02:22:49 --> Session: Class initialized using 'CodeIgniter\Session\Handlers\FileHandler' driver.
DEBUG - 2025-09-06 02:22:54 --> Session: Class initialized using 'CodeIgniter\Session\Handlers\FileHandler' driver.
DEBUG - 2025-09-06 02:26:26 --> Session: Class initialized using 'CodeIgniter\Session\Handlers\FileHandler' driver.
DEBUG - 2025-09-06 02:26:43 --> Session: Class initialized using 'CodeIgniter\Session\Handlers\FileHandler' driver.
DEBUG - 2025-09-06 02:32:12 --> Session: Class initialized using 'CodeIgniter\Session\Handlers\FileHandler' driver.
DEBUG - 2025-09-06 02:32:16 --> Session: Class initialized using 'CodeIgniter\Session\Handlers\FileHandler' driver.
DEBUG - 2025-09-06 02:32:42 --> Session: Class initialized using 'CodeIgniter\Session\Handlers\FileHandler' driver.
DEBUG - 2025-09-06 02:35:08 --> Session: Class initialized using 'CodeIgniter\Session\Handlers\FileHandler' driver.
DEBUG - 2025-09-06 02:35:11 --> Session: Class initialized using 'CodeIgniter\Session\Handlers\FileHandler' driver.
DEBUG - 2025-09-06 02:35:20 --> Session: Class initialized using 'CodeIgniter\Session\Handlers\FileHandler' driver.
DEBUG - 2025-09-06 02:36:00 --> Session: Class initialized using 'CodeIgniter\Session\Handlers\FileHandler' driver.
DEBUG - 2025-09-06 02:36:17 --> Session: Class initialized using 'CodeIgniter\Session\Handlers\FileHandler' driver.
DEBUG - 2025-09-06 02:38:57 --> Session: Class initialized using 'CodeIgniter\Session\Handlers\FileHandler' driver.
DEBUG - 2025-09-06 02:39:11 --> Session: Class initialized using 'CodeIgniter\Session\Handlers\FileHandler' driver.
DEBUG - 2025-09-06 02:40:27 --> Session: Class initialized using 'CodeIgniter\Session\Handlers\FileHandler' driver.
DEBUG - 2025-09-06 02:40:34 --> Session: Class initialized using 'CodeIgniter\Session\Handlers\FileHandler' driver.
DEBUG - 2025-09-06 02:46:11 --> Session: Class initialized using 'CodeIgniter\Session\Handlers\FileHandler' driver.
DEBUG - 2025-09-06 02:46:13 --> Session: Class initialized using 'CodeIgniter\Session\Handlers\FileHandler' driver.
DEBUG - 2025-09-06 02:46:32 --> Session: Class initialized using 'CodeIgniter\Session\Handlers\FileHandler' driver.
DEBUG - 2025-09-06 02:51:00 --> Session: Class initialized using 'CodeIgniter\Session\Handlers\FileHandler' driver.
DEBUG - 2025-09-06 02:51:02 --> Session: Class initialized using 'CodeIgniter\Session\Handlers\FileHandler' driver.
DEBUG - 2025-09-06 02:51:15 --> Session: Class initialized using 'CodeIgniter\Session\Handlers\FileHandler' driver.
DEBUG - 2025-09-06 02:56:16 --> Session: Class initialized using 'CodeIgniter\Session\Handlers\FileHandler' driver.
DEBUG - 2025-09-06 02:56:24 --> Session: Class initialized using 'CodeIgniter\Session\Handlers\FileHandler' driver.
DEBUG - 2025-09-06 02:56:42 --> Session: Class initialized using 'CodeIgniter\Session\Handlers\FileHandler' driver.
DEBUG - 2025-09-06 02:56:44 --> Session: Class initialized using 'CodeIgniter\Session\Handlers\FileHandler' driver.
DEBUG - 2025-09-06 02:56:56 --> Session: Class initialized using 'CodeIgniter\Session\Handlers\FileHandler' driver.
ERROR - 2025-09-06 03:01:25 --> mysqli_sql_exception: Unknown column 'username' in 'field list' in D:\JUL\xampp\htdocs\ITE311-PACIS\system\Database\MySQLi\Connection.php:327
Stack trace:
#0 D:\JUL\xampp\htdocs\ITE311-PACIS\system\Database\MySQLi\Connection.php(327): mysqli->query('INSERT INTO `us...', 0)
#1 D:\JUL\xampp\htdocs\ITE311-PACIS\system\Database\BaseConnection.php(729): CodeIgniter\Database\MySQLi\Connection->execute('INSERT INTO `us...')
#2 D:\JUL\xampp\htdocs\ITE311-PACIS\system\Database\BaseConnection.php(646): CodeIgniter\Database\BaseConnection->simpleQuery('INSERT INTO `us...')
#3 D:\JUL\xampp\htdocs\ITE311-PACIS\system\Database\BaseBuilder.php(1841): CodeIgniter\Database\BaseConnection->query('INSERT INTO `us...', NULL, false)
#4 D:\JUL\xampp\htdocs\ITE311-PACIS\system\Database\BaseBuilder.php(2230): CodeIgniter\Database\BaseBuilder->batchExecute('_insertBatch', 100)
#5 D:\JUL\xampp\htdocs\ITE311-PACIS\app\Database\Seeds\UsersSeeder.php(35): CodeIgniter\Database\BaseBuilder->insertBatch(Array)
#6 D:\JUL\xampp\htdocs\ITE311-PACIS\system\Database\Seeder.php(149): App\Database\Seeds\UsersSeeder->run()
#7 D:\JUL\xampp\htdocs\ITE311-PACIS\system\Commands\Database\Seed.php(79): CodeIgniter\Database\Seeder->call('App\\Database\\Se...')
#8 D:\JUL\xampp\htdocs\ITE311-PACIS\system\CLI\Commands.php(74): CodeIgniter\Commands\Database\Seed->run(Array)
#9 D:\JUL\xampp\htdocs\ITE311-PACIS\system\CLI\Console.php(47): CodeIgniter\CLI\Commands->run('db:seed', Array)
#10 D:\JUL\xampp\htdocs\ITE311-PACIS\system\Boot.php(388): CodeIgniter\CLI\Console->run()
#11 D:\JUL\xampp\htdocs\ITE311-PACIS\system\Boot.php(133): CodeIgniter\Boot::runCommand(Object(CodeIgniter\CLI\Console))
#12 D:\JUL\xampp\htdocs\ITE311-PACIS\spark(87): CodeIgniter\Boot::bootSpark(Object(Config\Paths))
#13 {main}
DEBUG - 2025-09-06 03:03:54 --> Session: Class initialized using 'CodeIgniter\Session\Handlers\FileHandler' driver.
DEBUG - 2025-09-06 03:03:57 --> Session: Class initialized using 'CodeIgniter\Session\Handlers\FileHandler' driver.
DEBUG - 2025-09-06 03:03:59 --> Session: Class initialized using 'CodeIgniter\Session\Handlers\FileHandler' driver.
DEBUG - 2025-09-06 03:04:10 --> Session: Class initialized using 'CodeIgniter\Session\Handlers\FileHandler' driver.
DEBUG - 2025-09-06 03:06:07 --> Session: Class initialized using 'CodeIgniter\Session\Handlers\FileHandler' driver.
DEBUG - 2025-09-06 03:14:09 --> Session: Class initialized using 'CodeIgniter\Session\Handlers\FileHandler' driver.
DEBUG - 2025-09-06 03:14:22 --> Session: Class initialized using 'CodeIgniter\Session\Handlers\FileHandler' driver.
DEBUG - 2025-09-06 03:23:50 --> Session: Class initialized using 'CodeIgniter\Session\Handlers\FileHandler' driver.
DEBUG - 2025-09-06 03:23:59 --> Session: Class initialized using 'CodeIgniter\Session\Handlers\FileHandler' driver.
DEBUG - 2025-09-06 03:31:10 --> Session: Class initialized using 'CodeIgniter\Session\Handlers\FileHandler' driver.
DEBUG - 2025-09-06 03:31:12 --> Session: Class initialized using 'CodeIgniter\Session\Handlers\FileHandler' driver.
DEBUG - 2025-09-06 03:31:27 --> Session: Class initialized using 'CodeIgniter\Session\Handlers\FileHandler' driver.
DEBUG - 2025-09-06 03:31:43 --> Session: Class initialized using 'CodeIgniter\Session\Handlers\FileHandler' driver.
DEBUG - 2025-09-06 03:39:04 --> Session: Class initialized using 'CodeIgniter\Session\Handlers\FileHandler' driver.
DEBUG - 2025-09-06 03:39:16 --> Session: Class initialized using 'CodeIgniter\Session\Handlers\FileHandler' driver.
DEBUG - 2025-09-06 03:40:45 --> Session: Class initialized using 'CodeIgniter\Session\Handlers\FileHandler' driver.
DEBUG - 2025-09-06 03:40:47 --> Session: Class initialized using 'CodeIgniter\Session\Handlers\FileHandler' driver.
DEBUG - 2025-09-06 03:40:58 --> Session: Class initialized using 'CodeIgniter\Session\Handlers\FileHandler' driver.
DEBUG - 2025-09-06 04:02:08 --> Session: Class initialized using 'CodeIgniter\Session\Handlers\FileHandler' driver.
DEBUG - 2025-09-06 04:02:17 --> Session: Class initialized using 'CodeIgniter\Session\Handlers\FileHandler' driver.
ERROR - 2025-09-06 04:07:16 --> mysqli_sql_exception: Duplicate entry 'admin@example.com' for key 'email' in D:\JUL\xampp\htdocs\ITE311-PACIS\system\Database\MySQLi\Connection.php:327
Stack trace:
#0 D:\JUL\xampp\htdocs\ITE311-PACIS\system\Database\MySQLi\Connection.php(327): mysqli->query('INSERT INTO `us...', 0)
#1 D:\JUL\xampp\htdocs\ITE311-PACIS\system\Database\BaseConnection.php(729): CodeIgniter\Database\MySQLi\Connection->execute('INSERT INTO `us...')
#2 D:\JUL\xampp\htdocs\ITE311-PACIS\system\Database\BaseConnection.php(646): CodeIgniter\Database\BaseConnection->simpleQuery('INSERT INTO `us...')
#3 D:\JUL\xampp\htdocs\ITE311-PACIS\system\Database\BaseBuilder.php(1841): CodeIgniter\Database\BaseConnection->query('INSERT INTO `us...', NULL, false)
#4 D:\JUL\xampp\htdocs\ITE311-PACIS\system\Database\BaseBuilder.php(2230): CodeIgniter\Database\BaseBuilder->batchExecute('_insertBatch', 100)
#5 D:\JUL\xampp\htdocs\ITE311-PACIS\app\Database\Seeds\UsersSeeder.php(38): CodeIgniter\Database\BaseBuilder->insertBatch(Array)
#6 D:\JUL\xampp\htdocs\ITE311-PACIS\system\Database\Seeder.php(149): App\Database\Seeds\UsersSeeder->run()
#7 D:\JUL\xampp\htdocs\ITE311-PACIS\system\Commands\Database\Seed.php(79): CodeIgniter\Database\Seeder->call('App\\Database\\Se...')
#8 D:\JUL\xampp\htdocs\ITE311-PACIS\system\CLI\Commands.php(74): CodeIgniter\Commands\Database\Seed->run(Array)
#9 D:\JUL\xampp\htdocs\ITE311-PACIS\system\CLI\Console.php(47): CodeIgniter\CLI\Commands->run('db:seed', Array)
#10 D:\JUL\xampp\htdocs\ITE311-PACIS\system\Boot.php(388): CodeIgniter\CLI\Console->run()
#11 D:\JUL\xampp\htdocs\ITE311-PACIS\system\Boot.php(133): CodeIgniter\Boot::runCommand(Object(CodeIgniter\CLI\Console))
#12 D:\JUL\xampp\htdocs\ITE311-PACIS\spark(87): CodeIgniter\Boot::bootSpark(Object(Config\Paths))
#13 {main}
DEBUG - 2025-09-06 04:08:13 --> Session: Class initialized using 'CodeIgniter\Session\Handlers\FileHandler' driver.
DEBUG - 2025-09-06 04:09:12 --> Session: Class initialized using 'CodeIgniter\Session\Handlers\FileHandler' driver.
DEBUG - 2025-09-06 04:09:55 --> Session: Class initialized using 'CodeIgniter\Session\Handlers\FileHandler' driver.
DEBUG - 2025-09-06 04:10:16 --> Session: Class initialized using 'CodeIgniter\Session\Handlers\FileHandler' driver.
DEBUG - 2025-09-06 04:10:25 --> Session: Class initialized using 'CodeIgniter\Session\Handlers\FileHandler' driver.
DEBUG - 2025-09-06 04:10:36 --> Session: Class initialized using 'CodeIgniter\Session\Handlers\FileHandler' driver.
DEBUG - 2025-09-06 04:10:46 --> Session: Class initialized using 'CodeIgniter\Session\Handlers\FileHandler' driver.
DEBUG - 2025-09-06 04:11:51 --> Session: Class initialized using 'CodeIgniter\Session\Handlers\FileHandler' driver.
DEBUG - 2025-09-06 04:11:59 --> Session: Class initialized using 'CodeIgniter\Session\Handlers\FileHandler' driver.
DEBUG - 2025-09-06 04:12:20 --> Session: Class initialized using 'CodeIgniter\Session\Handlers\FileHandler' driver.
DEBUG - 2025-09-06 04:12:42 --> Session: Class initialized using 'CodeIgniter\Session\Handlers\FileHandler' driver.
DEBUG - 2025-09-06 04:12:55 --> Session: Class initialized using 'CodeIgniter\Session\Handlers\FileHandler' driver.
DEBUG - 2025-09-06 04:13:12 --> Session: Class initialized using 'CodeIgniter\Session\Handlers\FileHandler' driver.
DEBUG - 2025-09-06 04:13:23 --> Session: Class initialized using 'CodeIgniter\Session\Handlers\FileHandler' driver.
DEBUG - 2025-09-06 04:13:45 --> Session: Class initialized using 'CodeIgniter\Session\Handlers\FileHandler' driver.
DEBUG - 2025-09-06 04:14:02 --> Session: Class initialized using 'CodeIgniter\Session\Handlers\FileHandler' driver.
DEBUG - 2025-09-06 04:15:07 --> Session: Class initialized using 'CodeIgniter\Session\Handlers\FileHandler' driver.
DEBUG - 2025-09-06 04:15:26 --> Session: Class initialized using 'CodeIgniter\Session\Handlers\FileHandler' driver.
DEBUG - 2025-09-06 04:15:50 --> Session: Class initialized using 'CodeIgniter\Session\Handlers\FileHandler' driver.
DEBUG - 2025-09-06 04:16:30 --> Session: Class initialized using 'CodeIgniter\Session\Handlers\FileHandler' driver.
DEBUG - 2025-09-06 04:16:40 --> Session: Class initialized using 'CodeIgniter\Session\Handlers\FileHandler' driver.
DEBUG - 2025-09-06 04:17:11 --> Session: Class initialized using 'CodeIgniter\Session\Handlers\FileHandler' driver.
DEBUG - 2025-09-06 04:17:29 --> Session: Class initialized using 'CodeIgniter\Session\Handlers\FileHandler' driver.
DEBUG - 2025-09-06 04:18:03 --> Session: Class initialized using 'CodeIgniter\Session\Handlers\FileHandler' driver.
DEBUG - 2025-09-06 04:18:48 --> Session: Class initialized using 'CodeIgniter\Session\Handlers\FileHandler' driver.
DEBUG - 2025-09-06 04:18:53 --> Session: Class initialized using 'CodeIgniter\Session\Handlers\FileHandler' driver.
DEBUG - 2025-09-06 04:19:38 --> Session: Class initialized using 'CodeIgniter\Session\Handlers\FileHandler' driver.
DEBUG - 2025-09-06 04:19:48 --> Session: Class initialized using 'CodeIgniter\Session\Handlers\FileHandler' driver.
DEBUG - 2025-09-06 04:21:53 --> Session: Class initialized using 'CodeIgniter\Session\Handlers\FileHandler' driver.
DEBUG - 2025-09-06 04:22:00 --> Session: Class initialized using 'CodeIgniter\Session\Handlers\FileHandler' driver.
DEBUG - 2025-09-06 04:23:04 --> Session: Class initialized using 'CodeIgniter\Session\Handlers\FileHandler' driver.
DEBUG - 2025-09-06 04:23:08 --> Session: Class initialized using 'CodeIgniter\Session\Handlers\FileHandler' driver.
DEBUG - 2025-09-06 04:23:15 --> Session: Class initialized using 'CodeIgniter\Session\Handlers\FileHandler' driver.
DEBUG - 2025-09-06 04:23:16 --> Session: Class initialized using 'CodeIgniter\Session\Handlers\FileHandler' driver.
DEBUG - 2025-09-06 04:24:23 --> Session: Class initialized using 'CodeIgniter\Session\Handlers\FileHandler' driver.
DEBUG - 2025-09-06 04:26:58 --> Session: Class initialized using 'CodeIgniter\Session\Handlers\FileHandler' driver.
DEBUG - 2025-09-06 04:27:10 --> Session: Class initialized using 'CodeIgniter\Session\Handlers\FileHandler' driver.
DEBUG - 2025-09-06 04:28:14 --> Session: Class initialized using 'CodeIgniter\Session\Handlers\FileHandler' driver.
DEBUG - 2025-09-06 04:28:29 --> Session: Class initialized using 'CodeIgniter\Session\Handlers\FileHandler' driver.
