ERROR - 2025-08-14 03:23:26 --> mysqli_sql_exception: Table 'lms_pacis.users' doesn't exist in D:\JUL\xampp\htdocs\ITE311-PACIS\WebSystem-ITE311-1\WebSystem-ITE311\system\Database\MySQLi\Connection.php:327
Stack trace:
#0 D:\JUL\xampp\htdocs\ITE311-PACIS\WebSystem-ITE311-1\WebSystem-ITE311\system\Database\MySQLi\Connection.php(327): mysqli->query('INSERT INTO `us...', 0)
#1 D:\JUL\xampp\htdocs\ITE311-PACIS\WebSystem-ITE311-1\WebSystem-ITE311\system\Database\BaseConnection.php(729): CodeIgniter\Database\MySQLi\Connection->execute('INSERT INTO `us...')
#2 D:\JUL\xampp\htdocs\ITE311-PACIS\WebSystem-ITE311-1\WebSystem-ITE311\system\Database\BaseConnection.php(646): CodeIgniter\Database\BaseConnection->simpleQuery('INSERT INTO `us...')
#3 D:\JUL\xampp\htdocs\ITE311-PACIS\WebSystem-ITE311-1\WebSystem-ITE311\system\Database\BaseBuilder.php(1841): CodeIgniter\Database\BaseConnection->query('INSERT INTO `us...', NULL, false)
#4 D:\JUL\xampp\htdocs\ITE311-PACIS\WebSystem-ITE311-1\WebSystem-ITE311\system\Database\BaseBuilder.php(2230): CodeIgniter\Database\BaseBuilder->batchExecute('_insertBatch', 100)
#5 D:\JUL\xampp\htdocs\ITE311-PACIS\WebSystem-ITE311-1\WebSystem-ITE311\app\Database\Seeds\UserSeeder.php(32): CodeIgniter\Database\BaseBuilder->insertBatch(Array)
#6 D:\JUL\xampp\htdocs\ITE311-PACIS\WebSystem-ITE311-1\WebSystem-ITE311\system\Database\Seeder.php(149): App\Database\Seeds\UserSeeder->run()
#7 D:\JUL\xampp\htdocs\ITE311-PACIS\WebSystem-ITE311-1\WebSystem-ITE311\system\Commands\Database\Seed.php(79): CodeIgniter\Database\Seeder->call('App\\Database\\Se...')
#8 D:\JUL\xampp\htdocs\ITE311-PACIS\WebSystem-ITE311-1\WebSystem-ITE311\system\CLI\Commands.php(74): CodeIgniter\Commands\Database\Seed->run(Array)
#9 D:\JUL\xampp\htdocs\ITE311-PACIS\WebSystem-ITE311-1\WebSystem-ITE311\system\CLI\Console.php(47): CodeIgniter\CLI\Commands->run('db:seed', Array)
#10 D:\JUL\xampp\htdocs\ITE311-PACIS\WebSystem-ITE311-1\WebSystem-ITE311\system\Boot.php(388): CodeIgniter\CLI\Console->run()
#11 D:\JUL\xampp\htdocs\ITE311-PACIS\WebSystem-ITE311-1\WebSystem-ITE311\system\Boot.php(133): CodeIgniter\Boot::runCommand(Object(CodeIgniter\CLI\Console))
#12 D:\JUL\xampp\htdocs\ITE311-PACIS\WebSystem-ITE311-1\WebSystem-ITE311\spark(87): CodeIgniter\Boot::bootSpark(Object(Config\Paths))
#13 {main}
ERROR - 2025-08-14 04:17:24 --> mysqli_sql_exception: Table 'lms_pacis.users' doesn't exist in D:\JUL\xampp\htdocs\ITE311-PACIS\WebSystem-ITE311-1\WebSystem-ITE311\system\Database\MySQLi\Connection.php:327
Stack trace:
#0 D:\JUL\xampp\htdocs\ITE311-PACIS\WebSystem-ITE311-1\WebSystem-ITE311\system\Database\MySQLi\Connection.php(327): mysqli->query('INSERT INTO `us...', 0)
#1 D:\JUL\xampp\htdocs\ITE311-PACIS\WebSystem-ITE311-1\WebSystem-ITE311\system\Database\BaseConnection.php(729): CodeIgniter\Database\MySQLi\Connection->execute('INSERT INTO `us...')
#2 D:\JUL\xampp\htdocs\ITE311-PACIS\WebSystem-ITE311-1\WebSystem-ITE311\system\Database\BaseConnection.php(646): CodeIgniter\Database\BaseConnection->simpleQuery('INSERT INTO `us...')
#3 D:\JUL\xampp\htdocs\ITE311-PACIS\WebSystem-ITE311-1\WebSystem-ITE311\system\Database\BaseBuilder.php(1841): CodeIgniter\Database\BaseConnection->query('INSERT INTO `us...', NULL, false)
#4 D:\JUL\xampp\htdocs\ITE311-PACIS\WebSystem-ITE311-1\WebSystem-ITE311\system\Database\BaseBuilder.php(2230): CodeIgniter\Database\BaseBuilder->batchExecute('_insertBatch', 100)
#5 D:\JUL\xampp\htdocs\ITE311-PACIS\WebSystem-ITE311-1\WebSystem-ITE311\app\Database\Seeds\UserSeeder.php(32): CodeIgniter\Database\BaseBuilder->insertBatch(Array)
#6 D:\JUL\xampp\htdocs\ITE311-PACIS\WebSystem-ITE311-1\WebSystem-ITE311\system\Database\Seeder.php(149): App\Database\Seeds\UserSeeder->run()
#7 D:\JUL\xampp\htdocs\ITE311-PACIS\WebSystem-ITE311-1\WebSystem-ITE311\system\Commands\Database\Seed.php(79): CodeIgniter\Database\Seeder->call('App\\Database\\Se...')
#8 D:\JUL\xampp\htdocs\ITE311-PACIS\WebSystem-ITE311-1\WebSystem-ITE311\system\CLI\Commands.php(74): CodeIgniter\Commands\Database\Seed->run(Array)
#9 D:\JUL\xampp\htdocs\ITE311-PACIS\WebSystem-ITE311-1\WebSystem-ITE311\system\CLI\Console.php(47): CodeIgniter\CLI\Commands->run('db:seed', Array)
#10 D:\JUL\xampp\htdocs\ITE311-PACIS\WebSystem-ITE311-1\WebSystem-ITE311\system\Boot.php(388): CodeIgniter\CLI\Console->run()
#11 D:\JUL\xampp\htdocs\ITE311-PACIS\WebSystem-ITE311-1\WebSystem-ITE311\system\Boot.php(133): CodeIgniter\Boot::runCommand(Object(CodeIgniter\CLI\Console))
#12 D:\JUL\xampp\htdocs\ITE311-PACIS\WebSystem-ITE311-1\WebSystem-ITE311\spark(87): CodeIgniter\Boot::bootSpark(Object(Config\Paths))
#13 {main}
