ERROR - 2025-09-25 04:30:27 --> mysqli_sql_exception: Invalid default value for 'role' in D:\JUL\xampp\htdocs\ITE311-PACIS\system\Database\MySQLi\Connection.php:327
Stack trace:
#0 D:\JUL\xampp\htdocs\ITE311-PACIS\system\Database\MySQLi\Connection.php(327): mysqli->query('CREATE TABLE `u...', 0)
#1 D:\JUL\xampp\htdocs\ITE311-PACIS\system\Database\BaseConnection.php(729): CodeIgniter\Database\MySQLi\Connection->execute('CREATE TABLE `u...')
#2 D:\JUL\xampp\htdocs\ITE311-PACIS\system\Database\BaseConnection.php(646): CodeIgniter\Database\BaseConnection->simpleQuery('CREATE TABLE `u...')
#3 D:\JUL\xampp\htdocs\ITE311-PACIS\system\Database\Forge.php(570): CodeIgniter\Database\BaseConnection->query('CREATE TABLE `u...')
#4 D:\JUL\xampp\htdocs\ITE311-PACIS\app\Database\Migrations\20250814060603_CreateUsersTable.php(46): CodeIgniter\Database\Forge->createTable('users', true)
#5 D:\JUL\xampp\htdocs\ITE311-PACIS\system\Database\MigrationRunner.php(876): App\Database\Migrations\CreateUsersTable->up()
#6 D:\JUL\xampp\htdocs\ITE311-PACIS\system\Database\MigrationRunner.php(182): CodeIgniter\Database\MigrationRunner->migrate('up', Object(stdClass))
#7 D:\JUL\xampp\htdocs\ITE311-PACIS\system\Commands\Database\Migrate.php(85): CodeIgniter\Database\MigrationRunner->latest(NULL)
#8 D:\JUL\xampp\htdocs\ITE311-PACIS\system\CLI\Commands.php(74): CodeIgniter\Commands\Database\Migrate->run(Array)
#9 D:\JUL\xampp\htdocs\ITE311-PACIS\system\CLI\Console.php(47): CodeIgniter\CLI\Commands->run('migrate', Array)
#10 D:\JUL\xampp\htdocs\ITE311-PACIS\system\Boot.php(388): CodeIgniter\CLI\Console->run()
#11 D:\JUL\xampp\htdocs\ITE311-PACIS\system\Boot.php(133): CodeIgniter\Boot::runCommand(Object(CodeIgniter\CLI\Console))
#12 D:\JUL\xampp\htdocs\ITE311-PACIS\spark(87): CodeIgniter\Boot::bootSpark(Object(Config\Paths))
#13 {main}
ERROR - 2025-09-25 04:30:27 --> mysqli_sql_exception: Can't create table `lms_pacis`.`courses` (errno: 150 "Foreign key constraint is incorrectly formed") in D:\JUL\xampp\htdocs\ITE311-PACIS\system\Database\MySQLi\Connection.php:327
Stack trace:
#0 D:\JUL\xampp\htdocs\ITE311-PACIS\system\Database\MySQLi\Connection.php(327): mysqli->query('CREATE TABLE `c...', 0)
#1 D:\JUL\xampp\htdocs\ITE311-PACIS\system\Database\BaseConnection.php(729): CodeIgniter\Database\MySQLi\Connection->execute('CREATE TABLE `c...')
#2 D:\JUL\xampp\htdocs\ITE311-PACIS\system\Database\BaseConnection.php(646): CodeIgniter\Database\BaseConnection->simpleQuery('CREATE TABLE `c...')
#3 D:\JUL\xampp\htdocs\ITE311-PACIS\system\Database\Forge.php(570): CodeIgniter\Database\BaseConnection->query('CREATE TABLE `c...')
#4 D:\JUL\xampp\htdocs\ITE311-PACIS\app\Database\Migrations\20250814060648_CreateCoursesTable.php(31): CodeIgniter\Database\Forge->createTable('courses', true, Array)
#5 D:\JUL\xampp\htdocs\ITE311-PACIS\system\Database\MigrationRunner.php(876): App\Database\Migrations\CreateCoursesTable->up()
#6 D:\JUL\xampp\htdocs\ITE311-PACIS\system\Database\MigrationRunner.php(182): CodeIgniter\Database\MigrationRunner->migrate('up', Object(stdClass))
#7 D:\JUL\xampp\htdocs\ITE311-PACIS\system\Commands\Database\Migrate.php(85): CodeIgniter\Database\MigrationRunner->latest(NULL)
#8 D:\JUL\xampp\htdocs\ITE311-PACIS\system\CLI\Commands.php(74): CodeIgniter\Commands\Database\Migrate->run(Array)
#9 D:\JUL\xampp\htdocs\ITE311-PACIS\system\CLI\Console.php(47): CodeIgniter\CLI\Commands->run('migrate', Array)
#10 D:\JUL\xampp\htdocs\ITE311-PACIS\system\Boot.php(388): CodeIgniter\CLI\Console->run()
#11 D:\JUL\xampp\htdocs\ITE311-PACIS\system\Boot.php(133): CodeIgniter\Boot::runCommand(Object(CodeIgniter\CLI\Console))
#12 D:\JUL\xampp\htdocs\ITE311-PACIS\spark(87): CodeIgniter\Boot::bootSpark(Object(Config\Paths))
#13 {main}
ERROR - 2025-09-25 04:30:27 --> mysqli_sql_exception: Can't create table `lms_pacis`.`enrollments` (errno: 150 "Foreign key constraint is incorrectly formed") in D:\JUL\xampp\htdocs\ITE311-PACIS\system\Database\MySQLi\Connection.php:327
Stack trace:
#0 D:\JUL\xampp\htdocs\ITE311-PACIS\system\Database\MySQLi\Connection.php(327): mysqli->query('CREATE TABLE `e...', 0)
#1 D:\JUL\xampp\htdocs\ITE311-PACIS\system\Database\BaseConnection.php(729): CodeIgniter\Database\MySQLi\Connection->execute('CREATE TABLE `e...')
#2 D:\JUL\xampp\htdocs\ITE311-PACIS\system\Database\BaseConnection.php(646): CodeIgniter\Database\BaseConnection->simpleQuery('CREATE TABLE `e...')
#3 D:\JUL\xampp\htdocs\ITE311-PACIS\system\Database\Forge.php(570): CodeIgniter\Database\BaseConnection->query('CREATE TABLE `e...')
#4 D:\JUL\xampp\htdocs\ITE311-PACIS\app\Database\Migrations\20250814060712_CreateEnrollmentsTable.php(34): CodeIgniter\Database\Forge->createTable('enrollments', true, Array)
#5 D:\JUL\xampp\htdocs\ITE311-PACIS\system\Database\MigrationRunner.php(876): App\Database\Migrations\CreateEnrollmentsTable->up()
#6 D:\JUL\xampp\htdocs\ITE311-PACIS\system\Database\MigrationRunner.php(182): CodeIgniter\Database\MigrationRunner->migrate('up', Object(stdClass))
#7 D:\JUL\xampp\htdocs\ITE311-PACIS\system\Commands\Database\Migrate.php(85): CodeIgniter\Database\MigrationRunner->latest(NULL)
#8 D:\JUL\xampp\htdocs\ITE311-PACIS\system\CLI\Commands.php(74): CodeIgniter\Commands\Database\Migrate->run(Array)
#9 D:\JUL\xampp\htdocs\ITE311-PACIS\system\CLI\Console.php(47): CodeIgniter\CLI\Commands->run('migrate', Array)
#10 D:\JUL\xampp\htdocs\ITE311-PACIS\system\Boot.php(388): CodeIgniter\CLI\Console->run()
#11 D:\JUL\xampp\htdocs\ITE311-PACIS\system\Boot.php(133): CodeIgniter\Boot::runCommand(Object(CodeIgniter\CLI\Console))
#12 D:\JUL\xampp\htdocs\ITE311-PACIS\spark(87): CodeIgniter\Boot::bootSpark(Object(Config\Paths))
#13 {main}
ERROR - 2025-09-25 04:30:27 --> mysqli_sql_exception: Can't create table `lms_pacis`.`lessons` (errno: 150 "Foreign key constraint is incorrectly formed") in D:\JUL\xampp\htdocs\ITE311-PACIS\system\Database\MySQLi\Connection.php:327
Stack trace:
#0 D:\JUL\xampp\htdocs\ITE311-PACIS\system\Database\MySQLi\Connection.php(327): mysqli->query('CREATE TABLE `l...', 0)
#1 D:\JUL\xampp\htdocs\ITE311-PACIS\system\Database\BaseConnection.php(729): CodeIgniter\Database\MySQLi\Connection->execute('CREATE TABLE `l...')
#2 D:\JUL\xampp\htdocs\ITE311-PACIS\system\Database\BaseConnection.php(646): CodeIgniter\Database\BaseConnection->simpleQuery('CREATE TABLE `l...')
#3 D:\JUL\xampp\htdocs\ITE311-PACIS\system\Database\Forge.php(570): CodeIgniter\Database\BaseConnection->query('CREATE TABLE `l...')
#4 D:\JUL\xampp\htdocs\ITE311-PACIS\app\Database\Migrations\20250814060725_CreateLessonsTable.php(31): CodeIgniter\Database\Forge->createTable('lessons', true, Array)
#5 D:\JUL\xampp\htdocs\ITE311-PACIS\system\Database\MigrationRunner.php(876): App\Database\Migrations\CreateLessonsTable->up()
#6 D:\JUL\xampp\htdocs\ITE311-PACIS\system\Database\MigrationRunner.php(182): CodeIgniter\Database\MigrationRunner->migrate('up', Object(stdClass))
#7 D:\JUL\xampp\htdocs\ITE311-PACIS\system\Commands\Database\Migrate.php(85): CodeIgniter\Database\MigrationRunner->latest(NULL)
#8 D:\JUL\xampp\htdocs\ITE311-PACIS\system\CLI\Commands.php(74): CodeIgniter\Commands\Database\Migrate->run(Array)
#9 D:\JUL\xampp\htdocs\ITE311-PACIS\system\CLI\Console.php(47): CodeIgniter\CLI\Commands->run('migrate', Array)
#10 D:\JUL\xampp\htdocs\ITE311-PACIS\system\Boot.php(388): CodeIgniter\CLI\Console->run()
#11 D:\JUL\xampp\htdocs\ITE311-PACIS\system\Boot.php(133): CodeIgniter\Boot::runCommand(Object(CodeIgniter\CLI\Console))
#12 D:\JUL\xampp\htdocs\ITE311-PACIS\spark(87): CodeIgniter\Boot::bootSpark(Object(Config\Paths))
#13 {main}
ERROR - 2025-09-25 04:30:28 --> mysqli_sql_exception: Can't create table `lms_pacis`.`quizzes` (errno: 150 "Foreign key constraint is incorrectly formed") in D:\JUL\xampp\htdocs\ITE311-PACIS\system\Database\MySQLi\Connection.php:327
Stack trace:
#0 D:\JUL\xampp\htdocs\ITE311-PACIS\system\Database\MySQLi\Connection.php(327): mysqli->query('CREATE TABLE `q...', 0)
#1 D:\JUL\xampp\htdocs\ITE311-PACIS\system\Database\BaseConnection.php(729): CodeIgniter\Database\MySQLi\Connection->execute('CREATE TABLE `q...')
#2 D:\JUL\xampp\htdocs\ITE311-PACIS\system\Database\BaseConnection.php(646): CodeIgniter\Database\BaseConnection->simpleQuery('CREATE TABLE `q...')
#3 D:\JUL\xampp\htdocs\ITE311-PACIS\system\Database\Forge.php(570): CodeIgniter\Database\BaseConnection->query('CREATE TABLE `q...')
#4 D:\JUL\xampp\htdocs\ITE311-PACIS\app\Database\Migrations\20250814060744_CreateQuizzesTable.php(30): CodeIgniter\Database\Forge->createTable('quizzes', true, Array)
#5 D:\JUL\xampp\htdocs\ITE311-PACIS\system\Database\MigrationRunner.php(876): App\Database\Migrations\CreateQuizzesTable->up()
#6 D:\JUL\xampp\htdocs\ITE311-PACIS\system\Database\MigrationRunner.php(182): CodeIgniter\Database\MigrationRunner->migrate('up', Object(stdClass))
#7 D:\JUL\xampp\htdocs\ITE311-PACIS\system\Commands\Database\Migrate.php(85): CodeIgniter\Database\MigrationRunner->latest(NULL)
#8 D:\JUL\xampp\htdocs\ITE311-PACIS\system\CLI\Commands.php(74): CodeIgniter\Commands\Database\Migrate->run(Array)
#9 D:\JUL\xampp\htdocs\ITE311-PACIS\system\CLI\Console.php(47): CodeIgniter\CLI\Commands->run('migrate', Array)
#10 D:\JUL\xampp\htdocs\ITE311-PACIS\system\Boot.php(388): CodeIgniter\CLI\Console->run()
#11 D:\JUL\xampp\htdocs\ITE311-PACIS\system\Boot.php(133): CodeIgniter\Boot::runCommand(Object(CodeIgniter\CLI\Console))
#12 D:\JUL\xampp\htdocs\ITE311-PACIS\spark(87): CodeIgniter\Boot::bootSpark(Object(Config\Paths))
#13 {main}
ERROR - 2025-09-25 04:30:28 --> mysqli_sql_exception: Can't create table `lms_pacis`.`submissions` (errno: 150 "Foreign key constraint is incorrectly formed") in D:\JUL\xampp\htdocs\ITE311-PACIS\system\Database\MySQLi\Connection.php:327
Stack trace:
#0 D:\JUL\xampp\htdocs\ITE311-PACIS\system\Database\MySQLi\Connection.php(327): mysqli->query('CREATE TABLE `s...', 0)
#1 D:\JUL\xampp\htdocs\ITE311-PACIS\system\Database\BaseConnection.php(729): CodeIgniter\Database\MySQLi\Connection->execute('CREATE TABLE `s...')
#2 D:\JUL\xampp\htdocs\ITE311-PACIS\system\Database\BaseConnection.php(646): CodeIgniter\Database\BaseConnection->simpleQuery('CREATE TABLE `s...')
#3 D:\JUL\xampp\htdocs\ITE311-PACIS\system\Database\Forge.php(570): CodeIgniter\Database\BaseConnection->query('CREATE TABLE `s...')
#4 D:\JUL\xampp\htdocs\ITE311-PACIS\app\Database\Migrations\20250814060803_CreateSubmissionsTable.php(36): CodeIgniter\Database\Forge->createTable('submissions', true, Array)
#5 D:\JUL\xampp\htdocs\ITE311-PACIS\system\Database\MigrationRunner.php(876): App\Database\Migrations\CreateSubmissionsTable->up()
#6 D:\JUL\xampp\htdocs\ITE311-PACIS\system\Database\MigrationRunner.php(182): CodeIgniter\Database\MigrationRunner->migrate('up', Object(stdClass))
#7 D:\JUL\xampp\htdocs\ITE311-PACIS\system\Commands\Database\Migrate.php(85): CodeIgniter\Database\MigrationRunner->latest(NULL)
#8 D:\JUL\xampp\htdocs\ITE311-PACIS\system\CLI\Commands.php(74): CodeIgniter\Commands\Database\Migrate->run(Array)
#9 D:\JUL\xampp\htdocs\ITE311-PACIS\system\CLI\Console.php(47): CodeIgniter\CLI\Commands->run('migrate', Array)
#10 D:\JUL\xampp\htdocs\ITE311-PACIS\system\Boot.php(388): CodeIgniter\CLI\Console->run()
#11 D:\JUL\xampp\htdocs\ITE311-PACIS\system\Boot.php(133): CodeIgniter\Boot::runCommand(Object(CodeIgniter\CLI\Console))
#12 D:\JUL\xampp\htdocs\ITE311-PACIS\spark(87): CodeIgniter\Boot::bootSpark(Object(Config\Paths))
#13 {main}
ERROR - 2025-09-25 04:33:29 --> mysqli_sql_exception: Invalid default value for 'role' in D:\JUL\xampp\htdocs\ITE311-PACIS\system\Database\MySQLi\Connection.php:327
Stack trace:
#0 D:\JUL\xampp\htdocs\ITE311-PACIS\system\Database\MySQLi\Connection.php(327): mysqli->query('CREATE TABLE `u...', 0)
#1 D:\JUL\xampp\htdocs\ITE311-PACIS\system\Database\BaseConnection.php(729): CodeIgniter\Database\MySQLi\Connection->execute('CREATE TABLE `u...')
#2 D:\JUL\xampp\htdocs\ITE311-PACIS\system\Database\BaseConnection.php(646): CodeIgniter\Database\BaseConnection->simpleQuery('CREATE TABLE `u...')
#3 D:\JUL\xampp\htdocs\ITE311-PACIS\system\Database\Forge.php(570): CodeIgniter\Database\BaseConnection->query('CREATE TABLE `u...')
#4 D:\JUL\xampp\htdocs\ITE311-PACIS\app\Database\Migrations\20250814060603_CreateUsersTable.php(46): CodeIgniter\Database\Forge->createTable('users', true)
#5 D:\JUL\xampp\htdocs\ITE311-PACIS\system\Database\MigrationRunner.php(876): App\Database\Migrations\CreateUsersTable->up()
#6 D:\JUL\xampp\htdocs\ITE311-PACIS\system\Database\MigrationRunner.php(182): CodeIgniter\Database\MigrationRunner->migrate('up', Object(stdClass))
#7 D:\JUL\xampp\htdocs\ITE311-PACIS\system\Commands\Database\Migrate.php(85): CodeIgniter\Database\MigrationRunner->latest(NULL)
#8 D:\JUL\xampp\htdocs\ITE311-PACIS\system\CLI\Commands.php(74): CodeIgniter\Commands\Database\Migrate->run(Array)
#9 D:\JUL\xampp\htdocs\ITE311-PACIS\system\CLI\Console.php(47): CodeIgniter\CLI\Commands->run('migrate', Array)
#10 D:\JUL\xampp\htdocs\ITE311-PACIS\system\Boot.php(388): CodeIgniter\CLI\Console->run()
#11 D:\JUL\xampp\htdocs\ITE311-PACIS\system\Boot.php(133): CodeIgniter\Boot::runCommand(Object(CodeIgniter\CLI\Console))
#12 D:\JUL\xampp\htdocs\ITE311-PACIS\spark(87): CodeIgniter\Boot::bootSpark(Object(Config\Paths))
#13 {main}
ERROR - 2025-09-25 04:33:29 --> mysqli_sql_exception: Can't create table `lms_pacis`.`courses` (errno: 150 "Foreign key constraint is incorrectly formed") in D:\JUL\xampp\htdocs\ITE311-PACIS\system\Database\MySQLi\Connection.php:327
Stack trace:
#0 D:\JUL\xampp\htdocs\ITE311-PACIS\system\Database\MySQLi\Connection.php(327): mysqli->query('CREATE TABLE `c...', 0)
#1 D:\JUL\xampp\htdocs\ITE311-PACIS\system\Database\BaseConnection.php(729): CodeIgniter\Database\MySQLi\Connection->execute('CREATE TABLE `c...')
#2 D:\JUL\xampp\htdocs\ITE311-PACIS\system\Database\BaseConnection.php(646): CodeIgniter\Database\BaseConnection->simpleQuery('CREATE TABLE `c...')
#3 D:\JUL\xampp\htdocs\ITE311-PACIS\system\Database\Forge.php(570): CodeIgniter\Database\BaseConnection->query('CREATE TABLE `c...')
#4 D:\JUL\xampp\htdocs\ITE311-PACIS\app\Database\Migrations\20250814060648_CreateCoursesTable.php(31): CodeIgniter\Database\Forge->createTable('courses', true, Array)
#5 D:\JUL\xampp\htdocs\ITE311-PACIS\system\Database\MigrationRunner.php(876): App\Database\Migrations\CreateCoursesTable->up()
#6 D:\JUL\xampp\htdocs\ITE311-PACIS\system\Database\MigrationRunner.php(182): CodeIgniter\Database\MigrationRunner->migrate('up', Object(stdClass))
#7 D:\JUL\xampp\htdocs\ITE311-PACIS\system\Commands\Database\Migrate.php(85): CodeIgniter\Database\MigrationRunner->latest(NULL)
#8 D:\JUL\xampp\htdocs\ITE311-PACIS\system\CLI\Commands.php(74): CodeIgniter\Commands\Database\Migrate->run(Array)
#9 D:\JUL\xampp\htdocs\ITE311-PACIS\system\CLI\Console.php(47): CodeIgniter\CLI\Commands->run('migrate', Array)
#10 D:\JUL\xampp\htdocs\ITE311-PACIS\system\Boot.php(388): CodeIgniter\CLI\Console->run()
#11 D:\JUL\xampp\htdocs\ITE311-PACIS\system\Boot.php(133): CodeIgniter\Boot::runCommand(Object(CodeIgniter\CLI\Console))
#12 D:\JUL\xampp\htdocs\ITE311-PACIS\spark(87): CodeIgniter\Boot::bootSpark(Object(Config\Paths))
#13 {main}
ERROR - 2025-09-25 04:33:29 --> mysqli_sql_exception: Can't create table `lms_pacis`.`enrollments` (errno: 150 "Foreign key constraint is incorrectly formed") in D:\JUL\xampp\htdocs\ITE311-PACIS\system\Database\MySQLi\Connection.php:327
Stack trace:
#0 D:\JUL\xampp\htdocs\ITE311-PACIS\system\Database\MySQLi\Connection.php(327): mysqli->query('CREATE TABLE `e...', 0)
#1 D:\JUL\xampp\htdocs\ITE311-PACIS\system\Database\BaseConnection.php(729): CodeIgniter\Database\MySQLi\Connection->execute('CREATE TABLE `e...')
#2 D:\JUL\xampp\htdocs\ITE311-PACIS\system\Database\BaseConnection.php(646): CodeIgniter\Database\BaseConnection->simpleQuery('CREATE TABLE `e...')
#3 D:\JUL\xampp\htdocs\ITE311-PACIS\system\Database\Forge.php(570): CodeIgniter\Database\BaseConnection->query('CREATE TABLE `e...')
#4 D:\JUL\xampp\htdocs\ITE311-PACIS\app\Database\Migrations\20250814060712_CreateEnrollmentsTable.php(34): CodeIgniter\Database\Forge->createTable('enrollments', true, Array)
#5 D:\JUL\xampp\htdocs\ITE311-PACIS\system\Database\MigrationRunner.php(876): App\Database\Migrations\CreateEnrollmentsTable->up()
#6 D:\JUL\xampp\htdocs\ITE311-PACIS\system\Database\MigrationRunner.php(182): CodeIgniter\Database\MigrationRunner->migrate('up', Object(stdClass))
#7 D:\JUL\xampp\htdocs\ITE311-PACIS\system\Commands\Database\Migrate.php(85): CodeIgniter\Database\MigrationRunner->latest(NULL)
#8 D:\JUL\xampp\htdocs\ITE311-PACIS\system\CLI\Commands.php(74): CodeIgniter\Commands\Database\Migrate->run(Array)
#9 D:\JUL\xampp\htdocs\ITE311-PACIS\system\CLI\Console.php(47): CodeIgniter\CLI\Commands->run('migrate', Array)
#10 D:\JUL\xampp\htdocs\ITE311-PACIS\system\Boot.php(388): CodeIgniter\CLI\Console->run()
#11 D:\JUL\xampp\htdocs\ITE311-PACIS\system\Boot.php(133): CodeIgniter\Boot::runCommand(Object(CodeIgniter\CLI\Console))
#12 D:\JUL\xampp\htdocs\ITE311-PACIS\spark(87): CodeIgniter\Boot::bootSpark(Object(Config\Paths))
#13 {main}
ERROR - 2025-09-25 04:33:30 --> mysqli_sql_exception: Can't create table `lms_pacis`.`lessons` (errno: 150 "Foreign key constraint is incorrectly formed") in D:\JUL\xampp\htdocs\ITE311-PACIS\system\Database\MySQLi\Connection.php:327
Stack trace:
#0 D:\JUL\xampp\htdocs\ITE311-PACIS\system\Database\MySQLi\Connection.php(327): mysqli->query('CREATE TABLE `l...', 0)
#1 D:\JUL\xampp\htdocs\ITE311-PACIS\system\Database\BaseConnection.php(729): CodeIgniter\Database\MySQLi\Connection->execute('CREATE TABLE `l...')
#2 D:\JUL\xampp\htdocs\ITE311-PACIS\system\Database\BaseConnection.php(646): CodeIgniter\Database\BaseConnection->simpleQuery('CREATE TABLE `l...')
#3 D:\JUL\xampp\htdocs\ITE311-PACIS\system\Database\Forge.php(570): CodeIgniter\Database\BaseConnection->query('CREATE TABLE `l...')
#4 D:\JUL\xampp\htdocs\ITE311-PACIS\app\Database\Migrations\20250814060725_CreateLessonsTable.php(31): CodeIgniter\Database\Forge->createTable('lessons', true, Array)
#5 D:\JUL\xampp\htdocs\ITE311-PACIS\system\Database\MigrationRunner.php(876): App\Database\Migrations\CreateLessonsTable->up()
#6 D:\JUL\xampp\htdocs\ITE311-PACIS\system\Database\MigrationRunner.php(182): CodeIgniter\Database\MigrationRunner->migrate('up', Object(stdClass))
#7 D:\JUL\xampp\htdocs\ITE311-PACIS\system\Commands\Database\Migrate.php(85): CodeIgniter\Database\MigrationRunner->latest(NULL)
#8 D:\JUL\xampp\htdocs\ITE311-PACIS\system\CLI\Commands.php(74): CodeIgniter\Commands\Database\Migrate->run(Array)
#9 D:\JUL\xampp\htdocs\ITE311-PACIS\system\CLI\Console.php(47): CodeIgniter\CLI\Commands->run('migrate', Array)
#10 D:\JUL\xampp\htdocs\ITE311-PACIS\system\Boot.php(388): CodeIgniter\CLI\Console->run()
#11 D:\JUL\xampp\htdocs\ITE311-PACIS\system\Boot.php(133): CodeIgniter\Boot::runCommand(Object(CodeIgniter\CLI\Console))
#12 D:\JUL\xampp\htdocs\ITE311-PACIS\spark(87): CodeIgniter\Boot::bootSpark(Object(Config\Paths))
#13 {main}
ERROR - 2025-09-25 04:33:30 --> mysqli_sql_exception: Can't create table `lms_pacis`.`quizzes` (errno: 150 "Foreign key constraint is incorrectly formed") in D:\JUL\xampp\htdocs\ITE311-PACIS\system\Database\MySQLi\Connection.php:327
Stack trace:
#0 D:\JUL\xampp\htdocs\ITE311-PACIS\system\Database\MySQLi\Connection.php(327): mysqli->query('CREATE TABLE `q...', 0)
#1 D:\JUL\xampp\htdocs\ITE311-PACIS\system\Database\BaseConnection.php(729): CodeIgniter\Database\MySQLi\Connection->execute('CREATE TABLE `q...')
#2 D:\JUL\xampp\htdocs\ITE311-PACIS\system\Database\BaseConnection.php(646): CodeIgniter\Database\BaseConnection->simpleQuery('CREATE TABLE `q...')
#3 D:\JUL\xampp\htdocs\ITE311-PACIS\system\Database\Forge.php(570): CodeIgniter\Database\BaseConnection->query('CREATE TABLE `q...')
#4 D:\JUL\xampp\htdocs\ITE311-PACIS\app\Database\Migrations\20250814060744_CreateQuizzesTable.php(30): CodeIgniter\Database\Forge->createTable('quizzes', true, Array)
#5 D:\JUL\xampp\htdocs\ITE311-PACIS\system\Database\MigrationRunner.php(876): App\Database\Migrations\CreateQuizzesTable->up()
#6 D:\JUL\xampp\htdocs\ITE311-PACIS\system\Database\MigrationRunner.php(182): CodeIgniter\Database\MigrationRunner->migrate('up', Object(stdClass))
#7 D:\JUL\xampp\htdocs\ITE311-PACIS\system\Commands\Database\Migrate.php(85): CodeIgniter\Database\MigrationRunner->latest(NULL)
#8 D:\JUL\xampp\htdocs\ITE311-PACIS\system\CLI\Commands.php(74): CodeIgniter\Commands\Database\Migrate->run(Array)
#9 D:\JUL\xampp\htdocs\ITE311-PACIS\system\CLI\Console.php(47): CodeIgniter\CLI\Commands->run('migrate', Array)
#10 D:\JUL\xampp\htdocs\ITE311-PACIS\system\Boot.php(388): CodeIgniter\CLI\Console->run()
#11 D:\JUL\xampp\htdocs\ITE311-PACIS\system\Boot.php(133): CodeIgniter\Boot::runCommand(Object(CodeIgniter\CLI\Console))
#12 D:\JUL\xampp\htdocs\ITE311-PACIS\spark(87): CodeIgniter\Boot::bootSpark(Object(Config\Paths))
#13 {main}
ERROR - 2025-09-25 04:33:30 --> mysqli_sql_exception: Can't create table `lms_pacis`.`submissions` (errno: 150 "Foreign key constraint is incorrectly formed") in D:\JUL\xampp\htdocs\ITE311-PACIS\system\Database\MySQLi\Connection.php:327
Stack trace:
#0 D:\JUL\xampp\htdocs\ITE311-PACIS\system\Database\MySQLi\Connection.php(327): mysqli->query('CREATE TABLE `s...', 0)
#1 D:\JUL\xampp\htdocs\ITE311-PACIS\system\Database\BaseConnection.php(729): CodeIgniter\Database\MySQLi\Connection->execute('CREATE TABLE `s...')
#2 D:\JUL\xampp\htdocs\ITE311-PACIS\system\Database\BaseConnection.php(646): CodeIgniter\Database\BaseConnection->simpleQuery('CREATE TABLE `s...')
#3 D:\JUL\xampp\htdocs\ITE311-PACIS\system\Database\Forge.php(570): CodeIgniter\Database\BaseConnection->query('CREATE TABLE `s...')
#4 D:\JUL\xampp\htdocs\ITE311-PACIS\app\Database\Migrations\20250814060803_CreateSubmissionsTable.php(36): CodeIgniter\Database\Forge->createTable('submissions', true, Array)
#5 D:\JUL\xampp\htdocs\ITE311-PACIS\system\Database\MigrationRunner.php(876): App\Database\Migrations\CreateSubmissionsTable->up()
#6 D:\JUL\xampp\htdocs\ITE311-PACIS\system\Database\MigrationRunner.php(182): CodeIgniter\Database\MigrationRunner->migrate('up', Object(stdClass))
#7 D:\JUL\xampp\htdocs\ITE311-PACIS\system\Commands\Database\Migrate.php(85): CodeIgniter\Database\MigrationRunner->latest(NULL)
#8 D:\JUL\xampp\htdocs\ITE311-PACIS\system\CLI\Commands.php(74): CodeIgniter\Commands\Database\Migrate->run(Array)
#9 D:\JUL\xampp\htdocs\ITE311-PACIS\system\CLI\Console.php(47): CodeIgniter\CLI\Commands->run('migrate', Array)
#10 D:\JUL\xampp\htdocs\ITE311-PACIS\system\Boot.php(388): CodeIgniter\CLI\Console->run()
#11 D:\JUL\xampp\htdocs\ITE311-PACIS\system\Boot.php(133): CodeIgniter\Boot::runCommand(Object(CodeIgniter\CLI\Console))
#12 D:\JUL\xampp\htdocs\ITE311-PACIS\spark(87): CodeIgniter\Boot::bootSpark(Object(Config\Paths))
#13 {main}
ERROR - 2025-09-25 04:35:12 --> mysqli_sql_exception: Invalid default value for 'role' in D:\JUL\xampp\htdocs\ITE311-PACIS\system\Database\MySQLi\Connection.php:327
Stack trace:
#0 D:\JUL\xampp\htdocs\ITE311-PACIS\system\Database\MySQLi\Connection.php(327): mysqli->query('CREATE TABLE `u...', 0)
#1 D:\JUL\xampp\htdocs\ITE311-PACIS\system\Database\BaseConnection.php(729): CodeIgniter\Database\MySQLi\Connection->execute('CREATE TABLE `u...')
#2 D:\JUL\xampp\htdocs\ITE311-PACIS\system\Database\BaseConnection.php(646): CodeIgniter\Database\BaseConnection->simpleQuery('CREATE TABLE `u...')
#3 D:\JUL\xampp\htdocs\ITE311-PACIS\system\Database\Forge.php(570): CodeIgniter\Database\BaseConnection->query('CREATE TABLE `u...')
#4 D:\JUL\xampp\htdocs\ITE311-PACIS\app\Database\Migrations\20250814060603_CreateUsersTable.php(46): CodeIgniter\Database\Forge->createTable('users', true)
#5 D:\JUL\xampp\htdocs\ITE311-PACIS\system\Database\MigrationRunner.php(876): App\Database\Migrations\CreateUsersTable->up()
#6 D:\JUL\xampp\htdocs\ITE311-PACIS\system\Database\MigrationRunner.php(182): CodeIgniter\Database\MigrationRunner->migrate('up', Object(stdClass))
#7 D:\JUL\xampp\htdocs\ITE311-PACIS\system\Commands\Database\Migrate.php(85): CodeIgniter\Database\MigrationRunner->latest(NULL)
#8 D:\JUL\xampp\htdocs\ITE311-PACIS\system\CLI\Commands.php(74): CodeIgniter\Commands\Database\Migrate->run(Array)
#9 D:\JUL\xampp\htdocs\ITE311-PACIS\system\CLI\Console.php(47): CodeIgniter\CLI\Commands->run('migrate', Array)
#10 D:\JUL\xampp\htdocs\ITE311-PACIS\system\Boot.php(388): CodeIgniter\CLI\Console->run()
#11 D:\JUL\xampp\htdocs\ITE311-PACIS\system\Boot.php(133): CodeIgniter\Boot::runCommand(Object(CodeIgniter\CLI\Console))
#12 D:\JUL\xampp\htdocs\ITE311-PACIS\spark(87): CodeIgniter\Boot::bootSpark(Object(Config\Paths))
#13 {main}
ERROR - 2025-09-25 04:35:12 --> mysqli_sql_exception: Can't create table `lms_pacis`.`courses` (errno: 150 "Foreign key constraint is incorrectly formed") in D:\JUL\xampp\htdocs\ITE311-PACIS\system\Database\MySQLi\Connection.php:327
Stack trace:
#0 D:\JUL\xampp\htdocs\ITE311-PACIS\system\Database\MySQLi\Connection.php(327): mysqli->query('CREATE TABLE `c...', 0)
#1 D:\JUL\xampp\htdocs\ITE311-PACIS\system\Database\BaseConnection.php(729): CodeIgniter\Database\MySQLi\Connection->execute('CREATE TABLE `c...')
#2 D:\JUL\xampp\htdocs\ITE311-PACIS\system\Database\BaseConnection.php(646): CodeIgniter\Database\BaseConnection->simpleQuery('CREATE TABLE `c...')
#3 D:\JUL\xampp\htdocs\ITE311-PACIS\system\Database\Forge.php(570): CodeIgniter\Database\BaseConnection->query('CREATE TABLE `c...')
#4 D:\JUL\xampp\htdocs\ITE311-PACIS\app\Database\Migrations\20250814060648_CreateCoursesTable.php(31): CodeIgniter\Database\Forge->createTable('courses', true, Array)
#5 D:\JUL\xampp\htdocs\ITE311-PACIS\system\Database\MigrationRunner.php(876): App\Database\Migrations\CreateCoursesTable->up()
#6 D:\JUL\xampp\htdocs\ITE311-PACIS\system\Database\MigrationRunner.php(182): CodeIgniter\Database\MigrationRunner->migrate('up', Object(stdClass))
#7 D:\JUL\xampp\htdocs\ITE311-PACIS\system\Commands\Database\Migrate.php(85): CodeIgniter\Database\MigrationRunner->latest(NULL)
#8 D:\JUL\xampp\htdocs\ITE311-PACIS\system\CLI\Commands.php(74): CodeIgniter\Commands\Database\Migrate->run(Array)
#9 D:\JUL\xampp\htdocs\ITE311-PACIS\system\CLI\Console.php(47): CodeIgniter\CLI\Commands->run('migrate', Array)
#10 D:\JUL\xampp\htdocs\ITE311-PACIS\system\Boot.php(388): CodeIgniter\CLI\Console->run()
#11 D:\JUL\xampp\htdocs\ITE311-PACIS\system\Boot.php(133): CodeIgniter\Boot::runCommand(Object(CodeIgniter\CLI\Console))
#12 D:\JUL\xampp\htdocs\ITE311-PACIS\spark(87): CodeIgniter\Boot::bootSpark(Object(Config\Paths))
#13 {main}
ERROR - 2025-09-25 04:35:13 --> mysqli_sql_exception: Can't create table `lms_pacis`.`enrollments` (errno: 150 "Foreign key constraint is incorrectly formed") in D:\JUL\xampp\htdocs\ITE311-PACIS\system\Database\MySQLi\Connection.php:327
Stack trace:
#0 D:\JUL\xampp\htdocs\ITE311-PACIS\system\Database\MySQLi\Connection.php(327): mysqli->query('CREATE TABLE `e...', 0)
#1 D:\JUL\xampp\htdocs\ITE311-PACIS\system\Database\BaseConnection.php(729): CodeIgniter\Database\MySQLi\Connection->execute('CREATE TABLE `e...')
#2 D:\JUL\xampp\htdocs\ITE311-PACIS\system\Database\BaseConnection.php(646): CodeIgniter\Database\BaseConnection->simpleQuery('CREATE TABLE `e...')
#3 D:\JUL\xampp\htdocs\ITE311-PACIS\system\Database\Forge.php(570): CodeIgniter\Database\BaseConnection->query('CREATE TABLE `e...')
#4 D:\JUL\xampp\htdocs\ITE311-PACIS\app\Database\Migrations\20250814060712_CreateEnrollmentsTable.php(34): CodeIgniter\Database\Forge->createTable('enrollments', true, Array)
#5 D:\JUL\xampp\htdocs\ITE311-PACIS\system\Database\MigrationRunner.php(876): App\Database\Migrations\CreateEnrollmentsTable->up()
#6 D:\JUL\xampp\htdocs\ITE311-PACIS\system\Database\MigrationRunner.php(182): CodeIgniter\Database\MigrationRunner->migrate('up', Object(stdClass))
#7 D:\JUL\xampp\htdocs\ITE311-PACIS\system\Commands\Database\Migrate.php(85): CodeIgniter\Database\MigrationRunner->latest(NULL)
#8 D:\JUL\xampp\htdocs\ITE311-PACIS\system\CLI\Commands.php(74): CodeIgniter\Commands\Database\Migrate->run(Array)
#9 D:\JUL\xampp\htdocs\ITE311-PACIS\system\CLI\Console.php(47): CodeIgniter\CLI\Commands->run('migrate', Array)
#10 D:\JUL\xampp\htdocs\ITE311-PACIS\system\Boot.php(388): CodeIgniter\CLI\Console->run()
#11 D:\JUL\xampp\htdocs\ITE311-PACIS\system\Boot.php(133): CodeIgniter\Boot::runCommand(Object(CodeIgniter\CLI\Console))
#12 D:\JUL\xampp\htdocs\ITE311-PACIS\spark(87): CodeIgniter\Boot::bootSpark(Object(Config\Paths))
#13 {main}
ERROR - 2025-09-25 04:35:13 --> mysqli_sql_exception: Can't create table `lms_pacis`.`lessons` (errno: 150 "Foreign key constraint is incorrectly formed") in D:\JUL\xampp\htdocs\ITE311-PACIS\system\Database\MySQLi\Connection.php:327
Stack trace:
#0 D:\JUL\xampp\htdocs\ITE311-PACIS\system\Database\MySQLi\Connection.php(327): mysqli->query('CREATE TABLE `l...', 0)
#1 D:\JUL\xampp\htdocs\ITE311-PACIS\system\Database\BaseConnection.php(729): CodeIgniter\Database\MySQLi\Connection->execute('CREATE TABLE `l...')
#2 D:\JUL\xampp\htdocs\ITE311-PACIS\system\Database\BaseConnection.php(646): CodeIgniter\Database\BaseConnection->simpleQuery('CREATE TABLE `l...')
#3 D:\JUL\xampp\htdocs\ITE311-PACIS\system\Database\Forge.php(570): CodeIgniter\Database\BaseConnection->query('CREATE TABLE `l...')
#4 D:\JUL\xampp\htdocs\ITE311-PACIS\app\Database\Migrations\20250814060725_CreateLessonsTable.php(31): CodeIgniter\Database\Forge->createTable('lessons', true, Array)
#5 D:\JUL\xampp\htdocs\ITE311-PACIS\system\Database\MigrationRunner.php(876): App\Database\Migrations\CreateLessonsTable->up()
#6 D:\JUL\xampp\htdocs\ITE311-PACIS\system\Database\MigrationRunner.php(182): CodeIgniter\Database\MigrationRunner->migrate('up', Object(stdClass))
#7 D:\JUL\xampp\htdocs\ITE311-PACIS\system\Commands\Database\Migrate.php(85): CodeIgniter\Database\MigrationRunner->latest(NULL)
#8 D:\JUL\xampp\htdocs\ITE311-PACIS\system\CLI\Commands.php(74): CodeIgniter\Commands\Database\Migrate->run(Array)
#9 D:\JUL\xampp\htdocs\ITE311-PACIS\system\CLI\Console.php(47): CodeIgniter\CLI\Commands->run('migrate', Array)
#10 D:\JUL\xampp\htdocs\ITE311-PACIS\system\Boot.php(388): CodeIgniter\CLI\Console->run()
#11 D:\JUL\xampp\htdocs\ITE311-PACIS\system\Boot.php(133): CodeIgniter\Boot::runCommand(Object(CodeIgniter\CLI\Console))
#12 D:\JUL\xampp\htdocs\ITE311-PACIS\spark(87): CodeIgniter\Boot::bootSpark(Object(Config\Paths))
#13 {main}
ERROR - 2025-09-25 04:35:13 --> mysqli_sql_exception: Can't create table `lms_pacis`.`quizzes` (errno: 150 "Foreign key constraint is incorrectly formed") in D:\JUL\xampp\htdocs\ITE311-PACIS\system\Database\MySQLi\Connection.php:327
Stack trace:
#0 D:\JUL\xampp\htdocs\ITE311-PACIS\system\Database\MySQLi\Connection.php(327): mysqli->query('CREATE TABLE `q...', 0)
#1 D:\JUL\xampp\htdocs\ITE311-PACIS\system\Database\BaseConnection.php(729): CodeIgniter\Database\MySQLi\Connection->execute('CREATE TABLE `q...')
#2 D:\JUL\xampp\htdocs\ITE311-PACIS\system\Database\BaseConnection.php(646): CodeIgniter\Database\BaseConnection->simpleQuery('CREATE TABLE `q...')
#3 D:\JUL\xampp\htdocs\ITE311-PACIS\system\Database\Forge.php(570): CodeIgniter\Database\BaseConnection->query('CREATE TABLE `q...')
#4 D:\JUL\xampp\htdocs\ITE311-PACIS\app\Database\Migrations\20250814060744_CreateQuizzesTable.php(30): CodeIgniter\Database\Forge->createTable('quizzes', true, Array)
#5 D:\JUL\xampp\htdocs\ITE311-PACIS\system\Database\MigrationRunner.php(876): App\Database\Migrations\CreateQuizzesTable->up()
#6 D:\JUL\xampp\htdocs\ITE311-PACIS\system\Database\MigrationRunner.php(182): CodeIgniter\Database\MigrationRunner->migrate('up', Object(stdClass))
#7 D:\JUL\xampp\htdocs\ITE311-PACIS\system\Commands\Database\Migrate.php(85): CodeIgniter\Database\MigrationRunner->latest(NULL)
#8 D:\JUL\xampp\htdocs\ITE311-PACIS\system\CLI\Commands.php(74): CodeIgniter\Commands\Database\Migrate->run(Array)
#9 D:\JUL\xampp\htdocs\ITE311-PACIS\system\CLI\Console.php(47): CodeIgniter\CLI\Commands->run('migrate', Array)
#10 D:\JUL\xampp\htdocs\ITE311-PACIS\system\Boot.php(388): CodeIgniter\CLI\Console->run()
#11 D:\JUL\xampp\htdocs\ITE311-PACIS\system\Boot.php(133): CodeIgniter\Boot::runCommand(Object(CodeIgniter\CLI\Console))
#12 D:\JUL\xampp\htdocs\ITE311-PACIS\spark(87): CodeIgniter\Boot::bootSpark(Object(Config\Paths))
#13 {main}
ERROR - 2025-09-25 04:35:13 --> mysqli_sql_exception: Can't create table `lms_pacis`.`submissions` (errno: 150 "Foreign key constraint is incorrectly formed") in D:\JUL\xampp\htdocs\ITE311-PACIS\system\Database\MySQLi\Connection.php:327
Stack trace:
#0 D:\JUL\xampp\htdocs\ITE311-PACIS\system\Database\MySQLi\Connection.php(327): mysqli->query('CREATE TABLE `s...', 0)
#1 D:\JUL\xampp\htdocs\ITE311-PACIS\system\Database\BaseConnection.php(729): CodeIgniter\Database\MySQLi\Connection->execute('CREATE TABLE `s...')
#2 D:\JUL\xampp\htdocs\ITE311-PACIS\system\Database\BaseConnection.php(646): CodeIgniter\Database\BaseConnection->simpleQuery('CREATE TABLE `s...')
#3 D:\JUL\xampp\htdocs\ITE311-PACIS\system\Database\Forge.php(570): CodeIgniter\Database\BaseConnection->query('CREATE TABLE `s...')
#4 D:\JUL\xampp\htdocs\ITE311-PACIS\app\Database\Migrations\20250814060803_CreateSubmissionsTable.php(36): CodeIgniter\Database\Forge->createTable('submissions', true, Array)
#5 D:\JUL\xampp\htdocs\ITE311-PACIS\system\Database\MigrationRunner.php(876): App\Database\Migrations\CreateSubmissionsTable->up()
#6 D:\JUL\xampp\htdocs\ITE311-PACIS\system\Database\MigrationRunner.php(182): CodeIgniter\Database\MigrationRunner->migrate('up', Object(stdClass))
#7 D:\JUL\xampp\htdocs\ITE311-PACIS\system\Commands\Database\Migrate.php(85): CodeIgniter\Database\MigrationRunner->latest(NULL)
#8 D:\JUL\xampp\htdocs\ITE311-PACIS\system\CLI\Commands.php(74): CodeIgniter\Commands\Database\Migrate->run(Array)
#9 D:\JUL\xampp\htdocs\ITE311-PACIS\system\CLI\Console.php(47): CodeIgniter\CLI\Commands->run('migrate', Array)
#10 D:\JUL\xampp\htdocs\ITE311-PACIS\system\Boot.php(388): CodeIgniter\CLI\Console->run()
#11 D:\JUL\xampp\htdocs\ITE311-PACIS\system\Boot.php(133): CodeIgniter\Boot::runCommand(Object(CodeIgniter\CLI\Console))
#12 D:\JUL\xampp\htdocs\ITE311-PACIS\spark(87): CodeIgniter\Boot::bootSpark(Object(Config\Paths))
#13 {main}
CRITICAL - 2025-09-25 04:44:28 --> CodeIgniter\Validation\Exceptions\ValidationException: "requiered" is not a valid rule.
[Method: POST, Route: register]
in SYSTEMPATH\Validation\Validation.php on line 345.
 1 SYSTEMPATH\Validation\Validation.php(345): CodeIgniter\Validation\Exceptions\ValidationException::forRuleNotFound('requiered')
 2 SYSTEMPATH\Validation\Validation.php(201): CodeIgniter\Validation\Validation->processRules('confirm_password', 'confirm_password', null, [...], [...], 'confirm_password')
 3 SYSTEMPATH\Controller.php(138): CodeIgniter\Validation\Validation->run()
 4 APPPATH\Controllers\Auth.php(20): CodeIgniter\Controller->validate([...])
 5 SYSTEMPATH\CodeIgniter.php(933): App\Controllers\Auth->register()
 6 SYSTEMPATH\CodeIgniter.php(507): CodeIgniter\CodeIgniter->runController(Object(App\Controllers\Auth))
 7 SYSTEMPATH\CodeIgniter.php(354): CodeIgniter\CodeIgniter->handleRequest(null, Object(Config\Cache), false)
 8 SYSTEMPATH\Boot.php(363): CodeIgniter\CodeIgniter->run()
 9 SYSTEMPATH\Boot.php(68): CodeIgniter\Boot::runCodeIgniter(Object(CodeIgniter\CodeIgniter))
10 FCPATH\index.php(60): CodeIgniter\Boot::bootWeb(Object(Config\Paths))
11 SYSTEMPATH\rewrite.php(44): require_once('D:\\JUL\\xampp\\htdocs\\ITE311-PACIS\\index.php')
CRITICAL - 2025-09-25 04:46:00 --> CodeIgniter\Validation\Exceptions\ValidationException: "requiered" is not a valid rule.
[Method: POST, Route: register]
in SYSTEMPATH\Validation\Validation.php on line 345.
 1 SYSTEMPATH\Validation\Validation.php(345): CodeIgniter\Validation\Exceptions\ValidationException::forRuleNotFound('requiered')
 2 SYSTEMPATH\Validation\Validation.php(201): CodeIgniter\Validation\Validation->processRules('confirm_password', 'confirm_password', null, [...], [...], 'confirm_password')
 3 SYSTEMPATH\Controller.php(138): CodeIgniter\Validation\Validation->run()
 4 APPPATH\Controllers\Auth.php(20): CodeIgniter\Controller->validate([...])
 5 SYSTEMPATH\CodeIgniter.php(933): App\Controllers\Auth->register()
 6 SYSTEMPATH\CodeIgniter.php(507): CodeIgniter\CodeIgniter->runController(Object(App\Controllers\Auth))
 7 SYSTEMPATH\CodeIgniter.php(354): CodeIgniter\CodeIgniter->handleRequest(null, Object(Config\Cache), false)
 8 SYSTEMPATH\Boot.php(363): CodeIgniter\CodeIgniter->run()
 9 SYSTEMPATH\Boot.php(68): CodeIgniter\Boot::runCodeIgniter(Object(CodeIgniter\CodeIgniter))
10 FCPATH\index.php(60): CodeIgniter\Boot::bootWeb(Object(Config\Paths))
11 SYSTEMPATH\rewrite.php(44): require_once('D:\\JUL\\xampp\\htdocs\\ITE311-PACIS\\index.php')
CRITICAL - 2025-09-25 04:46:05 --> CodeIgniter\Validation\Exceptions\ValidationException: "requiered" is not a valid rule.
[Method: POST, Route: register]
in SYSTEMPATH\Validation\Validation.php on line 345.
 1 SYSTEMPATH\Validation\Validation.php(345): CodeIgniter\Validation\Exceptions\ValidationException::forRuleNotFound('requiered')
 2 SYSTEMPATH\Validation\Validation.php(201): CodeIgniter\Validation\Validation->processRules('confirm_password', 'confirm_password', null, [...], [...], 'confirm_password')
 3 SYSTEMPATH\Controller.php(138): CodeIgniter\Validation\Validation->run()
 4 APPPATH\Controllers\Auth.php(20): CodeIgniter\Controller->validate([...])
 5 SYSTEMPATH\CodeIgniter.php(933): App\Controllers\Auth->register()
 6 SYSTEMPATH\CodeIgniter.php(507): CodeIgniter\CodeIgniter->runController(Object(App\Controllers\Auth))
 7 SYSTEMPATH\CodeIgniter.php(354): CodeIgniter\CodeIgniter->handleRequest(null, Object(Config\Cache), false)
 8 SYSTEMPATH\Boot.php(363): CodeIgniter\CodeIgniter->run()
 9 SYSTEMPATH\Boot.php(68): CodeIgniter\Boot::runCodeIgniter(Object(CodeIgniter\CodeIgniter))
10 FCPATH\index.php(60): CodeIgniter\Boot::bootWeb(Object(Config\Paths))
11 SYSTEMPATH\rewrite.php(44): require_once('D:\\JUL\\xampp\\htdocs\\ITE311-PACIS\\index.php')
CRITICAL - 2025-09-25 04:46:25 --> CodeIgniter\Validation\Exceptions\ValidationException: "requiered" is not a valid rule.
[Method: POST, Route: register]
in SYSTEMPATH\Validation\Validation.php on line 345.
 1 SYSTEMPATH\Validation\Validation.php(345): CodeIgniter\Validation\Exceptions\ValidationException::forRuleNotFound('requiered')
 2 SYSTEMPATH\Validation\Validation.php(201): CodeIgniter\Validation\Validation->processRules('confirm_password', 'confirm_password', null, [...], [...], 'confirm_password')
 3 SYSTEMPATH\Controller.php(138): CodeIgniter\Validation\Validation->run()
 4 APPPATH\Controllers\Auth.php(20): CodeIgniter\Controller->validate([...])
 5 SYSTEMPATH\CodeIgniter.php(933): App\Controllers\Auth->register()
 6 SYSTEMPATH\CodeIgniter.php(507): CodeIgniter\CodeIgniter->runController(Object(App\Controllers\Auth))
 7 SYSTEMPATH\CodeIgniter.php(354): CodeIgniter\CodeIgniter->handleRequest(null, Object(Config\Cache), false)
 8 SYSTEMPATH\Boot.php(363): CodeIgniter\CodeIgniter->run()
 9 SYSTEMPATH\Boot.php(68): CodeIgniter\Boot::runCodeIgniter(Object(CodeIgniter\CodeIgniter))
10 FCPATH\index.php(60): CodeIgniter\Boot::bootWeb(Object(Config\Paths))
11 SYSTEMPATH\rewrite.php(44): require_once('D:\\JUL\\xampp\\htdocs\\ITE311-PACIS\\index.php')
DEBUG - 2025-09-25 04:48:17 --> Session: Class initialized using 'CodeIgniter\Session\Handlers\FileHandler' driver.
CRITICAL - 2025-09-25 04:48:21 --> CodeIgniter\Validation\Exceptions\ValidationException: "requiered" is not a valid rule.
[Method: POST, Route: register]
in SYSTEMPATH\Validation\Validation.php on line 345.
 1 SYSTEMPATH\Validation\Validation.php(345): CodeIgniter\Validation\Exceptions\ValidationException::forRuleNotFound('requiered')
 2 SYSTEMPATH\Validation\Validation.php(201): CodeIgniter\Validation\Validation->processRules('confirm_password', 'confirm_password', null, [...], [...], 'confirm_password')
 3 SYSTEMPATH\Controller.php(138): CodeIgniter\Validation\Validation->run()
 4 APPPATH\Controllers\Auth.php(20): CodeIgniter\Controller->validate([...])
 5 SYSTEMPATH\CodeIgniter.php(933): App\Controllers\Auth->register()
 6 SYSTEMPATH\CodeIgniter.php(507): CodeIgniter\CodeIgniter->runController(Object(App\Controllers\Auth))
 7 SYSTEMPATH\CodeIgniter.php(354): CodeIgniter\CodeIgniter->handleRequest(null, Object(Config\Cache), false)
 8 SYSTEMPATH\Boot.php(363): CodeIgniter\CodeIgniter->run()
 9 SYSTEMPATH\Boot.php(68): CodeIgniter\Boot::runCodeIgniter(Object(CodeIgniter\CodeIgniter))
10 FCPATH\index.php(60): CodeIgniter\Boot::bootWeb(Object(Config\Paths))
11 SYSTEMPATH\rewrite.php(44): require_once('D:\\JUL\\xampp\\htdocs\\ITE311-PACIS\\index.php')
ERROR - 2025-09-25 04:59:43 --> mysqli_sql_exception: Invalid default value for 'role' in D:\JUL\xampp\htdocs\ITE311-PACIS\system\Database\MySQLi\Connection.php:327
Stack trace:
#0 D:\JUL\xampp\htdocs\ITE311-PACIS\system\Database\MySQLi\Connection.php(327): mysqli->query('CREATE TABLE `u...', 0)
#1 D:\JUL\xampp\htdocs\ITE311-PACIS\system\Database\BaseConnection.php(729): CodeIgniter\Database\MySQLi\Connection->execute('CREATE TABLE `u...')
#2 D:\JUL\xampp\htdocs\ITE311-PACIS\system\Database\BaseConnection.php(646): CodeIgniter\Database\BaseConnection->simpleQuery('CREATE TABLE `u...')
#3 D:\JUL\xampp\htdocs\ITE311-PACIS\system\Database\Forge.php(570): CodeIgniter\Database\BaseConnection->query('CREATE TABLE `u...')
#4 D:\JUL\xampp\htdocs\ITE311-PACIS\app\Database\Migrations\20250814060603_CreateUsersTable.php(46): CodeIgniter\Database\Forge->createTable('users', true)
#5 D:\JUL\xampp\htdocs\ITE311-PACIS\system\Database\MigrationRunner.php(876): App\Database\Migrations\CreateUsersTable->up()
#6 D:\JUL\xampp\htdocs\ITE311-PACIS\system\Database\MigrationRunner.php(182): CodeIgniter\Database\MigrationRunner->migrate('up', Object(stdClass))
#7 D:\JUL\xampp\htdocs\ITE311-PACIS\system\Commands\Database\Migrate.php(85): CodeIgniter\Database\MigrationRunner->latest(NULL)
#8 D:\JUL\xampp\htdocs\ITE311-PACIS\system\CLI\Commands.php(74): CodeIgniter\Commands\Database\Migrate->run(Array)
#9 D:\JUL\xampp\htdocs\ITE311-PACIS\system\CLI\Console.php(47): CodeIgniter\CLI\Commands->run('migrate', Array)
#10 D:\JUL\xampp\htdocs\ITE311-PACIS\system\Boot.php(388): CodeIgniter\CLI\Console->run()
#11 D:\JUL\xampp\htdocs\ITE311-PACIS\system\Boot.php(133): CodeIgniter\Boot::runCommand(Object(CodeIgniter\CLI\Console))
#12 D:\JUL\xampp\htdocs\ITE311-PACIS\spark(87): CodeIgniter\Boot::bootSpark(Object(Config\Paths))
#13 {main}
ERROR - 2025-09-25 04:59:44 --> mysqli_sql_exception: Can't create table `lms_pacis`.`courses` (errno: 150 "Foreign key constraint is incorrectly formed") in D:\JUL\xampp\htdocs\ITE311-PACIS\system\Database\MySQLi\Connection.php:327
Stack trace:
#0 D:\JUL\xampp\htdocs\ITE311-PACIS\system\Database\MySQLi\Connection.php(327): mysqli->query('CREATE TABLE `c...', 0)
#1 D:\JUL\xampp\htdocs\ITE311-PACIS\system\Database\BaseConnection.php(729): CodeIgniter\Database\MySQLi\Connection->execute('CREATE TABLE `c...')
#2 D:\JUL\xampp\htdocs\ITE311-PACIS\system\Database\BaseConnection.php(646): CodeIgniter\Database\BaseConnection->simpleQuery('CREATE TABLE `c...')
#3 D:\JUL\xampp\htdocs\ITE311-PACIS\system\Database\Forge.php(570): CodeIgniter\Database\BaseConnection->query('CREATE TABLE `c...')
#4 D:\JUL\xampp\htdocs\ITE311-PACIS\app\Database\Migrations\20250814060648_CreateCoursesTable.php(31): CodeIgniter\Database\Forge->createTable('courses', true, Array)
#5 D:\JUL\xampp\htdocs\ITE311-PACIS\system\Database\MigrationRunner.php(876): App\Database\Migrations\CreateCoursesTable->up()
#6 D:\JUL\xampp\htdocs\ITE311-PACIS\system\Database\MigrationRunner.php(182): CodeIgniter\Database\MigrationRunner->migrate('up', Object(stdClass))
#7 D:\JUL\xampp\htdocs\ITE311-PACIS\system\Commands\Database\Migrate.php(85): CodeIgniter\Database\MigrationRunner->latest(NULL)
#8 D:\JUL\xampp\htdocs\ITE311-PACIS\system\CLI\Commands.php(74): CodeIgniter\Commands\Database\Migrate->run(Array)
#9 D:\JUL\xampp\htdocs\ITE311-PACIS\system\CLI\Console.php(47): CodeIgniter\CLI\Commands->run('migrate', Array)
#10 D:\JUL\xampp\htdocs\ITE311-PACIS\system\Boot.php(388): CodeIgniter\CLI\Console->run()
#11 D:\JUL\xampp\htdocs\ITE311-PACIS\system\Boot.php(133): CodeIgniter\Boot::runCommand(Object(CodeIgniter\CLI\Console))
#12 D:\JUL\xampp\htdocs\ITE311-PACIS\spark(87): CodeIgniter\Boot::bootSpark(Object(Config\Paths))
#13 {main}
ERROR - 2025-09-25 04:59:44 --> mysqli_sql_exception: Can't create table `lms_pacis`.`enrollments` (errno: 150 "Foreign key constraint is incorrectly formed") in D:\JUL\xampp\htdocs\ITE311-PACIS\system\Database\MySQLi\Connection.php:327
Stack trace:
#0 D:\JUL\xampp\htdocs\ITE311-PACIS\system\Database\MySQLi\Connection.php(327): mysqli->query('CREATE TABLE `e...', 0)
#1 D:\JUL\xampp\htdocs\ITE311-PACIS\system\Database\BaseConnection.php(729): CodeIgniter\Database\MySQLi\Connection->execute('CREATE TABLE `e...')
#2 D:\JUL\xampp\htdocs\ITE311-PACIS\system\Database\BaseConnection.php(646): CodeIgniter\Database\BaseConnection->simpleQuery('CREATE TABLE `e...')
#3 D:\JUL\xampp\htdocs\ITE311-PACIS\system\Database\Forge.php(570): CodeIgniter\Database\BaseConnection->query('CREATE TABLE `e...')
#4 D:\JUL\xampp\htdocs\ITE311-PACIS\app\Database\Migrations\20250814060712_CreateEnrollmentsTable.php(34): CodeIgniter\Database\Forge->createTable('enrollments', true, Array)
#5 D:\JUL\xampp\htdocs\ITE311-PACIS\system\Database\MigrationRunner.php(876): App\Database\Migrations\CreateEnrollmentsTable->up()
#6 D:\JUL\xampp\htdocs\ITE311-PACIS\system\Database\MigrationRunner.php(182): CodeIgniter\Database\MigrationRunner->migrate('up', Object(stdClass))
#7 D:\JUL\xampp\htdocs\ITE311-PACIS\system\Commands\Database\Migrate.php(85): CodeIgniter\Database\MigrationRunner->latest(NULL)
#8 D:\JUL\xampp\htdocs\ITE311-PACIS\system\CLI\Commands.php(74): CodeIgniter\Commands\Database\Migrate->run(Array)
#9 D:\JUL\xampp\htdocs\ITE311-PACIS\system\CLI\Console.php(47): CodeIgniter\CLI\Commands->run('migrate', Array)
#10 D:\JUL\xampp\htdocs\ITE311-PACIS\system\Boot.php(388): CodeIgniter\CLI\Console->run()
#11 D:\JUL\xampp\htdocs\ITE311-PACIS\system\Boot.php(133): CodeIgniter\Boot::runCommand(Object(CodeIgniter\CLI\Console))
#12 D:\JUL\xampp\htdocs\ITE311-PACIS\spark(87): CodeIgniter\Boot::bootSpark(Object(Config\Paths))
#13 {main}
ERROR - 2025-09-25 04:59:44 --> mysqli_sql_exception: Can't create table `lms_pacis`.`lessons` (errno: 150 "Foreign key constraint is incorrectly formed") in D:\JUL\xampp\htdocs\ITE311-PACIS\system\Database\MySQLi\Connection.php:327
Stack trace:
#0 D:\JUL\xampp\htdocs\ITE311-PACIS\system\Database\MySQLi\Connection.php(327): mysqli->query('CREATE TABLE `l...', 0)
#1 D:\JUL\xampp\htdocs\ITE311-PACIS\system\Database\BaseConnection.php(729): CodeIgniter\Database\MySQLi\Connection->execute('CREATE TABLE `l...')
#2 D:\JUL\xampp\htdocs\ITE311-PACIS\system\Database\BaseConnection.php(646): CodeIgniter\Database\BaseConnection->simpleQuery('CREATE TABLE `l...')
#3 D:\JUL\xampp\htdocs\ITE311-PACIS\system\Database\Forge.php(570): CodeIgniter\Database\BaseConnection->query('CREATE TABLE `l...')
#4 D:\JUL\xampp\htdocs\ITE311-PACIS\app\Database\Migrations\20250814060725_CreateLessonsTable.php(31): CodeIgniter\Database\Forge->createTable('lessons', true, Array)
#5 D:\JUL\xampp\htdocs\ITE311-PACIS\system\Database\MigrationRunner.php(876): App\Database\Migrations\CreateLessonsTable->up()
#6 D:\JUL\xampp\htdocs\ITE311-PACIS\system\Database\MigrationRunner.php(182): CodeIgniter\Database\MigrationRunner->migrate('up', Object(stdClass))
#7 D:\JUL\xampp\htdocs\ITE311-PACIS\system\Commands\Database\Migrate.php(85): CodeIgniter\Database\MigrationRunner->latest(NULL)
#8 D:\JUL\xampp\htdocs\ITE311-PACIS\system\CLI\Commands.php(74): CodeIgniter\Commands\Database\Migrate->run(Array)
#9 D:\JUL\xampp\htdocs\ITE311-PACIS\system\CLI\Console.php(47): CodeIgniter\CLI\Commands->run('migrate', Array)
#10 D:\JUL\xampp\htdocs\ITE311-PACIS\system\Boot.php(388): CodeIgniter\CLI\Console->run()
#11 D:\JUL\xampp\htdocs\ITE311-PACIS\system\Boot.php(133): CodeIgniter\Boot::runCommand(Object(CodeIgniter\CLI\Console))
#12 D:\JUL\xampp\htdocs\ITE311-PACIS\spark(87): CodeIgniter\Boot::bootSpark(Object(Config\Paths))
#13 {main}
ERROR - 2025-09-25 04:59:44 --> mysqli_sql_exception: Can't create table `lms_pacis`.`quizzes` (errno: 150 "Foreign key constraint is incorrectly formed") in D:\JUL\xampp\htdocs\ITE311-PACIS\system\Database\MySQLi\Connection.php:327
Stack trace:
#0 D:\JUL\xampp\htdocs\ITE311-PACIS\system\Database\MySQLi\Connection.php(327): mysqli->query('CREATE TABLE `q...', 0)
#1 D:\JUL\xampp\htdocs\ITE311-PACIS\system\Database\BaseConnection.php(729): CodeIgniter\Database\MySQLi\Connection->execute('CREATE TABLE `q...')
#2 D:\JUL\xampp\htdocs\ITE311-PACIS\system\Database\BaseConnection.php(646): CodeIgniter\Database\BaseConnection->simpleQuery('CREATE TABLE `q...')
#3 D:\JUL\xampp\htdocs\ITE311-PACIS\system\Database\Forge.php(570): CodeIgniter\Database\BaseConnection->query('CREATE TABLE `q...')
#4 D:\JUL\xampp\htdocs\ITE311-PACIS\app\Database\Migrations\20250814060744_CreateQuizzesTable.php(30): CodeIgniter\Database\Forge->createTable('quizzes', true, Array)
#5 D:\JUL\xampp\htdocs\ITE311-PACIS\system\Database\MigrationRunner.php(876): App\Database\Migrations\CreateQuizzesTable->up()
#6 D:\JUL\xampp\htdocs\ITE311-PACIS\system\Database\MigrationRunner.php(182): CodeIgniter\Database\MigrationRunner->migrate('up', Object(stdClass))
#7 D:\JUL\xampp\htdocs\ITE311-PACIS\system\Commands\Database\Migrate.php(85): CodeIgniter\Database\MigrationRunner->latest(NULL)
#8 D:\JUL\xampp\htdocs\ITE311-PACIS\system\CLI\Commands.php(74): CodeIgniter\Commands\Database\Migrate->run(Array)
#9 D:\JUL\xampp\htdocs\ITE311-PACIS\system\CLI\Console.php(47): CodeIgniter\CLI\Commands->run('migrate', Array)
#10 D:\JUL\xampp\htdocs\ITE311-PACIS\system\Boot.php(388): CodeIgniter\CLI\Console->run()
#11 D:\JUL\xampp\htdocs\ITE311-PACIS\system\Boot.php(133): CodeIgniter\Boot::runCommand(Object(CodeIgniter\CLI\Console))
#12 D:\JUL\xampp\htdocs\ITE311-PACIS\spark(87): CodeIgniter\Boot::bootSpark(Object(Config\Paths))
#13 {main}
ERROR - 2025-09-25 04:59:44 --> mysqli_sql_exception: Can't create table `lms_pacis`.`submissions` (errno: 150 "Foreign key constraint is incorrectly formed") in D:\JUL\xampp\htdocs\ITE311-PACIS\system\Database\MySQLi\Connection.php:327
Stack trace:
#0 D:\JUL\xampp\htdocs\ITE311-PACIS\system\Database\MySQLi\Connection.php(327): mysqli->query('CREATE TABLE `s...', 0)
#1 D:\JUL\xampp\htdocs\ITE311-PACIS\system\Database\BaseConnection.php(729): CodeIgniter\Database\MySQLi\Connection->execute('CREATE TABLE `s...')
#2 D:\JUL\xampp\htdocs\ITE311-PACIS\system\Database\BaseConnection.php(646): CodeIgniter\Database\BaseConnection->simpleQuery('CREATE TABLE `s...')
#3 D:\JUL\xampp\htdocs\ITE311-PACIS\system\Database\Forge.php(570): CodeIgniter\Database\BaseConnection->query('CREATE TABLE `s...')
#4 D:\JUL\xampp\htdocs\ITE311-PACIS\app\Database\Migrations\20250814060803_CreateSubmissionsTable.php(36): CodeIgniter\Database\Forge->createTable('submissions', true, Array)
#5 D:\JUL\xampp\htdocs\ITE311-PACIS\system\Database\MigrationRunner.php(876): App\Database\Migrations\CreateSubmissionsTable->up()
#6 D:\JUL\xampp\htdocs\ITE311-PACIS\system\Database\MigrationRunner.php(182): CodeIgniter\Database\MigrationRunner->migrate('up', Object(stdClass))
#7 D:\JUL\xampp\htdocs\ITE311-PACIS\system\Commands\Database\Migrate.php(85): CodeIgniter\Database\MigrationRunner->latest(NULL)
#8 D:\JUL\xampp\htdocs\ITE311-PACIS\system\CLI\Commands.php(74): CodeIgniter\Commands\Database\Migrate->run(Array)
#9 D:\JUL\xampp\htdocs\ITE311-PACIS\system\CLI\Console.php(47): CodeIgniter\CLI\Commands->run('migrate', Array)
#10 D:\JUL\xampp\htdocs\ITE311-PACIS\system\Boot.php(388): CodeIgniter\CLI\Console->run()
#11 D:\JUL\xampp\htdocs\ITE311-PACIS\system\Boot.php(133): CodeIgniter\Boot::runCommand(Object(CodeIgniter\CLI\Console))
#12 D:\JUL\xampp\htdocs\ITE311-PACIS\spark(87): CodeIgniter\Boot::bootSpark(Object(Config\Paths))
#13 {main}
CRITICAL - 2025-09-25 05:17:24 --> CodeIgniter\View\Exceptions\ViewException: Invalid file: "template.php"
[Method: GET, Route: /]
in SYSTEMPATH\Exceptions\FrameworkException.php on line 39.
 1 SYSTEMPATH\View\View.php(214): CodeIgniter\Exceptions\FrameworkException::forInvalidFile('template.php')
 2 SYSTEMPATH\View\View.php(242): CodeIgniter\View\View->render('template', [], true)
 3 SYSTEMPATH\Common.php(1167): CodeIgniter\View\View->render('index', [], true)
 4 APPPATH\Controllers\Home.php(10): view('index', [...])
 5 SYSTEMPATH\CodeIgniter.php(933): App\Controllers\Home->index()
 6 SYSTEMPATH\CodeIgniter.php(507): CodeIgniter\CodeIgniter->runController(Object(App\Controllers\Home))
 7 SYSTEMPATH\CodeIgniter.php(354): CodeIgniter\CodeIgniter->handleRequest(null, Object(Config\Cache), false)
 8 SYSTEMPATH\Boot.php(363): CodeIgniter\CodeIgniter->run()
 9 SYSTEMPATH\Boot.php(68): CodeIgniter\Boot::runCodeIgniter(Object(CodeIgniter\CodeIgniter))
10 FCPATH\index.php(60): CodeIgniter\Boot::bootWeb(Object(Config\Paths))
11 SYSTEMPATH\rewrite.php(44): require_once('D:\\JUL\\xampp\\htdocs\\ITE311-PACIS\\index.php')
CRITICAL - 2025-09-25 05:17:25 --> CodeIgniter\View\Exceptions\ViewException: Invalid file: "template.php"
[Method: GET, Route: /]
in SYSTEMPATH\Exceptions\FrameworkException.php on line 39.
 1 SYSTEMPATH\View\View.php(214): CodeIgniter\Exceptions\FrameworkException::forInvalidFile('template.php')
 2 SYSTEMPATH\View\View.php(242): CodeIgniter\View\View->render('template', [], true)
 3 SYSTEMPATH\Common.php(1167): CodeIgniter\View\View->render('index', [], true)
 4 APPPATH\Controllers\Home.php(10): view('index', [...])
 5 SYSTEMPATH\CodeIgniter.php(933): App\Controllers\Home->index()
 6 SYSTEMPATH\CodeIgniter.php(507): CodeIgniter\CodeIgniter->runController(Object(App\Controllers\Home))
 7 SYSTEMPATH\CodeIgniter.php(354): CodeIgniter\CodeIgniter->handleRequest(null, Object(Config\Cache), false)
 8 SYSTEMPATH\Boot.php(363): CodeIgniter\CodeIgniter->run()
 9 SYSTEMPATH\Boot.php(68): CodeIgniter\Boot::runCodeIgniter(Object(CodeIgniter\CodeIgniter))
10 FCPATH\index.php(60): CodeIgniter\Boot::bootWeb(Object(Config\Paths))
11 SYSTEMPATH\rewrite.php(44): require_once('D:\\JUL\\xampp\\htdocs\\ITE311-PACIS\\index.php')
