ERROR - 2025-09-12 17:01:30 --> mysqli_sql_exception: Unknown column 'username' in 'field list' in D:\JUL\xampp\htdocs\ITE311-PACIS\system\Database\MySQLi\Connection.php:327
Stack trace:
#0 D:\JUL\xampp\htdocs\ITE311-PACIS\system\Database\MySQLi\Connection.php(327): mysqli->query('INSERT INTO `us...', 0)
#1 D:\JUL\xampp\htdocs\ITE311-PACIS\system\Database\BaseConnection.php(729): CodeIgniter\Database\MySQLi\Connection->execute('INSERT INTO `us...')
#2 D:\JUL\xampp\htdocs\ITE311-PACIS\system\Database\BaseConnection.php(646): CodeIgniter\Database\BaseConnection->simpleQuery('INSERT INTO `us...')
#3 D:\JUL\xampp\htdocs\ITE311-PACIS\system\Database\BaseBuilder.php(1841): CodeIgniter\Database\BaseConnection->query('INSERT INTO `us...', NULL, false)
#4 D:\JUL\xampp\htdocs\ITE311-PACIS\system\Database\BaseBuilder.php(2230): CodeIgniter\Database\BaseBuilder->batchExecute('_insertBatch', 100)
#5 D:\JUL\xampp\htdocs\ITE311-PACIS\app\Database\Seeds\UsersSeeder.php(35): CodeIgniter\Database\BaseBuilder->insertBatch(Array)
#6 D:\JUL\xampp\htdocs\ITE311-PACIS\system\Database\Seeder.php(149): App\Database\Seeds\UsersSeeder->run()
#7 D:\JUL\xampp\htdocs\ITE311-PACIS\system\Commands\Database\Seed.php(79): CodeIgniter\Database\Seeder->call('App\\Database\\Se...')
#8 D:\JUL\xampp\htdocs\ITE311-PACIS\system\CLI\Commands.php(74): CodeIgniter\Commands\Database\Seed->run(Array)
#9 D:\JUL\xampp\htdocs\ITE311-PACIS\system\CLI\Console.php(47): CodeIgniter\CLI\Commands->run('db:seed', Array)
#10 D:\JUL\xampp\htdocs\ITE311-PACIS\system\Boot.php(388): CodeIgniter\CLI\Console->run()
#11 D:\JUL\xampp\htdocs\ITE311-PACIS\system\Boot.php(133): CodeIgniter\Boot::runCommand(Object(CodeIgniter\CLI\Console))
#12 D:\JUL\xampp\htdocs\ITE311-PACIS\spark(87): CodeIgniter\Boot::bootSpark(Object(Config\Paths))
#13 {main}
ERROR - 2025-09-12 17:03:53 --> mysqli_sql_exception: You have an error in your SQL syntax; check the manual that corresponds to your MariaDB server version for the right syntax to use near '1 PRIMARY KEY(`id`)
) DEFAULT CHARACTER SET = utf8mb4 COLLATE = utf8mb4_gener...' at line 9 in D:\JUL\xampp\htdocs\ITE311-PACIS\system\Database\MySQLi\Connection.php:327
Stack trace:
#0 D:\JUL\xampp\htdocs\ITE311-PACIS\system\Database\MySQLi\Connection.php(327): mysqli->query('CREATE TABLE `u...', 0)
#1 D:\JUL\xampp\htdocs\ITE311-PACIS\system\Database\BaseConnection.php(729): CodeIgniter\Database\MySQLi\Connection->execute('CREATE TABLE `u...')
#2 D:\JUL\xampp\htdocs\ITE311-PACIS\system\Database\BaseConnection.php(646): CodeIgniter\Database\BaseConnection->simpleQuery('CREATE TABLE `u...')
#3 D:\JUL\xampp\htdocs\ITE311-PACIS\system\Database\Forge.php(570): CodeIgniter\Database\BaseConnection->query('CREATE TABLE `u...')
#4 D:\JUL\xampp\htdocs\ITE311-PACIS\app\Database\Migrations\20250814060603_CreateUsersTable.php(46): CodeIgniter\Database\Forge->createTable('users', true)
#5 D:\JUL\xampp\htdocs\ITE311-PACIS\system\Database\MigrationRunner.php(876): App\Database\Migrations\CreateUsersTable->up()
#6 D:\JUL\xampp\htdocs\ITE311-PACIS\system\Database\MigrationRunner.php(182): CodeIgniter\Database\MigrationRunner->migrate('up', Object(stdClass))
#7 D:\JUL\xampp\htdocs\ITE311-PACIS\system\Commands\Database\Migrate.php(85): CodeIgniter\Database\MigrationRunner->latest(NULL)
#8 D:\JUL\xampp\htdocs\ITE311-PACIS\system\CLI\Commands.php(74): CodeIgniter\Commands\Database\Migrate->run(Array)
#9 D:\JUL\xampp\htdocs\ITE311-PACIS\system\CLI\BaseCommand.php(119): CodeIgniter\CLI\Commands->run('migrate', Array)
#10 D:\JUL\xampp\htdocs\ITE311-PACIS\system\Commands\Database\MigrateRefresh.php(87): CodeIgniter\CLI\BaseCommand->call('migrate', Array)
#11 D:\JUL\xampp\htdocs\ITE311-PACIS\system\CLI\Commands.php(74): CodeIgniter\Commands\Database\MigrateRefresh->run(Array)
#12 D:\JUL\xampp\htdocs\ITE311-PACIS\system\CLI\Console.php(47): CodeIgniter\CLI\Commands->run('migrate:refresh', Array)
#13 D:\JUL\xampp\htdocs\ITE311-PACIS\system\Boot.php(388): CodeIgniter\CLI\Console->run()
#14 D:\JUL\xampp\htdocs\ITE311-PACIS\system\Boot.php(133): CodeIgniter\Boot::runCommand(Object(CodeIgniter\CLI\Console))
#15 D:\JUL\xampp\htdocs\ITE311-PACIS\spark(87): CodeIgniter\Boot::bootSpark(Object(Config\Paths))
#16 {main}
ERROR - 2025-09-12 17:03:53 --> mysqli_sql_exception: Can't create table `lms_pacis`.`courses` (errno: 150 "Foreign key constraint is incorrectly formed") in D:\JUL\xampp\htdocs\ITE311-PACIS\system\Database\MySQLi\Connection.php:327
Stack trace:
#0 D:\JUL\xampp\htdocs\ITE311-PACIS\system\Database\MySQLi\Connection.php(327): mysqli->query('CREATE TABLE `c...', 0)
#1 D:\JUL\xampp\htdocs\ITE311-PACIS\system\Database\BaseConnection.php(729): CodeIgniter\Database\MySQLi\Connection->execute('CREATE TABLE `c...')
#2 D:\JUL\xampp\htdocs\ITE311-PACIS\system\Database\BaseConnection.php(646): CodeIgniter\Database\BaseConnection->simpleQuery('CREATE TABLE `c...')
#3 D:\JUL\xampp\htdocs\ITE311-PACIS\system\Database\Forge.php(570): CodeIgniter\Database\BaseConnection->query('CREATE TABLE `c...')
#4 D:\JUL\xampp\htdocs\ITE311-PACIS\app\Database\Migrations\20250814060648_CreateCoursesTable.php(31): CodeIgniter\Database\Forge->createTable('courses', true, Array)
#5 D:\JUL\xampp\htdocs\ITE311-PACIS\system\Database\MigrationRunner.php(876): App\Database\Migrations\CreateCoursesTable->up()
#6 D:\JUL\xampp\htdocs\ITE311-PACIS\system\Database\MigrationRunner.php(182): CodeIgniter\Database\MigrationRunner->migrate('up', Object(stdClass))
#7 D:\JUL\xampp\htdocs\ITE311-PACIS\system\Commands\Database\Migrate.php(85): CodeIgniter\Database\MigrationRunner->latest(NULL)
#8 D:\JUL\xampp\htdocs\ITE311-PACIS\system\CLI\Commands.php(74): CodeIgniter\Commands\Database\Migrate->run(Array)
#9 D:\JUL\xampp\htdocs\ITE311-PACIS\system\CLI\BaseCommand.php(119): CodeIgniter\CLI\Commands->run('migrate', Array)
#10 D:\JUL\xampp\htdocs\ITE311-PACIS\system\Commands\Database\MigrateRefresh.php(87): CodeIgniter\CLI\BaseCommand->call('migrate', Array)
#11 D:\JUL\xampp\htdocs\ITE311-PACIS\system\CLI\Commands.php(74): CodeIgniter\Commands\Database\MigrateRefresh->run(Array)
#12 D:\JUL\xampp\htdocs\ITE311-PACIS\system\CLI\Console.php(47): CodeIgniter\CLI\Commands->run('migrate:refresh', Array)
#13 D:\JUL\xampp\htdocs\ITE311-PACIS\system\Boot.php(388): CodeIgniter\CLI\Console->run()
#14 D:\JUL\xampp\htdocs\ITE311-PACIS\system\Boot.php(133): CodeIgniter\Boot::runCommand(Object(CodeIgniter\CLI\Console))
#15 D:\JUL\xampp\htdocs\ITE311-PACIS\spark(87): CodeIgniter\Boot::bootSpark(Object(Config\Paths))
#16 {main}
ERROR - 2025-09-12 17:03:53 --> mysqli_sql_exception: Can't create table `lms_pacis`.`enrollments` (errno: 150 "Foreign key constraint is incorrectly formed") in D:\JUL\xampp\htdocs\ITE311-PACIS\system\Database\MySQLi\Connection.php:327
Stack trace:
#0 D:\JUL\xampp\htdocs\ITE311-PACIS\system\Database\MySQLi\Connection.php(327): mysqli->query('CREATE TABLE `e...', 0)
#1 D:\JUL\xampp\htdocs\ITE311-PACIS\system\Database\BaseConnection.php(729): CodeIgniter\Database\MySQLi\Connection->execute('CREATE TABLE `e...')
#2 D:\JUL\xampp\htdocs\ITE311-PACIS\system\Database\BaseConnection.php(646): CodeIgniter\Database\BaseConnection->simpleQuery('CREATE TABLE `e...')
#3 D:\JUL\xampp\htdocs\ITE311-PACIS\system\Database\Forge.php(570): CodeIgniter\Database\BaseConnection->query('CREATE TABLE `e...')
#4 D:\JUL\xampp\htdocs\ITE311-PACIS\app\Database\Migrations\20250814060712_CreateEnrollmentsTable.php(34): CodeIgniter\Database\Forge->createTable('enrollments', true, Array)
#5 D:\JUL\xampp\htdocs\ITE311-PACIS\system\Database\MigrationRunner.php(876): App\Database\Migrations\CreateEnrollmentsTable->up()
#6 D:\JUL\xampp\htdocs\ITE311-PACIS\system\Database\MigrationRunner.php(182): CodeIgniter\Database\MigrationRunner->migrate('up', Object(stdClass))
#7 D:\JUL\xampp\htdocs\ITE311-PACIS\system\Commands\Database\Migrate.php(85): CodeIgniter\Database\MigrationRunner->latest(NULL)
#8 D:\JUL\xampp\htdocs\ITE311-PACIS\system\CLI\Commands.php(74): CodeIgniter\Commands\Database\Migrate->run(Array)
#9 D:\JUL\xampp\htdocs\ITE311-PACIS\system\CLI\BaseCommand.php(119): CodeIgniter\CLI\Commands->run('migrate', Array)
#10 D:\JUL\xampp\htdocs\ITE311-PACIS\system\Commands\Database\MigrateRefresh.php(87): CodeIgniter\CLI\BaseCommand->call('migrate', Array)
#11 D:\JUL\xampp\htdocs\ITE311-PACIS\system\CLI\Commands.php(74): CodeIgniter\Commands\Database\MigrateRefresh->run(Array)
#12 D:\JUL\xampp\htdocs\ITE311-PACIS\system\CLI\Console.php(47): CodeIgniter\CLI\Commands->run('migrate:refresh', Array)
#13 D:\JUL\xampp\htdocs\ITE311-PACIS\system\Boot.php(388): CodeIgniter\CLI\Console->run()
#14 D:\JUL\xampp\htdocs\ITE311-PACIS\system\Boot.php(133): CodeIgniter\Boot::runCommand(Object(CodeIgniter\CLI\Console))
#15 D:\JUL\xampp\htdocs\ITE311-PACIS\spark(87): CodeIgniter\Boot::bootSpark(Object(Config\Paths))
#16 {main}
ERROR - 2025-09-12 17:03:54 --> mysqli_sql_exception: Can't create table `lms_pacis`.`lessons` (errno: 150 "Foreign key constraint is incorrectly formed") in D:\JUL\xampp\htdocs\ITE311-PACIS\system\Database\MySQLi\Connection.php:327
Stack trace:
#0 D:\JUL\xampp\htdocs\ITE311-PACIS\system\Database\MySQLi\Connection.php(327): mysqli->query('CREATE TABLE `l...', 0)
#1 D:\JUL\xampp\htdocs\ITE311-PACIS\system\Database\BaseConnection.php(729): CodeIgniter\Database\MySQLi\Connection->execute('CREATE TABLE `l...')
#2 D:\JUL\xampp\htdocs\ITE311-PACIS\system\Database\BaseConnection.php(646): CodeIgniter\Database\BaseConnection->simpleQuery('CREATE TABLE `l...')
#3 D:\JUL\xampp\htdocs\ITE311-PACIS\system\Database\Forge.php(570): CodeIgniter\Database\BaseConnection->query('CREATE TABLE `l...')
#4 D:\JUL\xampp\htdocs\ITE311-PACIS\app\Database\Migrations\20250814060725_CreateLessonsTable.php(31): CodeIgniter\Database\Forge->createTable('lessons', true, Array)
#5 D:\JUL\xampp\htdocs\ITE311-PACIS\system\Database\MigrationRunner.php(876): App\Database\Migrations\CreateLessonsTable->up()
#6 D:\JUL\xampp\htdocs\ITE311-PACIS\system\Database\MigrationRunner.php(182): CodeIgniter\Database\MigrationRunner->migrate('up', Object(stdClass))
#7 D:\JUL\xampp\htdocs\ITE311-PACIS\system\Commands\Database\Migrate.php(85): CodeIgniter\Database\MigrationRunner->latest(NULL)
#8 D:\JUL\xampp\htdocs\ITE311-PACIS\system\CLI\Commands.php(74): CodeIgniter\Commands\Database\Migrate->run(Array)
#9 D:\JUL\xampp\htdocs\ITE311-PACIS\system\CLI\BaseCommand.php(119): CodeIgniter\CLI\Commands->run('migrate', Array)
#10 D:\JUL\xampp\htdocs\ITE311-PACIS\system\Commands\Database\MigrateRefresh.php(87): CodeIgniter\CLI\BaseCommand->call('migrate', Array)
#11 D:\JUL\xampp\htdocs\ITE311-PACIS\system\CLI\Commands.php(74): CodeIgniter\Commands\Database\MigrateRefresh->run(Array)
#12 D:\JUL\xampp\htdocs\ITE311-PACIS\system\CLI\Console.php(47): CodeIgniter\CLI\Commands->run('migrate:refresh', Array)
#13 D:\JUL\xampp\htdocs\ITE311-PACIS\system\Boot.php(388): CodeIgniter\CLI\Console->run()
#14 D:\JUL\xampp\htdocs\ITE311-PACIS\system\Boot.php(133): CodeIgniter\Boot::runCommand(Object(CodeIgniter\CLI\Console))
#15 D:\JUL\xampp\htdocs\ITE311-PACIS\spark(87): CodeIgniter\Boot::bootSpark(Object(Config\Paths))
#16 {main}
ERROR - 2025-09-12 17:03:54 --> mysqli_sql_exception: Can't create table `lms_pacis`.`quizzes` (errno: 150 "Foreign key constraint is incorrectly formed") in D:\JUL\xampp\htdocs\ITE311-PACIS\system\Database\MySQLi\Connection.php:327
Stack trace:
#0 D:\JUL\xampp\htdocs\ITE311-PACIS\system\Database\MySQLi\Connection.php(327): mysqli->query('CREATE TABLE `q...', 0)
#1 D:\JUL\xampp\htdocs\ITE311-PACIS\system\Database\BaseConnection.php(729): CodeIgniter\Database\MySQLi\Connection->execute('CREATE TABLE `q...')
#2 D:\JUL\xampp\htdocs\ITE311-PACIS\system\Database\BaseConnection.php(646): CodeIgniter\Database\BaseConnection->simpleQuery('CREATE TABLE `q...')
#3 D:\JUL\xampp\htdocs\ITE311-PACIS\system\Database\Forge.php(570): CodeIgniter\Database\BaseConnection->query('CREATE TABLE `q...')
#4 D:\JUL\xampp\htdocs\ITE311-PACIS\app\Database\Migrations\20250814060744_CreateQuizzesTable.php(30): CodeIgniter\Database\Forge->createTable('quizzes', true, Array)
#5 D:\JUL\xampp\htdocs\ITE311-PACIS\system\Database\MigrationRunner.php(876): App\Database\Migrations\CreateQuizzesTable->up()
#6 D:\JUL\xampp\htdocs\ITE311-PACIS\system\Database\MigrationRunner.php(182): CodeIgniter\Database\MigrationRunner->migrate('up', Object(stdClass))
#7 D:\JUL\xampp\htdocs\ITE311-PACIS\system\Commands\Database\Migrate.php(85): CodeIgniter\Database\MigrationRunner->latest(NULL)
#8 D:\JUL\xampp\htdocs\ITE311-PACIS\system\CLI\Commands.php(74): CodeIgniter\Commands\Database\Migrate->run(Array)
#9 D:\JUL\xampp\htdocs\ITE311-PACIS\system\CLI\BaseCommand.php(119): CodeIgniter\CLI\Commands->run('migrate', Array)
#10 D:\JUL\xampp\htdocs\ITE311-PACIS\system\Commands\Database\MigrateRefresh.php(87): CodeIgniter\CLI\BaseCommand->call('migrate', Array)
#11 D:\JUL\xampp\htdocs\ITE311-PACIS\system\CLI\Commands.php(74): CodeIgniter\Commands\Database\MigrateRefresh->run(Array)
#12 D:\JUL\xampp\htdocs\ITE311-PACIS\system\CLI\Console.php(47): CodeIgniter\CLI\Commands->run('migrate:refresh', Array)
#13 D:\JUL\xampp\htdocs\ITE311-PACIS\system\Boot.php(388): CodeIgniter\CLI\Console->run()
#14 D:\JUL\xampp\htdocs\ITE311-PACIS\system\Boot.php(133): CodeIgniter\Boot::runCommand(Object(CodeIgniter\CLI\Console))
#15 D:\JUL\xampp\htdocs\ITE311-PACIS\spark(87): CodeIgniter\Boot::bootSpark(Object(Config\Paths))
#16 {main}
ERROR - 2025-09-12 17:03:54 --> mysqli_sql_exception: Can't create table `lms_pacis`.`submissions` (errno: 150 "Foreign key constraint is incorrectly formed") in D:\JUL\xampp\htdocs\ITE311-PACIS\system\Database\MySQLi\Connection.php:327
Stack trace:
#0 D:\JUL\xampp\htdocs\ITE311-PACIS\system\Database\MySQLi\Connection.php(327): mysqli->query('CREATE TABLE `s...', 0)
#1 D:\JUL\xampp\htdocs\ITE311-PACIS\system\Database\BaseConnection.php(729): CodeIgniter\Database\MySQLi\Connection->execute('CREATE TABLE `s...')
#2 D:\JUL\xampp\htdocs\ITE311-PACIS\system\Database\BaseConnection.php(646): CodeIgniter\Database\BaseConnection->simpleQuery('CREATE TABLE `s...')
#3 D:\JUL\xampp\htdocs\ITE311-PACIS\system\Database\Forge.php(570): CodeIgniter\Database\BaseConnection->query('CREATE TABLE `s...')
#4 D:\JUL\xampp\htdocs\ITE311-PACIS\app\Database\Migrations\20250814060803_CreateSubmissionsTable.php(36): CodeIgniter\Database\Forge->createTable('submissions', true, Array)
#5 D:\JUL\xampp\htdocs\ITE311-PACIS\system\Database\MigrationRunner.php(876): App\Database\Migrations\CreateSubmissionsTable->up()
#6 D:\JUL\xampp\htdocs\ITE311-PACIS\system\Database\MigrationRunner.php(182): CodeIgniter\Database\MigrationRunner->migrate('up', Object(stdClass))
#7 D:\JUL\xampp\htdocs\ITE311-PACIS\system\Commands\Database\Migrate.php(85): CodeIgniter\Database\MigrationRunner->latest(NULL)
#8 D:\JUL\xampp\htdocs\ITE311-PACIS\system\CLI\Commands.php(74): CodeIgniter\Commands\Database\Migrate->run(Array)
#9 D:\JUL\xampp\htdocs\ITE311-PACIS\system\CLI\BaseCommand.php(119): CodeIgniter\CLI\Commands->run('migrate', Array)
#10 D:\JUL\xampp\htdocs\ITE311-PACIS\system\Commands\Database\MigrateRefresh.php(87): CodeIgniter\CLI\BaseCommand->call('migrate', Array)
#11 D:\JUL\xampp\htdocs\ITE311-PACIS\system\CLI\Commands.php(74): CodeIgniter\Commands\Database\MigrateRefresh->run(Array)
#12 D:\JUL\xampp\htdocs\ITE311-PACIS\system\CLI\Console.php(47): CodeIgniter\CLI\Commands->run('migrate:refresh', Array)
#13 D:\JUL\xampp\htdocs\ITE311-PACIS\system\Boot.php(388): CodeIgniter\CLI\Console->run()
#14 D:\JUL\xampp\htdocs\ITE311-PACIS\system\Boot.php(133): CodeIgniter\Boot::runCommand(Object(CodeIgniter\CLI\Console))
#15 D:\JUL\xampp\htdocs\ITE311-PACIS\spark(87): CodeIgniter\Boot::bootSpark(Object(Config\Paths))
#16 {main}
ERROR - 2025-09-12 17:05:54 --> mysqli_sql_exception: Table 'lms_pacis.users' doesn't exist in D:\JUL\xampp\htdocs\ITE311-PACIS\system\Database\MySQLi\Connection.php:327
Stack trace:
#0 D:\JUL\xampp\htdocs\ITE311-PACIS\system\Database\MySQLi\Connection.php(327): mysqli->query('INSERT INTO `us...', 0)
#1 D:\JUL\xampp\htdocs\ITE311-PACIS\system\Database\BaseConnection.php(729): CodeIgniter\Database\MySQLi\Connection->execute('INSERT INTO `us...')
#2 D:\JUL\xampp\htdocs\ITE311-PACIS\system\Database\BaseConnection.php(646): CodeIgniter\Database\BaseConnection->simpleQuery('INSERT INTO `us...')
#3 D:\JUL\xampp\htdocs\ITE311-PACIS\system\Database\BaseBuilder.php(1841): CodeIgniter\Database\BaseConnection->query('INSERT INTO `us...', NULL, false)
#4 D:\JUL\xampp\htdocs\ITE311-PACIS\system\Database\BaseBuilder.php(2230): CodeIgniter\Database\BaseBuilder->batchExecute('_insertBatch', 100)
#5 D:\JUL\xampp\htdocs\ITE311-PACIS\app\Database\Seeds\UsersSeeder.php(35): CodeIgniter\Database\BaseBuilder->insertBatch(Array)
#6 D:\JUL\xampp\htdocs\ITE311-PACIS\system\Database\Seeder.php(149): App\Database\Seeds\UsersSeeder->run()
#7 D:\JUL\xampp\htdocs\ITE311-PACIS\system\Commands\Database\Seed.php(79): CodeIgniter\Database\Seeder->call('App\\Database\\Se...')
#8 D:\JUL\xampp\htdocs\ITE311-PACIS\system\CLI\Commands.php(74): CodeIgniter\Commands\Database\Seed->run(Array)
#9 D:\JUL\xampp\htdocs\ITE311-PACIS\system\CLI\Console.php(47): CodeIgniter\CLI\Commands->run('db:seed', Array)
#10 D:\JUL\xampp\htdocs\ITE311-PACIS\system\Boot.php(388): CodeIgniter\CLI\Console->run()
#11 D:\JUL\xampp\htdocs\ITE311-PACIS\system\Boot.php(133): CodeIgniter\Boot::runCommand(Object(CodeIgniter\CLI\Console))
#12 D:\JUL\xampp\htdocs\ITE311-PACIS\spark(87): CodeIgniter\Boot::bootSpark(Object(Config\Paths))
#13 {main}
ERROR - 2025-09-12 17:08:40 --> mysqli_sql_exception: Table 'lms_pacis.users' doesn't exist in D:\JUL\xampp\htdocs\ITE311-PACIS\system\Database\MySQLi\Connection.php:327
Stack trace:
#0 D:\JUL\xampp\htdocs\ITE311-PACIS\system\Database\MySQLi\Connection.php(327): mysqli->query('SELECT *\nFROM `...', 0)
#1 D:\JUL\xampp\htdocs\ITE311-PACIS\system\Database\BaseConnection.php(729): CodeIgniter\Database\MySQLi\Connection->execute('SELECT *\nFROM `...')
#2 D:\JUL\xampp\htdocs\ITE311-PACIS\system\Database\BaseConnection.php(646): CodeIgniter\Database\BaseConnection->simpleQuery('SELECT *\nFROM `...')
#3 D:\JUL\xampp\htdocs\ITE311-PACIS\system\Database\BaseBuilder.php(1649): CodeIgniter\Database\BaseConnection->query('SELECT *\nFROM `...', Array, false)
#4 D:\JUL\xampp\htdocs\ITE311-PACIS\app\Controllers\Auth.php(68): CodeIgniter\Database\BaseBuilder->get()
#5 D:\JUL\xampp\htdocs\ITE311-PACIS\system\CodeIgniter.php(933): App\Controllers\Auth->login()
#6 D:\JUL\xampp\htdocs\ITE311-PACIS\system\CodeIgniter.php(507): CodeIgniter\CodeIgniter->runController(Object(App\Controllers\Auth))
#7 D:\JUL\xampp\htdocs\ITE311-PACIS\system\CodeIgniter.php(354): CodeIgniter\CodeIgniter->handleRequest(NULL, Object(Config\Cache), false)
#8 D:\JUL\xampp\htdocs\ITE311-PACIS\system\Boot.php(363): CodeIgniter\CodeIgniter->run()
#9 D:\JUL\xampp\htdocs\ITE311-PACIS\system\Boot.php(68): CodeIgniter\Boot::runCodeIgniter(Object(CodeIgniter\CodeIgniter))
#10 D:\JUL\xampp\htdocs\ITE311-PACIS\public\index.php(59): CodeIgniter\Boot::bootWeb(Object(Config\Paths))
#11 D:\JUL\xampp\htdocs\ITE311-PACIS\system\rewrite.php(44): require_once('D:\\JUL\\xampp\\ht...')
#12 {main}
CRITICAL - 2025-09-12 17:08:40 --> Error: Call to a member function getRowArray() on bool
[Method: POST, Route: login]
in APPPATH\Controllers\Auth.php on line 68.
 1 SYSTEMPATH\CodeIgniter.php(933): App\Controllers\Auth->login()
 2 SYSTEMPATH\CodeIgniter.php(507): CodeIgniter\CodeIgniter->runController(Object(App\Controllers\Auth))
 3 SYSTEMPATH\CodeIgniter.php(354): CodeIgniter\CodeIgniter->handleRequest(null, Object(Config\Cache), false)
 4 SYSTEMPATH\Boot.php(363): CodeIgniter\CodeIgniter->run()
 5 SYSTEMPATH\Boot.php(68): CodeIgniter\Boot::runCodeIgniter(Object(CodeIgniter\CodeIgniter))
 6 FCPATH\index.php(59): CodeIgniter\Boot::bootWeb(Object(Config\Paths))
 7 SYSTEMPATH\rewrite.php(44): require_once('D:\\JUL\\xampp\\htdocs\\ITE311-PACIS\\public\\index.php')
ERROR - 2025-09-12 17:09:50 --> mysqli_sql_exception: Table 'lms_pacis.users' doesn't exist in D:\JUL\xampp\htdocs\ITE311-PACIS\system\Database\MySQLi\Connection.php:327
Stack trace:
#0 D:\JUL\xampp\htdocs\ITE311-PACIS\system\Database\MySQLi\Connection.php(327): mysqli->query('INSERT INTO `us...', 0)
#1 D:\JUL\xampp\htdocs\ITE311-PACIS\system\Database\BaseConnection.php(729): CodeIgniter\Database\MySQLi\Connection->execute('INSERT INTO `us...')
#2 D:\JUL\xampp\htdocs\ITE311-PACIS\system\Database\BaseConnection.php(646): CodeIgniter\Database\BaseConnection->simpleQuery('INSERT INTO `us...')
#3 D:\JUL\xampp\htdocs\ITE311-PACIS\system\Database\BaseBuilder.php(1841): CodeIgniter\Database\BaseConnection->query('INSERT INTO `us...', NULL, false)
#4 D:\JUL\xampp\htdocs\ITE311-PACIS\system\Database\BaseBuilder.php(2230): CodeIgniter\Database\BaseBuilder->batchExecute('_insertBatch', 100)
#5 D:\JUL\xampp\htdocs\ITE311-PACIS\app\Database\Seeds\UsersSeeder.php(35): CodeIgniter\Database\BaseBuilder->insertBatch(Array)
#6 D:\JUL\xampp\htdocs\ITE311-PACIS\system\Database\Seeder.php(149): App\Database\Seeds\UsersSeeder->run()
#7 D:\JUL\xampp\htdocs\ITE311-PACIS\system\Commands\Database\Seed.php(79): CodeIgniter\Database\Seeder->call('App\\Database\\Se...')
#8 D:\JUL\xampp\htdocs\ITE311-PACIS\system\CLI\Commands.php(74): CodeIgniter\Commands\Database\Seed->run(Array)
#9 D:\JUL\xampp\htdocs\ITE311-PACIS\system\CLI\Console.php(47): CodeIgniter\CLI\Commands->run('db:seed', Array)
#10 D:\JUL\xampp\htdocs\ITE311-PACIS\system\Boot.php(388): CodeIgniter\CLI\Console->run()
#11 D:\JUL\xampp\htdocs\ITE311-PACIS\system\Boot.php(133): CodeIgniter\Boot::runCommand(Object(CodeIgniter\CLI\Console))
#12 D:\JUL\xampp\htdocs\ITE311-PACIS\spark(87): CodeIgniter\Boot::bootSpark(Object(Config\Paths))
#13 {main}
ERROR - 2025-09-12 17:12:27 --> mysqli_sql_exception: Table 'lms_pacis.users' doesn't exist in D:\JUL\xampp\htdocs\ITE311-PACIS\system\Database\MySQLi\Connection.php:327
Stack trace:
#0 D:\JUL\xampp\htdocs\ITE311-PACIS\system\Database\MySQLi\Connection.php(327): mysqli->query('INSERT INTO `us...', 0)
#1 D:\JUL\xampp\htdocs\ITE311-PACIS\system\Database\BaseConnection.php(729): CodeIgniter\Database\MySQLi\Connection->execute('INSERT INTO `us...')
#2 D:\JUL\xampp\htdocs\ITE311-PACIS\system\Database\BaseConnection.php(646): CodeIgniter\Database\BaseConnection->simpleQuery('INSERT INTO `us...')
#3 D:\JUL\xampp\htdocs\ITE311-PACIS\system\Database\BaseBuilder.php(1841): CodeIgniter\Database\BaseConnection->query('INSERT INTO `us...', NULL, false)
#4 D:\JUL\xampp\htdocs\ITE311-PACIS\system\Database\BaseBuilder.php(2230): CodeIgniter\Database\BaseBuilder->batchExecute('_insertBatch', 100)
#5 D:\JUL\xampp\htdocs\ITE311-PACIS\app\Database\Seeds\UsersSeeder.php(35): CodeIgniter\Database\BaseBuilder->insertBatch(Array)
#6 D:\JUL\xampp\htdocs\ITE311-PACIS\system\Database\Seeder.php(149): App\Database\Seeds\UsersSeeder->run()
#7 D:\JUL\xampp\htdocs\ITE311-PACIS\system\Commands\Database\Seed.php(79): CodeIgniter\Database\Seeder->call('App\\Database\\Se...')
#8 D:\JUL\xampp\htdocs\ITE311-PACIS\system\CLI\Commands.php(74): CodeIgniter\Commands\Database\Seed->run(Array)
#9 D:\JUL\xampp\htdocs\ITE311-PACIS\system\CLI\Console.php(47): CodeIgniter\CLI\Commands->run('db:seed', Array)
#10 D:\JUL\xampp\htdocs\ITE311-PACIS\system\Boot.php(388): CodeIgniter\CLI\Console->run()
#11 D:\JUL\xampp\htdocs\ITE311-PACIS\system\Boot.php(133): CodeIgniter\Boot::runCommand(Object(CodeIgniter\CLI\Console))
#12 D:\JUL\xampp\htdocs\ITE311-PACIS\spark(87): CodeIgniter\Boot::bootSpark(Object(Config\Paths))
#13 {main}
ERROR - 2025-09-12 17:15:02 --> mysqli_sql_exception: You have an error in your SQL syntax; check the manual that corresponds to your MariaDB server version for the right syntax to use near '1 PRIMARY KEY(`id`)
) DEFAULT CHARACTER SET = utf8mb4 COLLATE = utf8mb4_gener...' at line 9 in D:\JUL\xampp\htdocs\ITE311-PACIS\system\Database\MySQLi\Connection.php:327
Stack trace:
#0 D:\JUL\xampp\htdocs\ITE311-PACIS\system\Database\MySQLi\Connection.php(327): mysqli->query('CREATE TABLE `u...', 0)
#1 D:\JUL\xampp\htdocs\ITE311-PACIS\system\Database\BaseConnection.php(729): CodeIgniter\Database\MySQLi\Connection->execute('CREATE TABLE `u...')
#2 D:\JUL\xampp\htdocs\ITE311-PACIS\system\Database\BaseConnection.php(646): CodeIgniter\Database\BaseConnection->simpleQuery('CREATE TABLE `u...')
#3 D:\JUL\xampp\htdocs\ITE311-PACIS\system\Database\Forge.php(570): CodeIgniter\Database\BaseConnection->query('CREATE TABLE `u...')
#4 D:\JUL\xampp\htdocs\ITE311-PACIS\app\Database\Migrations\20250814060603_CreateUsersTable.php(46): CodeIgniter\Database\Forge->createTable('users', true)
#5 D:\JUL\xampp\htdocs\ITE311-PACIS\system\Database\MigrationRunner.php(876): App\Database\Migrations\CreateUsersTable->up()
#6 D:\JUL\xampp\htdocs\ITE311-PACIS\system\Database\MigrationRunner.php(182): CodeIgniter\Database\MigrationRunner->migrate('up', Object(stdClass))
#7 D:\JUL\xampp\htdocs\ITE311-PACIS\system\Commands\Database\Migrate.php(85): CodeIgniter\Database\MigrationRunner->latest(NULL)
#8 D:\JUL\xampp\htdocs\ITE311-PACIS\system\CLI\Commands.php(74): CodeIgniter\Commands\Database\Migrate->run(Array)
#9 D:\JUL\xampp\htdocs\ITE311-PACIS\system\CLI\Console.php(47): CodeIgniter\CLI\Commands->run('migrate', Array)
#10 D:\JUL\xampp\htdocs\ITE311-PACIS\system\Boot.php(388): CodeIgniter\CLI\Console->run()
#11 D:\JUL\xampp\htdocs\ITE311-PACIS\system\Boot.php(133): CodeIgniter\Boot::runCommand(Object(CodeIgniter\CLI\Console))
#12 D:\JUL\xampp\htdocs\ITE311-PACIS\spark(87): CodeIgniter\Boot::bootSpark(Object(Config\Paths))
#13 {main}
ERROR - 2025-09-12 17:15:02 --> mysqli_sql_exception: Can't create table `lms_pacis`.`courses` (errno: 150 "Foreign key constraint is incorrectly formed") in D:\JUL\xampp\htdocs\ITE311-PACIS\system\Database\MySQLi\Connection.php:327
Stack trace:
#0 D:\JUL\xampp\htdocs\ITE311-PACIS\system\Database\MySQLi\Connection.php(327): mysqli->query('CREATE TABLE `c...', 0)
#1 D:\JUL\xampp\htdocs\ITE311-PACIS\system\Database\BaseConnection.php(729): CodeIgniter\Database\MySQLi\Connection->execute('CREATE TABLE `c...')
#2 D:\JUL\xampp\htdocs\ITE311-PACIS\system\Database\BaseConnection.php(646): CodeIgniter\Database\BaseConnection->simpleQuery('CREATE TABLE `c...')
#3 D:\JUL\xampp\htdocs\ITE311-PACIS\system\Database\Forge.php(570): CodeIgniter\Database\BaseConnection->query('CREATE TABLE `c...')
#4 D:\JUL\xampp\htdocs\ITE311-PACIS\app\Database\Migrations\20250814060648_CreateCoursesTable.php(31): CodeIgniter\Database\Forge->createTable('courses', true, Array)
#5 D:\JUL\xampp\htdocs\ITE311-PACIS\system\Database\MigrationRunner.php(876): App\Database\Migrations\CreateCoursesTable->up()
#6 D:\JUL\xampp\htdocs\ITE311-PACIS\system\Database\MigrationRunner.php(182): CodeIgniter\Database\MigrationRunner->migrate('up', Object(stdClass))
#7 D:\JUL\xampp\htdocs\ITE311-PACIS\system\Commands\Database\Migrate.php(85): CodeIgniter\Database\MigrationRunner->latest(NULL)
#8 D:\JUL\xampp\htdocs\ITE311-PACIS\system\CLI\Commands.php(74): CodeIgniter\Commands\Database\Migrate->run(Array)
#9 D:\JUL\xampp\htdocs\ITE311-PACIS\system\CLI\Console.php(47): CodeIgniter\CLI\Commands->run('migrate', Array)
#10 D:\JUL\xampp\htdocs\ITE311-PACIS\system\Boot.php(388): CodeIgniter\CLI\Console->run()
#11 D:\JUL\xampp\htdocs\ITE311-PACIS\system\Boot.php(133): CodeIgniter\Boot::runCommand(Object(CodeIgniter\CLI\Console))
#12 D:\JUL\xampp\htdocs\ITE311-PACIS\spark(87): CodeIgniter\Boot::bootSpark(Object(Config\Paths))
#13 {main}
ERROR - 2025-09-12 17:15:02 --> mysqli_sql_exception: Can't create table `lms_pacis`.`enrollments` (errno: 150 "Foreign key constraint is incorrectly formed") in D:\JUL\xampp\htdocs\ITE311-PACIS\system\Database\MySQLi\Connection.php:327
Stack trace:
#0 D:\JUL\xampp\htdocs\ITE311-PACIS\system\Database\MySQLi\Connection.php(327): mysqli->query('CREATE TABLE `e...', 0)
#1 D:\JUL\xampp\htdocs\ITE311-PACIS\system\Database\BaseConnection.php(729): CodeIgniter\Database\MySQLi\Connection->execute('CREATE TABLE `e...')
#2 D:\JUL\xampp\htdocs\ITE311-PACIS\system\Database\BaseConnection.php(646): CodeIgniter\Database\BaseConnection->simpleQuery('CREATE TABLE `e...')
#3 D:\JUL\xampp\htdocs\ITE311-PACIS\system\Database\Forge.php(570): CodeIgniter\Database\BaseConnection->query('CREATE TABLE `e...')
#4 D:\JUL\xampp\htdocs\ITE311-PACIS\app\Database\Migrations\20250814060712_CreateEnrollmentsTable.php(34): CodeIgniter\Database\Forge->createTable('enrollments', true, Array)
#5 D:\JUL\xampp\htdocs\ITE311-PACIS\system\Database\MigrationRunner.php(876): App\Database\Migrations\CreateEnrollmentsTable->up()
#6 D:\JUL\xampp\htdocs\ITE311-PACIS\system\Database\MigrationRunner.php(182): CodeIgniter\Database\MigrationRunner->migrate('up', Object(stdClass))
#7 D:\JUL\xampp\htdocs\ITE311-PACIS\system\Commands\Database\Migrate.php(85): CodeIgniter\Database\MigrationRunner->latest(NULL)
#8 D:\JUL\xampp\htdocs\ITE311-PACIS\system\CLI\Commands.php(74): CodeIgniter\Commands\Database\Migrate->run(Array)
#9 D:\JUL\xampp\htdocs\ITE311-PACIS\system\CLI\Console.php(47): CodeIgniter\CLI\Commands->run('migrate', Array)
#10 D:\JUL\xampp\htdocs\ITE311-PACIS\system\Boot.php(388): CodeIgniter\CLI\Console->run()
#11 D:\JUL\xampp\htdocs\ITE311-PACIS\system\Boot.php(133): CodeIgniter\Boot::runCommand(Object(CodeIgniter\CLI\Console))
#12 D:\JUL\xampp\htdocs\ITE311-PACIS\spark(87): CodeIgniter\Boot::bootSpark(Object(Config\Paths))
#13 {main}
ERROR - 2025-09-12 17:15:02 --> mysqli_sql_exception: Can't create table `lms_pacis`.`lessons` (errno: 150 "Foreign key constraint is incorrectly formed") in D:\JUL\xampp\htdocs\ITE311-PACIS\system\Database\MySQLi\Connection.php:327
Stack trace:
#0 D:\JUL\xampp\htdocs\ITE311-PACIS\system\Database\MySQLi\Connection.php(327): mysqli->query('CREATE TABLE `l...', 0)
#1 D:\JUL\xampp\htdocs\ITE311-PACIS\system\Database\BaseConnection.php(729): CodeIgniter\Database\MySQLi\Connection->execute('CREATE TABLE `l...')
#2 D:\JUL\xampp\htdocs\ITE311-PACIS\system\Database\BaseConnection.php(646): CodeIgniter\Database\BaseConnection->simpleQuery('CREATE TABLE `l...')
#3 D:\JUL\xampp\htdocs\ITE311-PACIS\system\Database\Forge.php(570): CodeIgniter\Database\BaseConnection->query('CREATE TABLE `l...')
#4 D:\JUL\xampp\htdocs\ITE311-PACIS\app\Database\Migrations\20250814060725_CreateLessonsTable.php(31): CodeIgniter\Database\Forge->createTable('lessons', true, Array)
#5 D:\JUL\xampp\htdocs\ITE311-PACIS\system\Database\MigrationRunner.php(876): App\Database\Migrations\CreateLessonsTable->up()
#6 D:\JUL\xampp\htdocs\ITE311-PACIS\system\Database\MigrationRunner.php(182): CodeIgniter\Database\MigrationRunner->migrate('up', Object(stdClass))
#7 D:\JUL\xampp\htdocs\ITE311-PACIS\system\Commands\Database\Migrate.php(85): CodeIgniter\Database\MigrationRunner->latest(NULL)
#8 D:\JUL\xampp\htdocs\ITE311-PACIS\system\CLI\Commands.php(74): CodeIgniter\Commands\Database\Migrate->run(Array)
#9 D:\JUL\xampp\htdocs\ITE311-PACIS\system\CLI\Console.php(47): CodeIgniter\CLI\Commands->run('migrate', Array)
#10 D:\JUL\xampp\htdocs\ITE311-PACIS\system\Boot.php(388): CodeIgniter\CLI\Console->run()
#11 D:\JUL\xampp\htdocs\ITE311-PACIS\system\Boot.php(133): CodeIgniter\Boot::runCommand(Object(CodeIgniter\CLI\Console))
#12 D:\JUL\xampp\htdocs\ITE311-PACIS\spark(87): CodeIgniter\Boot::bootSpark(Object(Config\Paths))
#13 {main}
ERROR - 2025-09-12 17:15:02 --> mysqli_sql_exception: Can't create table `lms_pacis`.`quizzes` (errno: 150 "Foreign key constraint is incorrectly formed") in D:\JUL\xampp\htdocs\ITE311-PACIS\system\Database\MySQLi\Connection.php:327
Stack trace:
#0 D:\JUL\xampp\htdocs\ITE311-PACIS\system\Database\MySQLi\Connection.php(327): mysqli->query('CREATE TABLE `q...', 0)
#1 D:\JUL\xampp\htdocs\ITE311-PACIS\system\Database\BaseConnection.php(729): CodeIgniter\Database\MySQLi\Connection->execute('CREATE TABLE `q...')
#2 D:\JUL\xampp\htdocs\ITE311-PACIS\system\Database\BaseConnection.php(646): CodeIgniter\Database\BaseConnection->simpleQuery('CREATE TABLE `q...')
#3 D:\JUL\xampp\htdocs\ITE311-PACIS\system\Database\Forge.php(570): CodeIgniter\Database\BaseConnection->query('CREATE TABLE `q...')
#4 D:\JUL\xampp\htdocs\ITE311-PACIS\app\Database\Migrations\20250814060744_CreateQuizzesTable.php(30): CodeIgniter\Database\Forge->createTable('quizzes', true, Array)
#5 D:\JUL\xampp\htdocs\ITE311-PACIS\system\Database\MigrationRunner.php(876): App\Database\Migrations\CreateQuizzesTable->up()
#6 D:\JUL\xampp\htdocs\ITE311-PACIS\system\Database\MigrationRunner.php(182): CodeIgniter\Database\MigrationRunner->migrate('up', Object(stdClass))
#7 D:\JUL\xampp\htdocs\ITE311-PACIS\system\Commands\Database\Migrate.php(85): CodeIgniter\Database\MigrationRunner->latest(NULL)
#8 D:\JUL\xampp\htdocs\ITE311-PACIS\system\CLI\Commands.php(74): CodeIgniter\Commands\Database\Migrate->run(Array)
#9 D:\JUL\xampp\htdocs\ITE311-PACIS\system\CLI\Console.php(47): CodeIgniter\CLI\Commands->run('migrate', Array)
#10 D:\JUL\xampp\htdocs\ITE311-PACIS\system\Boot.php(388): CodeIgniter\CLI\Console->run()
#11 D:\JUL\xampp\htdocs\ITE311-PACIS\system\Boot.php(133): CodeIgniter\Boot::runCommand(Object(CodeIgniter\CLI\Console))
#12 D:\JUL\xampp\htdocs\ITE311-PACIS\spark(87): CodeIgniter\Boot::bootSpark(Object(Config\Paths))
#13 {main}
ERROR - 2025-09-12 17:15:02 --> mysqli_sql_exception: Can't create table `lms_pacis`.`submissions` (errno: 150 "Foreign key constraint is incorrectly formed") in D:\JUL\xampp\htdocs\ITE311-PACIS\system\Database\MySQLi\Connection.php:327
Stack trace:
#0 D:\JUL\xampp\htdocs\ITE311-PACIS\system\Database\MySQLi\Connection.php(327): mysqli->query('CREATE TABLE `s...', 0)
#1 D:\JUL\xampp\htdocs\ITE311-PACIS\system\Database\BaseConnection.php(729): CodeIgniter\Database\MySQLi\Connection->execute('CREATE TABLE `s...')
#2 D:\JUL\xampp\htdocs\ITE311-PACIS\system\Database\BaseConnection.php(646): CodeIgniter\Database\BaseConnection->simpleQuery('CREATE TABLE `s...')
#3 D:\JUL\xampp\htdocs\ITE311-PACIS\system\Database\Forge.php(570): CodeIgniter\Database\BaseConnection->query('CREATE TABLE `s...')
#4 D:\JUL\xampp\htdocs\ITE311-PACIS\app\Database\Migrations\20250814060803_CreateSubmissionsTable.php(36): CodeIgniter\Database\Forge->createTable('submissions', true, Array)
#5 D:\JUL\xampp\htdocs\ITE311-PACIS\system\Database\MigrationRunner.php(876): App\Database\Migrations\CreateSubmissionsTable->up()
#6 D:\JUL\xampp\htdocs\ITE311-PACIS\system\Database\MigrationRunner.php(182): CodeIgniter\Database\MigrationRunner->migrate('up', Object(stdClass))
#7 D:\JUL\xampp\htdocs\ITE311-PACIS\system\Commands\Database\Migrate.php(85): CodeIgniter\Database\MigrationRunner->latest(NULL)
#8 D:\JUL\xampp\htdocs\ITE311-PACIS\system\CLI\Commands.php(74): CodeIgniter\Commands\Database\Migrate->run(Array)
#9 D:\JUL\xampp\htdocs\ITE311-PACIS\system\CLI\Console.php(47): CodeIgniter\CLI\Commands->run('migrate', Array)
#10 D:\JUL\xampp\htdocs\ITE311-PACIS\system\Boot.php(388): CodeIgniter\CLI\Console->run()
#11 D:\JUL\xampp\htdocs\ITE311-PACIS\system\Boot.php(133): CodeIgniter\Boot::runCommand(Object(CodeIgniter\CLI\Console))
#12 D:\JUL\xampp\htdocs\ITE311-PACIS\spark(87): CodeIgniter\Boot::bootSpark(Object(Config\Paths))
#13 {main}
ERROR - 2025-09-12 17:18:03 --> mysqli_sql_exception: You have an error in your SQL syntax; check the manual that corresponds to your MariaDB server version for the right syntax to use near '1 PRIMARY KEY(`id`)
) DEFAULT CHARACTER SET = utf8mb4 COLLATE = utf8mb4_gener...' at line 9 in D:\JUL\xampp\htdocs\ITE311-PACIS\system\Database\MySQLi\Connection.php:327
Stack trace:
#0 D:\JUL\xampp\htdocs\ITE311-PACIS\system\Database\MySQLi\Connection.php(327): mysqli->query('CREATE TABLE `u...', 0)
#1 D:\JUL\xampp\htdocs\ITE311-PACIS\system\Database\BaseConnection.php(729): CodeIgniter\Database\MySQLi\Connection->execute('CREATE TABLE `u...')
#2 D:\JUL\xampp\htdocs\ITE311-PACIS\system\Database\BaseConnection.php(646): CodeIgniter\Database\BaseConnection->simpleQuery('CREATE TABLE `u...')
#3 D:\JUL\xampp\htdocs\ITE311-PACIS\system\Database\Forge.php(570): CodeIgniter\Database\BaseConnection->query('CREATE TABLE `u...')
#4 D:\JUL\xampp\htdocs\ITE311-PACIS\app\Database\Migrations\20250814060603_CreateUsersTable.php(46): CodeIgniter\Database\Forge->createTable('users', true)
#5 D:\JUL\xampp\htdocs\ITE311-PACIS\system\Database\MigrationRunner.php(876): App\Database\Migrations\CreateUsersTable->up()
#6 D:\JUL\xampp\htdocs\ITE311-PACIS\system\Database\MigrationRunner.php(182): CodeIgniter\Database\MigrationRunner->migrate('up', Object(stdClass))
#7 D:\JUL\xampp\htdocs\ITE311-PACIS\system\Commands\Database\Migrate.php(85): CodeIgniter\Database\MigrationRunner->latest(NULL)
#8 D:\JUL\xampp\htdocs\ITE311-PACIS\system\CLI\Commands.php(74): CodeIgniter\Commands\Database\Migrate->run(Array)
#9 D:\JUL\xampp\htdocs\ITE311-PACIS\system\CLI\BaseCommand.php(119): CodeIgniter\CLI\Commands->run('migrate', Array)
#10 D:\JUL\xampp\htdocs\ITE311-PACIS\system\Commands\Database\MigrateRefresh.php(87): CodeIgniter\CLI\BaseCommand->call('migrate', Array)
#11 D:\JUL\xampp\htdocs\ITE311-PACIS\system\CLI\Commands.php(74): CodeIgniter\Commands\Database\MigrateRefresh->run(Array)
#12 D:\JUL\xampp\htdocs\ITE311-PACIS\system\CLI\Console.php(47): CodeIgniter\CLI\Commands->run('migrate:refresh', Array)
#13 D:\JUL\xampp\htdocs\ITE311-PACIS\system\Boot.php(388): CodeIgniter\CLI\Console->run()
#14 D:\JUL\xampp\htdocs\ITE311-PACIS\system\Boot.php(133): CodeIgniter\Boot::runCommand(Object(CodeIgniter\CLI\Console))
#15 D:\JUL\xampp\htdocs\ITE311-PACIS\spark(87): CodeIgniter\Boot::bootSpark(Object(Config\Paths))
#16 {main}
ERROR - 2025-09-12 17:18:03 --> mysqli_sql_exception: Can't create table `lms_pacis`.`courses` (errno: 150 "Foreign key constraint is incorrectly formed") in D:\JUL\xampp\htdocs\ITE311-PACIS\system\Database\MySQLi\Connection.php:327
Stack trace:
#0 D:\JUL\xampp\htdocs\ITE311-PACIS\system\Database\MySQLi\Connection.php(327): mysqli->query('CREATE TABLE `c...', 0)
#1 D:\JUL\xampp\htdocs\ITE311-PACIS\system\Database\BaseConnection.php(729): CodeIgniter\Database\MySQLi\Connection->execute('CREATE TABLE `c...')
#2 D:\JUL\xampp\htdocs\ITE311-PACIS\system\Database\BaseConnection.php(646): CodeIgniter\Database\BaseConnection->simpleQuery('CREATE TABLE `c...')
#3 D:\JUL\xampp\htdocs\ITE311-PACIS\system\Database\Forge.php(570): CodeIgniter\Database\BaseConnection->query('CREATE TABLE `c...')
#4 D:\JUL\xampp\htdocs\ITE311-PACIS\app\Database\Migrations\20250814060648_CreateCoursesTable.php(31): CodeIgniter\Database\Forge->createTable('courses', true, Array)
#5 D:\JUL\xampp\htdocs\ITE311-PACIS\system\Database\MigrationRunner.php(876): App\Database\Migrations\CreateCoursesTable->up()
#6 D:\JUL\xampp\htdocs\ITE311-PACIS\system\Database\MigrationRunner.php(182): CodeIgniter\Database\MigrationRunner->migrate('up', Object(stdClass))
#7 D:\JUL\xampp\htdocs\ITE311-PACIS\system\Commands\Database\Migrate.php(85): CodeIgniter\Database\MigrationRunner->latest(NULL)
#8 D:\JUL\xampp\htdocs\ITE311-PACIS\system\CLI\Commands.php(74): CodeIgniter\Commands\Database\Migrate->run(Array)
#9 D:\JUL\xampp\htdocs\ITE311-PACIS\system\CLI\BaseCommand.php(119): CodeIgniter\CLI\Commands->run('migrate', Array)
#10 D:\JUL\xampp\htdocs\ITE311-PACIS\system\Commands\Database\MigrateRefresh.php(87): CodeIgniter\CLI\BaseCommand->call('migrate', Array)
#11 D:\JUL\xampp\htdocs\ITE311-PACIS\system\CLI\Commands.php(74): CodeIgniter\Commands\Database\MigrateRefresh->run(Array)
#12 D:\JUL\xampp\htdocs\ITE311-PACIS\system\CLI\Console.php(47): CodeIgniter\CLI\Commands->run('migrate:refresh', Array)
#13 D:\JUL\xampp\htdocs\ITE311-PACIS\system\Boot.php(388): CodeIgniter\CLI\Console->run()
#14 D:\JUL\xampp\htdocs\ITE311-PACIS\system\Boot.php(133): CodeIgniter\Boot::runCommand(Object(CodeIgniter\CLI\Console))
#15 D:\JUL\xampp\htdocs\ITE311-PACIS\spark(87): CodeIgniter\Boot::bootSpark(Object(Config\Paths))
#16 {main}
ERROR - 2025-09-12 17:18:03 --> mysqli_sql_exception: Can't create table `lms_pacis`.`enrollments` (errno: 150 "Foreign key constraint is incorrectly formed") in D:\JUL\xampp\htdocs\ITE311-PACIS\system\Database\MySQLi\Connection.php:327
Stack trace:
#0 D:\JUL\xampp\htdocs\ITE311-PACIS\system\Database\MySQLi\Connection.php(327): mysqli->query('CREATE TABLE `e...', 0)
#1 D:\JUL\xampp\htdocs\ITE311-PACIS\system\Database\BaseConnection.php(729): CodeIgniter\Database\MySQLi\Connection->execute('CREATE TABLE `e...')
#2 D:\JUL\xampp\htdocs\ITE311-PACIS\system\Database\BaseConnection.php(646): CodeIgniter\Database\BaseConnection->simpleQuery('CREATE TABLE `e...')
#3 D:\JUL\xampp\htdocs\ITE311-PACIS\system\Database\Forge.php(570): CodeIgniter\Database\BaseConnection->query('CREATE TABLE `e...')
#4 D:\JUL\xampp\htdocs\ITE311-PACIS\app\Database\Migrations\20250814060712_CreateEnrollmentsTable.php(34): CodeIgniter\Database\Forge->createTable('enrollments', true, Array)
#5 D:\JUL\xampp\htdocs\ITE311-PACIS\system\Database\MigrationRunner.php(876): App\Database\Migrations\CreateEnrollmentsTable->up()
#6 D:\JUL\xampp\htdocs\ITE311-PACIS\system\Database\MigrationRunner.php(182): CodeIgniter\Database\MigrationRunner->migrate('up', Object(stdClass))
#7 D:\JUL\xampp\htdocs\ITE311-PACIS\system\Commands\Database\Migrate.php(85): CodeIgniter\Database\MigrationRunner->latest(NULL)
#8 D:\JUL\xampp\htdocs\ITE311-PACIS\system\CLI\Commands.php(74): CodeIgniter\Commands\Database\Migrate->run(Array)
#9 D:\JUL\xampp\htdocs\ITE311-PACIS\system\CLI\BaseCommand.php(119): CodeIgniter\CLI\Commands->run('migrate', Array)
#10 D:\JUL\xampp\htdocs\ITE311-PACIS\system\Commands\Database\MigrateRefresh.php(87): CodeIgniter\CLI\BaseCommand->call('migrate', Array)
#11 D:\JUL\xampp\htdocs\ITE311-PACIS\system\CLI\Commands.php(74): CodeIgniter\Commands\Database\MigrateRefresh->run(Array)
#12 D:\JUL\xampp\htdocs\ITE311-PACIS\system\CLI\Console.php(47): CodeIgniter\CLI\Commands->run('migrate:refresh', Array)
#13 D:\JUL\xampp\htdocs\ITE311-PACIS\system\Boot.php(388): CodeIgniter\CLI\Console->run()
#14 D:\JUL\xampp\htdocs\ITE311-PACIS\system\Boot.php(133): CodeIgniter\Boot::runCommand(Object(CodeIgniter\CLI\Console))
#15 D:\JUL\xampp\htdocs\ITE311-PACIS\spark(87): CodeIgniter\Boot::bootSpark(Object(Config\Paths))
#16 {main}
ERROR - 2025-09-12 17:18:03 --> mysqli_sql_exception: Can't create table `lms_pacis`.`lessons` (errno: 150 "Foreign key constraint is incorrectly formed") in D:\JUL\xampp\htdocs\ITE311-PACIS\system\Database\MySQLi\Connection.php:327
Stack trace:
#0 D:\JUL\xampp\htdocs\ITE311-PACIS\system\Database\MySQLi\Connection.php(327): mysqli->query('CREATE TABLE `l...', 0)
#1 D:\JUL\xampp\htdocs\ITE311-PACIS\system\Database\BaseConnection.php(729): CodeIgniter\Database\MySQLi\Connection->execute('CREATE TABLE `l...')
#2 D:\JUL\xampp\htdocs\ITE311-PACIS\system\Database\BaseConnection.php(646): CodeIgniter\Database\BaseConnection->simpleQuery('CREATE TABLE `l...')
#3 D:\JUL\xampp\htdocs\ITE311-PACIS\system\Database\Forge.php(570): CodeIgniter\Database\BaseConnection->query('CREATE TABLE `l...')
#4 D:\JUL\xampp\htdocs\ITE311-PACIS\app\Database\Migrations\20250814060725_CreateLessonsTable.php(31): CodeIgniter\Database\Forge->createTable('lessons', true, Array)
#5 D:\JUL\xampp\htdocs\ITE311-PACIS\system\Database\MigrationRunner.php(876): App\Database\Migrations\CreateLessonsTable->up()
#6 D:\JUL\xampp\htdocs\ITE311-PACIS\system\Database\MigrationRunner.php(182): CodeIgniter\Database\MigrationRunner->migrate('up', Object(stdClass))
#7 D:\JUL\xampp\htdocs\ITE311-PACIS\system\Commands\Database\Migrate.php(85): CodeIgniter\Database\MigrationRunner->latest(NULL)
#8 D:\JUL\xampp\htdocs\ITE311-PACIS\system\CLI\Commands.php(74): CodeIgniter\Commands\Database\Migrate->run(Array)
#9 D:\JUL\xampp\htdocs\ITE311-PACIS\system\CLI\BaseCommand.php(119): CodeIgniter\CLI\Commands->run('migrate', Array)
#10 D:\JUL\xampp\htdocs\ITE311-PACIS\system\Commands\Database\MigrateRefresh.php(87): CodeIgniter\CLI\BaseCommand->call('migrate', Array)
#11 D:\JUL\xampp\htdocs\ITE311-PACIS\system\CLI\Commands.php(74): CodeIgniter\Commands\Database\MigrateRefresh->run(Array)
#12 D:\JUL\xampp\htdocs\ITE311-PACIS\system\CLI\Console.php(47): CodeIgniter\CLI\Commands->run('migrate:refresh', Array)
#13 D:\JUL\xampp\htdocs\ITE311-PACIS\system\Boot.php(388): CodeIgniter\CLI\Console->run()
#14 D:\JUL\xampp\htdocs\ITE311-PACIS\system\Boot.php(133): CodeIgniter\Boot::runCommand(Object(CodeIgniter\CLI\Console))
#15 D:\JUL\xampp\htdocs\ITE311-PACIS\spark(87): CodeIgniter\Boot::bootSpark(Object(Config\Paths))
#16 {main}
ERROR - 2025-09-12 17:18:03 --> mysqli_sql_exception: Can't create table `lms_pacis`.`quizzes` (errno: 150 "Foreign key constraint is incorrectly formed") in D:\JUL\xampp\htdocs\ITE311-PACIS\system\Database\MySQLi\Connection.php:327
Stack trace:
#0 D:\JUL\xampp\htdocs\ITE311-PACIS\system\Database\MySQLi\Connection.php(327): mysqli->query('CREATE TABLE `q...', 0)
#1 D:\JUL\xampp\htdocs\ITE311-PACIS\system\Database\BaseConnection.php(729): CodeIgniter\Database\MySQLi\Connection->execute('CREATE TABLE `q...')
#2 D:\JUL\xampp\htdocs\ITE311-PACIS\system\Database\BaseConnection.php(646): CodeIgniter\Database\BaseConnection->simpleQuery('CREATE TABLE `q...')
#3 D:\JUL\xampp\htdocs\ITE311-PACIS\system\Database\Forge.php(570): CodeIgniter\Database\BaseConnection->query('CREATE TABLE `q...')
#4 D:\JUL\xampp\htdocs\ITE311-PACIS\app\Database\Migrations\20250814060744_CreateQuizzesTable.php(30): CodeIgniter\Database\Forge->createTable('quizzes', true, Array)
#5 D:\JUL\xampp\htdocs\ITE311-PACIS\system\Database\MigrationRunner.php(876): App\Database\Migrations\CreateQuizzesTable->up()
#6 D:\JUL\xampp\htdocs\ITE311-PACIS\system\Database\MigrationRunner.php(182): CodeIgniter\Database\MigrationRunner->migrate('up', Object(stdClass))
#7 D:\JUL\xampp\htdocs\ITE311-PACIS\system\Commands\Database\Migrate.php(85): CodeIgniter\Database\MigrationRunner->latest(NULL)
#8 D:\JUL\xampp\htdocs\ITE311-PACIS\system\CLI\Commands.php(74): CodeIgniter\Commands\Database\Migrate->run(Array)
#9 D:\JUL\xampp\htdocs\ITE311-PACIS\system\CLI\BaseCommand.php(119): CodeIgniter\CLI\Commands->run('migrate', Array)
#10 D:\JUL\xampp\htdocs\ITE311-PACIS\system\Commands\Database\MigrateRefresh.php(87): CodeIgniter\CLI\BaseCommand->call('migrate', Array)
#11 D:\JUL\xampp\htdocs\ITE311-PACIS\system\CLI\Commands.php(74): CodeIgniter\Commands\Database\MigrateRefresh->run(Array)
#12 D:\JUL\xampp\htdocs\ITE311-PACIS\system\CLI\Console.php(47): CodeIgniter\CLI\Commands->run('migrate:refresh', Array)
#13 D:\JUL\xampp\htdocs\ITE311-PACIS\system\Boot.php(388): CodeIgniter\CLI\Console->run()
#14 D:\JUL\xampp\htdocs\ITE311-PACIS\system\Boot.php(133): CodeIgniter\Boot::runCommand(Object(CodeIgniter\CLI\Console))
#15 D:\JUL\xampp\htdocs\ITE311-PACIS\spark(87): CodeIgniter\Boot::bootSpark(Object(Config\Paths))
#16 {main}
ERROR - 2025-09-12 17:18:03 --> mysqli_sql_exception: Can't create table `lms_pacis`.`submissions` (errno: 150 "Foreign key constraint is incorrectly formed") in D:\JUL\xampp\htdocs\ITE311-PACIS\system\Database\MySQLi\Connection.php:327
Stack trace:
#0 D:\JUL\xampp\htdocs\ITE311-PACIS\system\Database\MySQLi\Connection.php(327): mysqli->query('CREATE TABLE `s...', 0)
#1 D:\JUL\xampp\htdocs\ITE311-PACIS\system\Database\BaseConnection.php(729): CodeIgniter\Database\MySQLi\Connection->execute('CREATE TABLE `s...')
#2 D:\JUL\xampp\htdocs\ITE311-PACIS\system\Database\BaseConnection.php(646): CodeIgniter\Database\BaseConnection->simpleQuery('CREATE TABLE `s...')
#3 D:\JUL\xampp\htdocs\ITE311-PACIS\system\Database\Forge.php(570): CodeIgniter\Database\BaseConnection->query('CREATE TABLE `s...')
#4 D:\JUL\xampp\htdocs\ITE311-PACIS\app\Database\Migrations\20250814060803_CreateSubmissionsTable.php(36): CodeIgniter\Database\Forge->createTable('submissions', true, Array)
#5 D:\JUL\xampp\htdocs\ITE311-PACIS\system\Database\MigrationRunner.php(876): App\Database\Migrations\CreateSubmissionsTable->up()
#6 D:\JUL\xampp\htdocs\ITE311-PACIS\system\Database\MigrationRunner.php(182): CodeIgniter\Database\MigrationRunner->migrate('up', Object(stdClass))
#7 D:\JUL\xampp\htdocs\ITE311-PACIS\system\Commands\Database\Migrate.php(85): CodeIgniter\Database\MigrationRunner->latest(NULL)
#8 D:\JUL\xampp\htdocs\ITE311-PACIS\system\CLI\Commands.php(74): CodeIgniter\Commands\Database\Migrate->run(Array)
#9 D:\JUL\xampp\htdocs\ITE311-PACIS\system\CLI\BaseCommand.php(119): CodeIgniter\CLI\Commands->run('migrate', Array)
#10 D:\JUL\xampp\htdocs\ITE311-PACIS\system\Commands\Database\MigrateRefresh.php(87): CodeIgniter\CLI\BaseCommand->call('migrate', Array)
#11 D:\JUL\xampp\htdocs\ITE311-PACIS\system\CLI\Commands.php(74): CodeIgniter\Commands\Database\MigrateRefresh->run(Array)
#12 D:\JUL\xampp\htdocs\ITE311-PACIS\system\CLI\Console.php(47): CodeIgniter\CLI\Commands->run('migrate:refresh', Array)
#13 D:\JUL\xampp\htdocs\ITE311-PACIS\system\Boot.php(388): CodeIgniter\CLI\Console->run()
#14 D:\JUL\xampp\htdocs\ITE311-PACIS\system\Boot.php(133): CodeIgniter\Boot::runCommand(Object(CodeIgniter\CLI\Console))
#15 D:\JUL\xampp\htdocs\ITE311-PACIS\spark(87): CodeIgniter\Boot::bootSpark(Object(Config\Paths))
#16 {main}
ERROR - 2025-09-12 17:21:39 --> mysqli_sql_exception: You have an error in your SQL syntax; check the manual that corresponds to your MariaDB server version for the right syntax to use near '1 PRIMARY KEY(`id`)
) DEFAULT CHARACTER SET = utf8mb4 COLLATE = utf8mb4_gener...' at line 9 in D:\JUL\xampp\htdocs\ITE311-PACIS\system\Database\MySQLi\Connection.php:327
Stack trace:
#0 D:\JUL\xampp\htdocs\ITE311-PACIS\system\Database\MySQLi\Connection.php(327): mysqli->query('CREATE TABLE `u...', 0)
#1 D:\JUL\xampp\htdocs\ITE311-PACIS\system\Database\BaseConnection.php(729): CodeIgniter\Database\MySQLi\Connection->execute('CREATE TABLE `u...')
#2 D:\JUL\xampp\htdocs\ITE311-PACIS\system\Database\BaseConnection.php(646): CodeIgniter\Database\BaseConnection->simpleQuery('CREATE TABLE `u...')
#3 D:\JUL\xampp\htdocs\ITE311-PACIS\system\Database\Forge.php(570): CodeIgniter\Database\BaseConnection->query('CREATE TABLE `u...')
#4 D:\JUL\xampp\htdocs\ITE311-PACIS\app\Database\Migrations\20250814060603_CreateUsersTable.php(46): CodeIgniter\Database\Forge->createTable('users', true)
#5 D:\JUL\xampp\htdocs\ITE311-PACIS\system\Database\MigrationRunner.php(876): App\Database\Migrations\CreateUsersTable->up()
#6 D:\JUL\xampp\htdocs\ITE311-PACIS\system\Database\MigrationRunner.php(182): CodeIgniter\Database\MigrationRunner->migrate('up', Object(stdClass))
#7 D:\JUL\xampp\htdocs\ITE311-PACIS\system\Commands\Database\Migrate.php(85): CodeIgniter\Database\MigrationRunner->latest(NULL)
#8 D:\JUL\xampp\htdocs\ITE311-PACIS\system\CLI\Commands.php(74): CodeIgniter\Commands\Database\Migrate->run(Array)
#9 D:\JUL\xampp\htdocs\ITE311-PACIS\system\CLI\BaseCommand.php(119): CodeIgniter\CLI\Commands->run('migrate', Array)
#10 D:\JUL\xampp\htdocs\ITE311-PACIS\system\Commands\Database\MigrateRefresh.php(87): CodeIgniter\CLI\BaseCommand->call('migrate', Array)
#11 D:\JUL\xampp\htdocs\ITE311-PACIS\system\CLI\Commands.php(74): CodeIgniter\Commands\Database\MigrateRefresh->run(Array)
#12 D:\JUL\xampp\htdocs\ITE311-PACIS\system\CLI\Console.php(47): CodeIgniter\CLI\Commands->run('migrate:refresh', Array)
#13 D:\JUL\xampp\htdocs\ITE311-PACIS\system\Boot.php(388): CodeIgniter\CLI\Console->run()
#14 D:\JUL\xampp\htdocs\ITE311-PACIS\system\Boot.php(133): CodeIgniter\Boot::runCommand(Object(CodeIgniter\CLI\Console))
#15 D:\JUL\xampp\htdocs\ITE311-PACIS\spark(87): CodeIgniter\Boot::bootSpark(Object(Config\Paths))
#16 {main}
ERROR - 2025-09-12 17:21:39 --> mysqli_sql_exception: Can't create table `lms_pacis`.`courses` (errno: 150 "Foreign key constraint is incorrectly formed") in D:\JUL\xampp\htdocs\ITE311-PACIS\system\Database\MySQLi\Connection.php:327
Stack trace:
#0 D:\JUL\xampp\htdocs\ITE311-PACIS\system\Database\MySQLi\Connection.php(327): mysqli->query('CREATE TABLE `c...', 0)
#1 D:\JUL\xampp\htdocs\ITE311-PACIS\system\Database\BaseConnection.php(729): CodeIgniter\Database\MySQLi\Connection->execute('CREATE TABLE `c...')
#2 D:\JUL\xampp\htdocs\ITE311-PACIS\system\Database\BaseConnection.php(646): CodeIgniter\Database\BaseConnection->simpleQuery('CREATE TABLE `c...')
#3 D:\JUL\xampp\htdocs\ITE311-PACIS\system\Database\Forge.php(570): CodeIgniter\Database\BaseConnection->query('CREATE TABLE `c...')
#4 D:\JUL\xampp\htdocs\ITE311-PACIS\app\Database\Migrations\20250814060648_CreateCoursesTable.php(31): CodeIgniter\Database\Forge->createTable('courses', true, Array)
#5 D:\JUL\xampp\htdocs\ITE311-PACIS\system\Database\MigrationRunner.php(876): App\Database\Migrations\CreateCoursesTable->up()
#6 D:\JUL\xampp\htdocs\ITE311-PACIS\system\Database\MigrationRunner.php(182): CodeIgniter\Database\MigrationRunner->migrate('up', Object(stdClass))
#7 D:\JUL\xampp\htdocs\ITE311-PACIS\system\Commands\Database\Migrate.php(85): CodeIgniter\Database\MigrationRunner->latest(NULL)
#8 D:\JUL\xampp\htdocs\ITE311-PACIS\system\CLI\Commands.php(74): CodeIgniter\Commands\Database\Migrate->run(Array)
#9 D:\JUL\xampp\htdocs\ITE311-PACIS\system\CLI\BaseCommand.php(119): CodeIgniter\CLI\Commands->run('migrate', Array)
#10 D:\JUL\xampp\htdocs\ITE311-PACIS\system\Commands\Database\MigrateRefresh.php(87): CodeIgniter\CLI\BaseCommand->call('migrate', Array)
#11 D:\JUL\xampp\htdocs\ITE311-PACIS\system\CLI\Commands.php(74): CodeIgniter\Commands\Database\MigrateRefresh->run(Array)
#12 D:\JUL\xampp\htdocs\ITE311-PACIS\system\CLI\Console.php(47): CodeIgniter\CLI\Commands->run('migrate:refresh', Array)
#13 D:\JUL\xampp\htdocs\ITE311-PACIS\system\Boot.php(388): CodeIgniter\CLI\Console->run()
#14 D:\JUL\xampp\htdocs\ITE311-PACIS\system\Boot.php(133): CodeIgniter\Boot::runCommand(Object(CodeIgniter\CLI\Console))
#15 D:\JUL\xampp\htdocs\ITE311-PACIS\spark(87): CodeIgniter\Boot::bootSpark(Object(Config\Paths))
#16 {main}
ERROR - 2025-09-12 17:21:39 --> mysqli_sql_exception: Can't create table `lms_pacis`.`enrollments` (errno: 150 "Foreign key constraint is incorrectly formed") in D:\JUL\xampp\htdocs\ITE311-PACIS\system\Database\MySQLi\Connection.php:327
Stack trace:
#0 D:\JUL\xampp\htdocs\ITE311-PACIS\system\Database\MySQLi\Connection.php(327): mysqli->query('CREATE TABLE `e...', 0)
#1 D:\JUL\xampp\htdocs\ITE311-PACIS\system\Database\BaseConnection.php(729): CodeIgniter\Database\MySQLi\Connection->execute('CREATE TABLE `e...')
#2 D:\JUL\xampp\htdocs\ITE311-PACIS\system\Database\BaseConnection.php(646): CodeIgniter\Database\BaseConnection->simpleQuery('CREATE TABLE `e...')
#3 D:\JUL\xampp\htdocs\ITE311-PACIS\system\Database\Forge.php(570): CodeIgniter\Database\BaseConnection->query('CREATE TABLE `e...')
#4 D:\JUL\xampp\htdocs\ITE311-PACIS\app\Database\Migrations\20250814060712_CreateEnrollmentsTable.php(34): CodeIgniter\Database\Forge->createTable('enrollments', true, Array)
#5 D:\JUL\xampp\htdocs\ITE311-PACIS\system\Database\MigrationRunner.php(876): App\Database\Migrations\CreateEnrollmentsTable->up()
#6 D:\JUL\xampp\htdocs\ITE311-PACIS\system\Database\MigrationRunner.php(182): CodeIgniter\Database\MigrationRunner->migrate('up', Object(stdClass))
#7 D:\JUL\xampp\htdocs\ITE311-PACIS\system\Commands\Database\Migrate.php(85): CodeIgniter\Database\MigrationRunner->latest(NULL)
#8 D:\JUL\xampp\htdocs\ITE311-PACIS\system\CLI\Commands.php(74): CodeIgniter\Commands\Database\Migrate->run(Array)
#9 D:\JUL\xampp\htdocs\ITE311-PACIS\system\CLI\BaseCommand.php(119): CodeIgniter\CLI\Commands->run('migrate', Array)
#10 D:\JUL\xampp\htdocs\ITE311-PACIS\system\Commands\Database\MigrateRefresh.php(87): CodeIgniter\CLI\BaseCommand->call('migrate', Array)
#11 D:\JUL\xampp\htdocs\ITE311-PACIS\system\CLI\Commands.php(74): CodeIgniter\Commands\Database\MigrateRefresh->run(Array)
#12 D:\JUL\xampp\htdocs\ITE311-PACIS\system\CLI\Console.php(47): CodeIgniter\CLI\Commands->run('migrate:refresh', Array)
#13 D:\JUL\xampp\htdocs\ITE311-PACIS\system\Boot.php(388): CodeIgniter\CLI\Console->run()
#14 D:\JUL\xampp\htdocs\ITE311-PACIS\system\Boot.php(133): CodeIgniter\Boot::runCommand(Object(CodeIgniter\CLI\Console))
#15 D:\JUL\xampp\htdocs\ITE311-PACIS\spark(87): CodeIgniter\Boot::bootSpark(Object(Config\Paths))
#16 {main}
ERROR - 2025-09-12 17:21:39 --> mysqli_sql_exception: Can't create table `lms_pacis`.`lessons` (errno: 150 "Foreign key constraint is incorrectly formed") in D:\JUL\xampp\htdocs\ITE311-PACIS\system\Database\MySQLi\Connection.php:327
Stack trace:
#0 D:\JUL\xampp\htdocs\ITE311-PACIS\system\Database\MySQLi\Connection.php(327): mysqli->query('CREATE TABLE `l...', 0)
#1 D:\JUL\xampp\htdocs\ITE311-PACIS\system\Database\BaseConnection.php(729): CodeIgniter\Database\MySQLi\Connection->execute('CREATE TABLE `l...')
#2 D:\JUL\xampp\htdocs\ITE311-PACIS\system\Database\BaseConnection.php(646): CodeIgniter\Database\BaseConnection->simpleQuery('CREATE TABLE `l...')
#3 D:\JUL\xampp\htdocs\ITE311-PACIS\system\Database\Forge.php(570): CodeIgniter\Database\BaseConnection->query('CREATE TABLE `l...')
#4 D:\JUL\xampp\htdocs\ITE311-PACIS\app\Database\Migrations\20250814060725_CreateLessonsTable.php(31): CodeIgniter\Database\Forge->createTable('lessons', true, Array)
#5 D:\JUL\xampp\htdocs\ITE311-PACIS\system\Database\MigrationRunner.php(876): App\Database\Migrations\CreateLessonsTable->up()
#6 D:\JUL\xampp\htdocs\ITE311-PACIS\system\Database\MigrationRunner.php(182): CodeIgniter\Database\MigrationRunner->migrate('up', Object(stdClass))
#7 D:\JUL\xampp\htdocs\ITE311-PACIS\system\Commands\Database\Migrate.php(85): CodeIgniter\Database\MigrationRunner->latest(NULL)
#8 D:\JUL\xampp\htdocs\ITE311-PACIS\system\CLI\Commands.php(74): CodeIgniter\Commands\Database\Migrate->run(Array)
#9 D:\JUL\xampp\htdocs\ITE311-PACIS\system\CLI\BaseCommand.php(119): CodeIgniter\CLI\Commands->run('migrate', Array)
#10 D:\JUL\xampp\htdocs\ITE311-PACIS\system\Commands\Database\MigrateRefresh.php(87): CodeIgniter\CLI\BaseCommand->call('migrate', Array)
#11 D:\JUL\xampp\htdocs\ITE311-PACIS\system\CLI\Commands.php(74): CodeIgniter\Commands\Database\MigrateRefresh->run(Array)
#12 D:\JUL\xampp\htdocs\ITE311-PACIS\system\CLI\Console.php(47): CodeIgniter\CLI\Commands->run('migrate:refresh', Array)
#13 D:\JUL\xampp\htdocs\ITE311-PACIS\system\Boot.php(388): CodeIgniter\CLI\Console->run()
#14 D:\JUL\xampp\htdocs\ITE311-PACIS\system\Boot.php(133): CodeIgniter\Boot::runCommand(Object(CodeIgniter\CLI\Console))
#15 D:\JUL\xampp\htdocs\ITE311-PACIS\spark(87): CodeIgniter\Boot::bootSpark(Object(Config\Paths))
#16 {main}
ERROR - 2025-09-12 17:21:39 --> mysqli_sql_exception: Can't create table `lms_pacis`.`quizzes` (errno: 150 "Foreign key constraint is incorrectly formed") in D:\JUL\xampp\htdocs\ITE311-PACIS\system\Database\MySQLi\Connection.php:327
Stack trace:
#0 D:\JUL\xampp\htdocs\ITE311-PACIS\system\Database\MySQLi\Connection.php(327): mysqli->query('CREATE TABLE `q...', 0)
#1 D:\JUL\xampp\htdocs\ITE311-PACIS\system\Database\BaseConnection.php(729): CodeIgniter\Database\MySQLi\Connection->execute('CREATE TABLE `q...')
#2 D:\JUL\xampp\htdocs\ITE311-PACIS\system\Database\BaseConnection.php(646): CodeIgniter\Database\BaseConnection->simpleQuery('CREATE TABLE `q...')
#3 D:\JUL\xampp\htdocs\ITE311-PACIS\system\Database\Forge.php(570): CodeIgniter\Database\BaseConnection->query('CREATE TABLE `q...')
#4 D:\JUL\xampp\htdocs\ITE311-PACIS\app\Database\Migrations\20250814060744_CreateQuizzesTable.php(30): CodeIgniter\Database\Forge->createTable('quizzes', true, Array)
#5 D:\JUL\xampp\htdocs\ITE311-PACIS\system\Database\MigrationRunner.php(876): App\Database\Migrations\CreateQuizzesTable->up()
#6 D:\JUL\xampp\htdocs\ITE311-PACIS\system\Database\MigrationRunner.php(182): CodeIgniter\Database\MigrationRunner->migrate('up', Object(stdClass))
#7 D:\JUL\xampp\htdocs\ITE311-PACIS\system\Commands\Database\Migrate.php(85): CodeIgniter\Database\MigrationRunner->latest(NULL)
#8 D:\JUL\xampp\htdocs\ITE311-PACIS\system\CLI\Commands.php(74): CodeIgniter\Commands\Database\Migrate->run(Array)
#9 D:\JUL\xampp\htdocs\ITE311-PACIS\system\CLI\BaseCommand.php(119): CodeIgniter\CLI\Commands->run('migrate', Array)
#10 D:\JUL\xampp\htdocs\ITE311-PACIS\system\Commands\Database\MigrateRefresh.php(87): CodeIgniter\CLI\BaseCommand->call('migrate', Array)
#11 D:\JUL\xampp\htdocs\ITE311-PACIS\system\CLI\Commands.php(74): CodeIgniter\Commands\Database\MigrateRefresh->run(Array)
#12 D:\JUL\xampp\htdocs\ITE311-PACIS\system\CLI\Console.php(47): CodeIgniter\CLI\Commands->run('migrate:refresh', Array)
#13 D:\JUL\xampp\htdocs\ITE311-PACIS\system\Boot.php(388): CodeIgniter\CLI\Console->run()
#14 D:\JUL\xampp\htdocs\ITE311-PACIS\system\Boot.php(133): CodeIgniter\Boot::runCommand(Object(CodeIgniter\CLI\Console))
#15 D:\JUL\xampp\htdocs\ITE311-PACIS\spark(87): CodeIgniter\Boot::bootSpark(Object(Config\Paths))
#16 {main}
ERROR - 2025-09-12 17:21:39 --> mysqli_sql_exception: Can't create table `lms_pacis`.`submissions` (errno: 150 "Foreign key constraint is incorrectly formed") in D:\JUL\xampp\htdocs\ITE311-PACIS\system\Database\MySQLi\Connection.php:327
Stack trace:
#0 D:\JUL\xampp\htdocs\ITE311-PACIS\system\Database\MySQLi\Connection.php(327): mysqli->query('CREATE TABLE `s...', 0)
#1 D:\JUL\xampp\htdocs\ITE311-PACIS\system\Database\BaseConnection.php(729): CodeIgniter\Database\MySQLi\Connection->execute('CREATE TABLE `s...')
#2 D:\JUL\xampp\htdocs\ITE311-PACIS\system\Database\BaseConnection.php(646): CodeIgniter\Database\BaseConnection->simpleQuery('CREATE TABLE `s...')
#3 D:\JUL\xampp\htdocs\ITE311-PACIS\system\Database\Forge.php(570): CodeIgniter\Database\BaseConnection->query('CREATE TABLE `s...')
#4 D:\JUL\xampp\htdocs\ITE311-PACIS\app\Database\Migrations\20250814060803_CreateSubmissionsTable.php(36): CodeIgniter\Database\Forge->createTable('submissions', true, Array)
#5 D:\JUL\xampp\htdocs\ITE311-PACIS\system\Database\MigrationRunner.php(876): App\Database\Migrations\CreateSubmissionsTable->up()
#6 D:\JUL\xampp\htdocs\ITE311-PACIS\system\Database\MigrationRunner.php(182): CodeIgniter\Database\MigrationRunner->migrate('up', Object(stdClass))
#7 D:\JUL\xampp\htdocs\ITE311-PACIS\system\Commands\Database\Migrate.php(85): CodeIgniter\Database\MigrationRunner->latest(NULL)
#8 D:\JUL\xampp\htdocs\ITE311-PACIS\system\CLI\Commands.php(74): CodeIgniter\Commands\Database\Migrate->run(Array)
#9 D:\JUL\xampp\htdocs\ITE311-PACIS\system\CLI\BaseCommand.php(119): CodeIgniter\CLI\Commands->run('migrate', Array)
#10 D:\JUL\xampp\htdocs\ITE311-PACIS\system\Commands\Database\MigrateRefresh.php(87): CodeIgniter\CLI\BaseCommand->call('migrate', Array)
#11 D:\JUL\xampp\htdocs\ITE311-PACIS\system\CLI\Commands.php(74): CodeIgniter\Commands\Database\MigrateRefresh->run(Array)
#12 D:\JUL\xampp\htdocs\ITE311-PACIS\system\CLI\Console.php(47): CodeIgniter\CLI\Commands->run('migrate:refresh', Array)
#13 D:\JUL\xampp\htdocs\ITE311-PACIS\system\Boot.php(388): CodeIgniter\CLI\Console->run()
#14 D:\JUL\xampp\htdocs\ITE311-PACIS\system\Boot.php(133): CodeIgniter\Boot::runCommand(Object(CodeIgniter\CLI\Console))
#15 D:\JUL\xampp\htdocs\ITE311-PACIS\spark(87): CodeIgniter\Boot::bootSpark(Object(Config\Paths))
#16 {main}
ERROR - 2025-09-12 17:23:59 --> mysqli_sql_exception: You have an error in your SQL syntax; check the manual that corresponds to your MariaDB server version for the right syntax to use near '1 PRIMARY KEY(`id`)
) DEFAULT CHARACTER SET = utf8mb4 COLLATE = utf8mb4_gener...' at line 9 in D:\JUL\xampp\htdocs\ITE311-PACIS\system\Database\MySQLi\Connection.php:327
Stack trace:
#0 D:\JUL\xampp\htdocs\ITE311-PACIS\system\Database\MySQLi\Connection.php(327): mysqli->query('CREATE TABLE `u...', 0)
#1 D:\JUL\xampp\htdocs\ITE311-PACIS\system\Database\BaseConnection.php(729): CodeIgniter\Database\MySQLi\Connection->execute('CREATE TABLE `u...')
#2 D:\JUL\xampp\htdocs\ITE311-PACIS\system\Database\BaseConnection.php(646): CodeIgniter\Database\BaseConnection->simpleQuery('CREATE TABLE `u...')
#3 D:\JUL\xampp\htdocs\ITE311-PACIS\system\Database\Forge.php(570): CodeIgniter\Database\BaseConnection->query('CREATE TABLE `u...')
#4 D:\JUL\xampp\htdocs\ITE311-PACIS\app\Database\Migrations\20250814060603_CreateUsersTable.php(46): CodeIgniter\Database\Forge->createTable('users', true)
#5 D:\JUL\xampp\htdocs\ITE311-PACIS\system\Database\MigrationRunner.php(876): App\Database\Migrations\CreateUsersTable->up()
#6 D:\JUL\xampp\htdocs\ITE311-PACIS\system\Database\MigrationRunner.php(182): CodeIgniter\Database\MigrationRunner->migrate('up', Object(stdClass))
#7 D:\JUL\xampp\htdocs\ITE311-PACIS\system\Commands\Database\Migrate.php(85): CodeIgniter\Database\MigrationRunner->latest(NULL)
#8 D:\JUL\xampp\htdocs\ITE311-PACIS\system\CLI\Commands.php(74): CodeIgniter\Commands\Database\Migrate->run(Array)
#9 D:\JUL\xampp\htdocs\ITE311-PACIS\system\CLI\Console.php(47): CodeIgniter\CLI\Commands->run('migrate', Array)
#10 D:\JUL\xampp\htdocs\ITE311-PACIS\system\Boot.php(388): CodeIgniter\CLI\Console->run()
#11 D:\JUL\xampp\htdocs\ITE311-PACIS\system\Boot.php(133): CodeIgniter\Boot::runCommand(Object(CodeIgniter\CLI\Console))
#12 D:\JUL\xampp\htdocs\ITE311-PACIS\spark(87): CodeIgniter\Boot::bootSpark(Object(Config\Paths))
#13 {main}
ERROR - 2025-09-12 17:23:59 --> mysqli_sql_exception: Can't create table `lms_pacis`.`courses` (errno: 150 "Foreign key constraint is incorrectly formed") in D:\JUL\xampp\htdocs\ITE311-PACIS\system\Database\MySQLi\Connection.php:327
Stack trace:
#0 D:\JUL\xampp\htdocs\ITE311-PACIS\system\Database\MySQLi\Connection.php(327): mysqli->query('CREATE TABLE `c...', 0)
#1 D:\JUL\xampp\htdocs\ITE311-PACIS\system\Database\BaseConnection.php(729): CodeIgniter\Database\MySQLi\Connection->execute('CREATE TABLE `c...')
#2 D:\JUL\xampp\htdocs\ITE311-PACIS\system\Database\BaseConnection.php(646): CodeIgniter\Database\BaseConnection->simpleQuery('CREATE TABLE `c...')
#3 D:\JUL\xampp\htdocs\ITE311-PACIS\system\Database\Forge.php(570): CodeIgniter\Database\BaseConnection->query('CREATE TABLE `c...')
#4 D:\JUL\xampp\htdocs\ITE311-PACIS\app\Database\Migrations\20250814060648_CreateCoursesTable.php(31): CodeIgniter\Database\Forge->createTable('courses', true, Array)
#5 D:\JUL\xampp\htdocs\ITE311-PACIS\system\Database\MigrationRunner.php(876): App\Database\Migrations\CreateCoursesTable->up()
#6 D:\JUL\xampp\htdocs\ITE311-PACIS\system\Database\MigrationRunner.php(182): CodeIgniter\Database\MigrationRunner->migrate('up', Object(stdClass))
#7 D:\JUL\xampp\htdocs\ITE311-PACIS\system\Commands\Database\Migrate.php(85): CodeIgniter\Database\MigrationRunner->latest(NULL)
#8 D:\JUL\xampp\htdocs\ITE311-PACIS\system\CLI\Commands.php(74): CodeIgniter\Commands\Database\Migrate->run(Array)
#9 D:\JUL\xampp\htdocs\ITE311-PACIS\system\CLI\Console.php(47): CodeIgniter\CLI\Commands->run('migrate', Array)
#10 D:\JUL\xampp\htdocs\ITE311-PACIS\system\Boot.php(388): CodeIgniter\CLI\Console->run()
#11 D:\JUL\xampp\htdocs\ITE311-PACIS\system\Boot.php(133): CodeIgniter\Boot::runCommand(Object(CodeIgniter\CLI\Console))
#12 D:\JUL\xampp\htdocs\ITE311-PACIS\spark(87): CodeIgniter\Boot::bootSpark(Object(Config\Paths))
#13 {main}
ERROR - 2025-09-12 17:23:59 --> mysqli_sql_exception: Can't create table `lms_pacis`.`enrollments` (errno: 150 "Foreign key constraint is incorrectly formed") in D:\JUL\xampp\htdocs\ITE311-PACIS\system\Database\MySQLi\Connection.php:327
Stack trace:
#0 D:\JUL\xampp\htdocs\ITE311-PACIS\system\Database\MySQLi\Connection.php(327): mysqli->query('CREATE TABLE `e...', 0)
#1 D:\JUL\xampp\htdocs\ITE311-PACIS\system\Database\BaseConnection.php(729): CodeIgniter\Database\MySQLi\Connection->execute('CREATE TABLE `e...')
#2 D:\JUL\xampp\htdocs\ITE311-PACIS\system\Database\BaseConnection.php(646): CodeIgniter\Database\BaseConnection->simpleQuery('CREATE TABLE `e...')
#3 D:\JUL\xampp\htdocs\ITE311-PACIS\system\Database\Forge.php(570): CodeIgniter\Database\BaseConnection->query('CREATE TABLE `e...')
#4 D:\JUL\xampp\htdocs\ITE311-PACIS\app\Database\Migrations\20250814060712_CreateEnrollmentsTable.php(34): CodeIgniter\Database\Forge->createTable('enrollments', true, Array)
#5 D:\JUL\xampp\htdocs\ITE311-PACIS\system\Database\MigrationRunner.php(876): App\Database\Migrations\CreateEnrollmentsTable->up()
#6 D:\JUL\xampp\htdocs\ITE311-PACIS\system\Database\MigrationRunner.php(182): CodeIgniter\Database\MigrationRunner->migrate('up', Object(stdClass))
#7 D:\JUL\xampp\htdocs\ITE311-PACIS\system\Commands\Database\Migrate.php(85): CodeIgniter\Database\MigrationRunner->latest(NULL)
#8 D:\JUL\xampp\htdocs\ITE311-PACIS\system\CLI\Commands.php(74): CodeIgniter\Commands\Database\Migrate->run(Array)
#9 D:\JUL\xampp\htdocs\ITE311-PACIS\system\CLI\Console.php(47): CodeIgniter\CLI\Commands->run('migrate', Array)
#10 D:\JUL\xampp\htdocs\ITE311-PACIS\system\Boot.php(388): CodeIgniter\CLI\Console->run()
#11 D:\JUL\xampp\htdocs\ITE311-PACIS\system\Boot.php(133): CodeIgniter\Boot::runCommand(Object(CodeIgniter\CLI\Console))
#12 D:\JUL\xampp\htdocs\ITE311-PACIS\spark(87): CodeIgniter\Boot::bootSpark(Object(Config\Paths))
#13 {main}
ERROR - 2025-09-12 17:23:59 --> mysqli_sql_exception: Can't create table `lms_pacis`.`lessons` (errno: 150 "Foreign key constraint is incorrectly formed") in D:\JUL\xampp\htdocs\ITE311-PACIS\system\Database\MySQLi\Connection.php:327
Stack trace:
#0 D:\JUL\xampp\htdocs\ITE311-PACIS\system\Database\MySQLi\Connection.php(327): mysqli->query('CREATE TABLE `l...', 0)
#1 D:\JUL\xampp\htdocs\ITE311-PACIS\system\Database\BaseConnection.php(729): CodeIgniter\Database\MySQLi\Connection->execute('CREATE TABLE `l...')
#2 D:\JUL\xampp\htdocs\ITE311-PACIS\system\Database\BaseConnection.php(646): CodeIgniter\Database\BaseConnection->simpleQuery('CREATE TABLE `l...')
#3 D:\JUL\xampp\htdocs\ITE311-PACIS\system\Database\Forge.php(570): CodeIgniter\Database\BaseConnection->query('CREATE TABLE `l...')
#4 D:\JUL\xampp\htdocs\ITE311-PACIS\app\Database\Migrations\20250814060725_CreateLessonsTable.php(31): CodeIgniter\Database\Forge->createTable('lessons', true, Array)
#5 D:\JUL\xampp\htdocs\ITE311-PACIS\system\Database\MigrationRunner.php(876): App\Database\Migrations\CreateLessonsTable->up()
#6 D:\JUL\xampp\htdocs\ITE311-PACIS\system\Database\MigrationRunner.php(182): CodeIgniter\Database\MigrationRunner->migrate('up', Object(stdClass))
#7 D:\JUL\xampp\htdocs\ITE311-PACIS\system\Commands\Database\Migrate.php(85): CodeIgniter\Database\MigrationRunner->latest(NULL)
#8 D:\JUL\xampp\htdocs\ITE311-PACIS\system\CLI\Commands.php(74): CodeIgniter\Commands\Database\Migrate->run(Array)
#9 D:\JUL\xampp\htdocs\ITE311-PACIS\system\CLI\Console.php(47): CodeIgniter\CLI\Commands->run('migrate', Array)
#10 D:\JUL\xampp\htdocs\ITE311-PACIS\system\Boot.php(388): CodeIgniter\CLI\Console->run()
#11 D:\JUL\xampp\htdocs\ITE311-PACIS\system\Boot.php(133): CodeIgniter\Boot::runCommand(Object(CodeIgniter\CLI\Console))
#12 D:\JUL\xampp\htdocs\ITE311-PACIS\spark(87): CodeIgniter\Boot::bootSpark(Object(Config\Paths))
#13 {main}
ERROR - 2025-09-12 17:23:59 --> mysqli_sql_exception: Can't create table `lms_pacis`.`quizzes` (errno: 150 "Foreign key constraint is incorrectly formed") in D:\JUL\xampp\htdocs\ITE311-PACIS\system\Database\MySQLi\Connection.php:327
Stack trace:
#0 D:\JUL\xampp\htdocs\ITE311-PACIS\system\Database\MySQLi\Connection.php(327): mysqli->query('CREATE TABLE `q...', 0)
#1 D:\JUL\xampp\htdocs\ITE311-PACIS\system\Database\BaseConnection.php(729): CodeIgniter\Database\MySQLi\Connection->execute('CREATE TABLE `q...')
#2 D:\JUL\xampp\htdocs\ITE311-PACIS\system\Database\BaseConnection.php(646): CodeIgniter\Database\BaseConnection->simpleQuery('CREATE TABLE `q...')
#3 D:\JUL\xampp\htdocs\ITE311-PACIS\system\Database\Forge.php(570): CodeIgniter\Database\BaseConnection->query('CREATE TABLE `q...')
#4 D:\JUL\xampp\htdocs\ITE311-PACIS\app\Database\Migrations\20250814060744_CreateQuizzesTable.php(30): CodeIgniter\Database\Forge->createTable('quizzes', true, Array)
#5 D:\JUL\xampp\htdocs\ITE311-PACIS\system\Database\MigrationRunner.php(876): App\Database\Migrations\CreateQuizzesTable->up()
#6 D:\JUL\xampp\htdocs\ITE311-PACIS\system\Database\MigrationRunner.php(182): CodeIgniter\Database\MigrationRunner->migrate('up', Object(stdClass))
#7 D:\JUL\xampp\htdocs\ITE311-PACIS\system\Commands\Database\Migrate.php(85): CodeIgniter\Database\MigrationRunner->latest(NULL)
#8 D:\JUL\xampp\htdocs\ITE311-PACIS\system\CLI\Commands.php(74): CodeIgniter\Commands\Database\Migrate->run(Array)
#9 D:\JUL\xampp\htdocs\ITE311-PACIS\system\CLI\Console.php(47): CodeIgniter\CLI\Commands->run('migrate', Array)
#10 D:\JUL\xampp\htdocs\ITE311-PACIS\system\Boot.php(388): CodeIgniter\CLI\Console->run()
#11 D:\JUL\xampp\htdocs\ITE311-PACIS\system\Boot.php(133): CodeIgniter\Boot::runCommand(Object(CodeIgniter\CLI\Console))
#12 D:\JUL\xampp\htdocs\ITE311-PACIS\spark(87): CodeIgniter\Boot::bootSpark(Object(Config\Paths))
#13 {main}
ERROR - 2025-09-12 17:24:00 --> mysqli_sql_exception: Can't create table `lms_pacis`.`submissions` (errno: 150 "Foreign key constraint is incorrectly formed") in D:\JUL\xampp\htdocs\ITE311-PACIS\system\Database\MySQLi\Connection.php:327
Stack trace:
#0 D:\JUL\xampp\htdocs\ITE311-PACIS\system\Database\MySQLi\Connection.php(327): mysqli->query('CREATE TABLE `s...', 0)
#1 D:\JUL\xampp\htdocs\ITE311-PACIS\system\Database\BaseConnection.php(729): CodeIgniter\Database\MySQLi\Connection->execute('CREATE TABLE `s...')
#2 D:\JUL\xampp\htdocs\ITE311-PACIS\system\Database\BaseConnection.php(646): CodeIgniter\Database\BaseConnection->simpleQuery('CREATE TABLE `s...')
#3 D:\JUL\xampp\htdocs\ITE311-PACIS\system\Database\Forge.php(570): CodeIgniter\Database\BaseConnection->query('CREATE TABLE `s...')
#4 D:\JUL\xampp\htdocs\ITE311-PACIS\app\Database\Migrations\20250814060803_CreateSubmissionsTable.php(36): CodeIgniter\Database\Forge->createTable('submissions', true, Array)
#5 D:\JUL\xampp\htdocs\ITE311-PACIS\system\Database\MigrationRunner.php(876): App\Database\Migrations\CreateSubmissionsTable->up()
#6 D:\JUL\xampp\htdocs\ITE311-PACIS\system\Database\MigrationRunner.php(182): CodeIgniter\Database\MigrationRunner->migrate('up', Object(stdClass))
#7 D:\JUL\xampp\htdocs\ITE311-PACIS\system\Commands\Database\Migrate.php(85): CodeIgniter\Database\MigrationRunner->latest(NULL)
#8 D:\JUL\xampp\htdocs\ITE311-PACIS\system\CLI\Commands.php(74): CodeIgniter\Commands\Database\Migrate->run(Array)
#9 D:\JUL\xampp\htdocs\ITE311-PACIS\system\CLI\Console.php(47): CodeIgniter\CLI\Commands->run('migrate', Array)
#10 D:\JUL\xampp\htdocs\ITE311-PACIS\system\Boot.php(388): CodeIgniter\CLI\Console->run()
#11 D:\JUL\xampp\htdocs\ITE311-PACIS\system\Boot.php(133): CodeIgniter\Boot::runCommand(Object(CodeIgniter\CLI\Console))
#12 D:\JUL\xampp\htdocs\ITE311-PACIS\spark(87): CodeIgniter\Boot::bootSpark(Object(Config\Paths))
#13 {main}
ERROR - 2025-09-12 17:24:56 --> mysqli_sql_exception: You have an error in your SQL syntax; check the manual that corresponds to your MariaDB server version for the right syntax to use near '1 PRIMARY KEY(`id`)
) DEFAULT CHARACTER SET = utf8mb4 COLLATE = utf8mb4_gener...' at line 9 in D:\JUL\xampp\htdocs\ITE311-PACIS\system\Database\MySQLi\Connection.php:327
Stack trace:
#0 D:\JUL\xampp\htdocs\ITE311-PACIS\system\Database\MySQLi\Connection.php(327): mysqli->query('CREATE TABLE `u...', 0)
#1 D:\JUL\xampp\htdocs\ITE311-PACIS\system\Database\BaseConnection.php(729): CodeIgniter\Database\MySQLi\Connection->execute('CREATE TABLE `u...')
#2 D:\JUL\xampp\htdocs\ITE311-PACIS\system\Database\BaseConnection.php(646): CodeIgniter\Database\BaseConnection->simpleQuery('CREATE TABLE `u...')
#3 D:\JUL\xampp\htdocs\ITE311-PACIS\system\Database\Forge.php(570): CodeIgniter\Database\BaseConnection->query('CREATE TABLE `u...')
#4 D:\JUL\xampp\htdocs\ITE311-PACIS\app\Database\Migrations\20250814060603_CreateUsersTable.php(46): CodeIgniter\Database\Forge->createTable('users', true)
#5 D:\JUL\xampp\htdocs\ITE311-PACIS\system\Database\MigrationRunner.php(876): App\Database\Migrations\CreateUsersTable->up()
#6 D:\JUL\xampp\htdocs\ITE311-PACIS\system\Database\MigrationRunner.php(182): CodeIgniter\Database\MigrationRunner->migrate('up', Object(stdClass))
#7 D:\JUL\xampp\htdocs\ITE311-PACIS\system\Commands\Database\Migrate.php(85): CodeIgniter\Database\MigrationRunner->latest(NULL)
#8 D:\JUL\xampp\htdocs\ITE311-PACIS\system\CLI\Commands.php(74): CodeIgniter\Commands\Database\Migrate->run(Array)
#9 D:\JUL\xampp\htdocs\ITE311-PACIS\system\CLI\BaseCommand.php(119): CodeIgniter\CLI\Commands->run('migrate', Array)
#10 D:\JUL\xampp\htdocs\ITE311-PACIS\system\Commands\Database\MigrateRefresh.php(87): CodeIgniter\CLI\BaseCommand->call('migrate', Array)
#11 D:\JUL\xampp\htdocs\ITE311-PACIS\system\CLI\Commands.php(74): CodeIgniter\Commands\Database\MigrateRefresh->run(Array)
#12 D:\JUL\xampp\htdocs\ITE311-PACIS\system\CLI\Console.php(47): CodeIgniter\CLI\Commands->run('migrate:refresh', Array)
#13 D:\JUL\xampp\htdocs\ITE311-PACIS\system\Boot.php(388): CodeIgniter\CLI\Console->run()
#14 D:\JUL\xampp\htdocs\ITE311-PACIS\system\Boot.php(133): CodeIgniter\Boot::runCommand(Object(CodeIgniter\CLI\Console))
#15 D:\JUL\xampp\htdocs\ITE311-PACIS\spark(87): CodeIgniter\Boot::bootSpark(Object(Config\Paths))
#16 {main}
ERROR - 2025-09-12 17:24:56 --> mysqli_sql_exception: Can't create table `lms_pacis`.`courses` (errno: 150 "Foreign key constraint is incorrectly formed") in D:\JUL\xampp\htdocs\ITE311-PACIS\system\Database\MySQLi\Connection.php:327
Stack trace:
#0 D:\JUL\xampp\htdocs\ITE311-PACIS\system\Database\MySQLi\Connection.php(327): mysqli->query('CREATE TABLE `c...', 0)
#1 D:\JUL\xampp\htdocs\ITE311-PACIS\system\Database\BaseConnection.php(729): CodeIgniter\Database\MySQLi\Connection->execute('CREATE TABLE `c...')
#2 D:\JUL\xampp\htdocs\ITE311-PACIS\system\Database\BaseConnection.php(646): CodeIgniter\Database\BaseConnection->simpleQuery('CREATE TABLE `c...')
#3 D:\JUL\xampp\htdocs\ITE311-PACIS\system\Database\Forge.php(570): CodeIgniter\Database\BaseConnection->query('CREATE TABLE `c...')
#4 D:\JUL\xampp\htdocs\ITE311-PACIS\app\Database\Migrations\20250814060648_CreateCoursesTable.php(31): CodeIgniter\Database\Forge->createTable('courses', true, Array)
#5 D:\JUL\xampp\htdocs\ITE311-PACIS\system\Database\MigrationRunner.php(876): App\Database\Migrations\CreateCoursesTable->up()
#6 D:\JUL\xampp\htdocs\ITE311-PACIS\system\Database\MigrationRunner.php(182): CodeIgniter\Database\MigrationRunner->migrate('up', Object(stdClass))
#7 D:\JUL\xampp\htdocs\ITE311-PACIS\system\Commands\Database\Migrate.php(85): CodeIgniter\Database\MigrationRunner->latest(NULL)
#8 D:\JUL\xampp\htdocs\ITE311-PACIS\system\CLI\Commands.php(74): CodeIgniter\Commands\Database\Migrate->run(Array)
#9 D:\JUL\xampp\htdocs\ITE311-PACIS\system\CLI\BaseCommand.php(119): CodeIgniter\CLI\Commands->run('migrate', Array)
#10 D:\JUL\xampp\htdocs\ITE311-PACIS\system\Commands\Database\MigrateRefresh.php(87): CodeIgniter\CLI\BaseCommand->call('migrate', Array)
#11 D:\JUL\xampp\htdocs\ITE311-PACIS\system\CLI\Commands.php(74): CodeIgniter\Commands\Database\MigrateRefresh->run(Array)
#12 D:\JUL\xampp\htdocs\ITE311-PACIS\system\CLI\Console.php(47): CodeIgniter\CLI\Commands->run('migrate:refresh', Array)
#13 D:\JUL\xampp\htdocs\ITE311-PACIS\system\Boot.php(388): CodeIgniter\CLI\Console->run()
#14 D:\JUL\xampp\htdocs\ITE311-PACIS\system\Boot.php(133): CodeIgniter\Boot::runCommand(Object(CodeIgniter\CLI\Console))
#15 D:\JUL\xampp\htdocs\ITE311-PACIS\spark(87): CodeIgniter\Boot::bootSpark(Object(Config\Paths))
#16 {main}
ERROR - 2025-09-12 17:24:56 --> mysqli_sql_exception: Can't create table `lms_pacis`.`enrollments` (errno: 150 "Foreign key constraint is incorrectly formed") in D:\JUL\xampp\htdocs\ITE311-PACIS\system\Database\MySQLi\Connection.php:327
Stack trace:
#0 D:\JUL\xampp\htdocs\ITE311-PACIS\system\Database\MySQLi\Connection.php(327): mysqli->query('CREATE TABLE `e...', 0)
#1 D:\JUL\xampp\htdocs\ITE311-PACIS\system\Database\BaseConnection.php(729): CodeIgniter\Database\MySQLi\Connection->execute('CREATE TABLE `e...')
#2 D:\JUL\xampp\htdocs\ITE311-PACIS\system\Database\BaseConnection.php(646): CodeIgniter\Database\BaseConnection->simpleQuery('CREATE TABLE `e...')
#3 D:\JUL\xampp\htdocs\ITE311-PACIS\system\Database\Forge.php(570): CodeIgniter\Database\BaseConnection->query('CREATE TABLE `e...')
#4 D:\JUL\xampp\htdocs\ITE311-PACIS\app\Database\Migrations\20250814060712_CreateEnrollmentsTable.php(34): CodeIgniter\Database\Forge->createTable('enrollments', true, Array)
#5 D:\JUL\xampp\htdocs\ITE311-PACIS\system\Database\MigrationRunner.php(876): App\Database\Migrations\CreateEnrollmentsTable->up()
#6 D:\JUL\xampp\htdocs\ITE311-PACIS\system\Database\MigrationRunner.php(182): CodeIgniter\Database\MigrationRunner->migrate('up', Object(stdClass))
#7 D:\JUL\xampp\htdocs\ITE311-PACIS\system\Commands\Database\Migrate.php(85): CodeIgniter\Database\MigrationRunner->latest(NULL)
#8 D:\JUL\xampp\htdocs\ITE311-PACIS\system\CLI\Commands.php(74): CodeIgniter\Commands\Database\Migrate->run(Array)
#9 D:\JUL\xampp\htdocs\ITE311-PACIS\system\CLI\BaseCommand.php(119): CodeIgniter\CLI\Commands->run('migrate', Array)
#10 D:\JUL\xampp\htdocs\ITE311-PACIS\system\Commands\Database\MigrateRefresh.php(87): CodeIgniter\CLI\BaseCommand->call('migrate', Array)
#11 D:\JUL\xampp\htdocs\ITE311-PACIS\system\CLI\Commands.php(74): CodeIgniter\Commands\Database\MigrateRefresh->run(Array)
#12 D:\JUL\xampp\htdocs\ITE311-PACIS\system\CLI\Console.php(47): CodeIgniter\CLI\Commands->run('migrate:refresh', Array)
#13 D:\JUL\xampp\htdocs\ITE311-PACIS\system\Boot.php(388): CodeIgniter\CLI\Console->run()
#14 D:\JUL\xampp\htdocs\ITE311-PACIS\system\Boot.php(133): CodeIgniter\Boot::runCommand(Object(CodeIgniter\CLI\Console))
#15 D:\JUL\xampp\htdocs\ITE311-PACIS\spark(87): CodeIgniter\Boot::bootSpark(Object(Config\Paths))
#16 {main}
ERROR - 2025-09-12 17:24:56 --> mysqli_sql_exception: Can't create table `lms_pacis`.`lessons` (errno: 150 "Foreign key constraint is incorrectly formed") in D:\JUL\xampp\htdocs\ITE311-PACIS\system\Database\MySQLi\Connection.php:327
Stack trace:
#0 D:\JUL\xampp\htdocs\ITE311-PACIS\system\Database\MySQLi\Connection.php(327): mysqli->query('CREATE TABLE `l...', 0)
#1 D:\JUL\xampp\htdocs\ITE311-PACIS\system\Database\BaseConnection.php(729): CodeIgniter\Database\MySQLi\Connection->execute('CREATE TABLE `l...')
#2 D:\JUL\xampp\htdocs\ITE311-PACIS\system\Database\BaseConnection.php(646): CodeIgniter\Database\BaseConnection->simpleQuery('CREATE TABLE `l...')
#3 D:\JUL\xampp\htdocs\ITE311-PACIS\system\Database\Forge.php(570): CodeIgniter\Database\BaseConnection->query('CREATE TABLE `l...')
#4 D:\JUL\xampp\htdocs\ITE311-PACIS\app\Database\Migrations\20250814060725_CreateLessonsTable.php(31): CodeIgniter\Database\Forge->createTable('lessons', true, Array)
#5 D:\JUL\xampp\htdocs\ITE311-PACIS\system\Database\MigrationRunner.php(876): App\Database\Migrations\CreateLessonsTable->up()
#6 D:\JUL\xampp\htdocs\ITE311-PACIS\system\Database\MigrationRunner.php(182): CodeIgniter\Database\MigrationRunner->migrate('up', Object(stdClass))
#7 D:\JUL\xampp\htdocs\ITE311-PACIS\system\Commands\Database\Migrate.php(85): CodeIgniter\Database\MigrationRunner->latest(NULL)
#8 D:\JUL\xampp\htdocs\ITE311-PACIS\system\CLI\Commands.php(74): CodeIgniter\Commands\Database\Migrate->run(Array)
#9 D:\JUL\xampp\htdocs\ITE311-PACIS\system\CLI\BaseCommand.php(119): CodeIgniter\CLI\Commands->run('migrate', Array)
#10 D:\JUL\xampp\htdocs\ITE311-PACIS\system\Commands\Database\MigrateRefresh.php(87): CodeIgniter\CLI\BaseCommand->call('migrate', Array)
#11 D:\JUL\xampp\htdocs\ITE311-PACIS\system\CLI\Commands.php(74): CodeIgniter\Commands\Database\MigrateRefresh->run(Array)
#12 D:\JUL\xampp\htdocs\ITE311-PACIS\system\CLI\Console.php(47): CodeIgniter\CLI\Commands->run('migrate:refresh', Array)
#13 D:\JUL\xampp\htdocs\ITE311-PACIS\system\Boot.php(388): CodeIgniter\CLI\Console->run()
#14 D:\JUL\xampp\htdocs\ITE311-PACIS\system\Boot.php(133): CodeIgniter\Boot::runCommand(Object(CodeIgniter\CLI\Console))
#15 D:\JUL\xampp\htdocs\ITE311-PACIS\spark(87): CodeIgniter\Boot::bootSpark(Object(Config\Paths))
#16 {main}
ERROR - 2025-09-12 17:24:56 --> mysqli_sql_exception: Can't create table `lms_pacis`.`quizzes` (errno: 150 "Foreign key constraint is incorrectly formed") in D:\JUL\xampp\htdocs\ITE311-PACIS\system\Database\MySQLi\Connection.php:327
Stack trace:
#0 D:\JUL\xampp\htdocs\ITE311-PACIS\system\Database\MySQLi\Connection.php(327): mysqli->query('CREATE TABLE `q...', 0)
#1 D:\JUL\xampp\htdocs\ITE311-PACIS\system\Database\BaseConnection.php(729): CodeIgniter\Database\MySQLi\Connection->execute('CREATE TABLE `q...')
#2 D:\JUL\xampp\htdocs\ITE311-PACIS\system\Database\BaseConnection.php(646): CodeIgniter\Database\BaseConnection->simpleQuery('CREATE TABLE `q...')
#3 D:\JUL\xampp\htdocs\ITE311-PACIS\system\Database\Forge.php(570): CodeIgniter\Database\BaseConnection->query('CREATE TABLE `q...')
#4 D:\JUL\xampp\htdocs\ITE311-PACIS\app\Database\Migrations\20250814060744_CreateQuizzesTable.php(30): CodeIgniter\Database\Forge->createTable('quizzes', true, Array)
#5 D:\JUL\xampp\htdocs\ITE311-PACIS\system\Database\MigrationRunner.php(876): App\Database\Migrations\CreateQuizzesTable->up()
#6 D:\JUL\xampp\htdocs\ITE311-PACIS\system\Database\MigrationRunner.php(182): CodeIgniter\Database\MigrationRunner->migrate('up', Object(stdClass))
#7 D:\JUL\xampp\htdocs\ITE311-PACIS\system\Commands\Database\Migrate.php(85): CodeIgniter\Database\MigrationRunner->latest(NULL)
#8 D:\JUL\xampp\htdocs\ITE311-PACIS\system\CLI\Commands.php(74): CodeIgniter\Commands\Database\Migrate->run(Array)
#9 D:\JUL\xampp\htdocs\ITE311-PACIS\system\CLI\BaseCommand.php(119): CodeIgniter\CLI\Commands->run('migrate', Array)
#10 D:\JUL\xampp\htdocs\ITE311-PACIS\system\Commands\Database\MigrateRefresh.php(87): CodeIgniter\CLI\BaseCommand->call('migrate', Array)
#11 D:\JUL\xampp\htdocs\ITE311-PACIS\system\CLI\Commands.php(74): CodeIgniter\Commands\Database\MigrateRefresh->run(Array)
#12 D:\JUL\xampp\htdocs\ITE311-PACIS\system\CLI\Console.php(47): CodeIgniter\CLI\Commands->run('migrate:refresh', Array)
#13 D:\JUL\xampp\htdocs\ITE311-PACIS\system\Boot.php(388): CodeIgniter\CLI\Console->run()
#14 D:\JUL\xampp\htdocs\ITE311-PACIS\system\Boot.php(133): CodeIgniter\Boot::runCommand(Object(CodeIgniter\CLI\Console))
#15 D:\JUL\xampp\htdocs\ITE311-PACIS\spark(87): CodeIgniter\Boot::bootSpark(Object(Config\Paths))
#16 {main}
ERROR - 2025-09-12 17:24:57 --> mysqli_sql_exception: Can't create table `lms_pacis`.`submissions` (errno: 150 "Foreign key constraint is incorrectly formed") in D:\JUL\xampp\htdocs\ITE311-PACIS\system\Database\MySQLi\Connection.php:327
Stack trace:
#0 D:\JUL\xampp\htdocs\ITE311-PACIS\system\Database\MySQLi\Connection.php(327): mysqli->query('CREATE TABLE `s...', 0)
#1 D:\JUL\xampp\htdocs\ITE311-PACIS\system\Database\BaseConnection.php(729): CodeIgniter\Database\MySQLi\Connection->execute('CREATE TABLE `s...')
#2 D:\JUL\xampp\htdocs\ITE311-PACIS\system\Database\BaseConnection.php(646): CodeIgniter\Database\BaseConnection->simpleQuery('CREATE TABLE `s...')
#3 D:\JUL\xampp\htdocs\ITE311-PACIS\system\Database\Forge.php(570): CodeIgniter\Database\BaseConnection->query('CREATE TABLE `s...')
#4 D:\JUL\xampp\htdocs\ITE311-PACIS\app\Database\Migrations\20250814060803_CreateSubmissionsTable.php(36): CodeIgniter\Database\Forge->createTable('submissions', true, Array)
#5 D:\JUL\xampp\htdocs\ITE311-PACIS\system\Database\MigrationRunner.php(876): App\Database\Migrations\CreateSubmissionsTable->up()
#6 D:\JUL\xampp\htdocs\ITE311-PACIS\system\Database\MigrationRunner.php(182): CodeIgniter\Database\MigrationRunner->migrate('up', Object(stdClass))
#7 D:\JUL\xampp\htdocs\ITE311-PACIS\system\Commands\Database\Migrate.php(85): CodeIgniter\Database\MigrationRunner->latest(NULL)
#8 D:\JUL\xampp\htdocs\ITE311-PACIS\system\CLI\Commands.php(74): CodeIgniter\Commands\Database\Migrate->run(Array)
#9 D:\JUL\xampp\htdocs\ITE311-PACIS\system\CLI\BaseCommand.php(119): CodeIgniter\CLI\Commands->run('migrate', Array)
#10 D:\JUL\xampp\htdocs\ITE311-PACIS\system\Commands\Database\MigrateRefresh.php(87): CodeIgniter\CLI\BaseCommand->call('migrate', Array)
#11 D:\JUL\xampp\htdocs\ITE311-PACIS\system\CLI\Commands.php(74): CodeIgniter\Commands\Database\MigrateRefresh->run(Array)
#12 D:\JUL\xampp\htdocs\ITE311-PACIS\system\CLI\Console.php(47): CodeIgniter\CLI\Commands->run('migrate:refresh', Array)
#13 D:\JUL\xampp\htdocs\ITE311-PACIS\system\Boot.php(388): CodeIgniter\CLI\Console->run()
#14 D:\JUL\xampp\htdocs\ITE311-PACIS\system\Boot.php(133): CodeIgniter\Boot::runCommand(Object(CodeIgniter\CLI\Console))
#15 D:\JUL\xampp\htdocs\ITE311-PACIS\spark(87): CodeIgniter\Boot::bootSpark(Object(Config\Paths))
#16 {main}
ERROR - 2025-09-12 17:35:16 --> mysqli_sql_exception: Unknown column 'username' in 'field list' in D:\JUL\xampp\htdocs\ITE311-PACIS\system\Database\MySQLi\Connection.php:327
Stack trace:
#0 D:\JUL\xampp\htdocs\ITE311-PACIS\system\Database\MySQLi\Connection.php(327): mysqli->query('INSERT INTO `us...', 0)
#1 D:\JUL\xampp\htdocs\ITE311-PACIS\system\Database\BaseConnection.php(729): CodeIgniter\Database\MySQLi\Connection->execute('INSERT INTO `us...')
#2 D:\JUL\xampp\htdocs\ITE311-PACIS\system\Database\BaseConnection.php(646): CodeIgniter\Database\BaseConnection->simpleQuery('INSERT INTO `us...')
#3 D:\JUL\xampp\htdocs\ITE311-PACIS\system\Database\BaseBuilder.php(1841): CodeIgniter\Database\BaseConnection->query('INSERT INTO `us...', NULL, false)
#4 D:\JUL\xampp\htdocs\ITE311-PACIS\system\Database\BaseBuilder.php(2230): CodeIgniter\Database\BaseBuilder->batchExecute('_insertBatch', 100)
#5 D:\JUL\xampp\htdocs\ITE311-PACIS\app\Database\Seeds\UsersSeeder.php(35): CodeIgniter\Database\BaseBuilder->insertBatch(Array)
#6 D:\JUL\xampp\htdocs\ITE311-PACIS\system\Database\Seeder.php(149): App\Database\Seeds\UsersSeeder->run()
#7 D:\JUL\xampp\htdocs\ITE311-PACIS\system\Commands\Database\Seed.php(79): CodeIgniter\Database\Seeder->call('App\\Database\\Se...')
#8 D:\JUL\xampp\htdocs\ITE311-PACIS\system\CLI\Commands.php(74): CodeIgniter\Commands\Database\Seed->run(Array)
#9 D:\JUL\xampp\htdocs\ITE311-PACIS\system\CLI\Console.php(47): CodeIgniter\CLI\Commands->run('db:seed', Array)
#10 D:\JUL\xampp\htdocs\ITE311-PACIS\system\Boot.php(388): CodeIgniter\CLI\Console->run()
#11 D:\JUL\xampp\htdocs\ITE311-PACIS\system\Boot.php(133): CodeIgniter\Boot::runCommand(Object(CodeIgniter\CLI\Console))
#12 D:\JUL\xampp\htdocs\ITE311-PACIS\spark(87): CodeIgniter\Boot::bootSpark(Object(Config\Paths))
#13 {main}
ERROR - 2025-09-12 17:36:30 --> mysqli_sql_exception: Unknown column 'username' in 'field list' in D:\JUL\xampp\htdocs\ITE311-PACIS\system\Database\MySQLi\Connection.php:327
Stack trace:
#0 D:\JUL\xampp\htdocs\ITE311-PACIS\system\Database\MySQLi\Connection.php(327): mysqli->query('INSERT INTO `us...', 0)
#1 D:\JUL\xampp\htdocs\ITE311-PACIS\system\Database\BaseConnection.php(729): CodeIgniter\Database\MySQLi\Connection->execute('INSERT INTO `us...')
#2 D:\JUL\xampp\htdocs\ITE311-PACIS\system\Database\BaseConnection.php(646): CodeIgniter\Database\BaseConnection->simpleQuery('INSERT INTO `us...')
#3 D:\JUL\xampp\htdocs\ITE311-PACIS\system\Database\BaseBuilder.php(1841): CodeIgniter\Database\BaseConnection->query('INSERT INTO `us...', NULL, false)
#4 D:\JUL\xampp\htdocs\ITE311-PACIS\system\Database\BaseBuilder.php(2230): CodeIgniter\Database\BaseBuilder->batchExecute('_insertBatch', 100)
#5 D:\JUL\xampp\htdocs\ITE311-PACIS\app\Database\Seeds\UsersSeeder.php(35): CodeIgniter\Database\BaseBuilder->insertBatch(Array)
#6 D:\JUL\xampp\htdocs\ITE311-PACIS\system\Database\Seeder.php(149): App\Database\Seeds\UsersSeeder->run()
#7 D:\JUL\xampp\htdocs\ITE311-PACIS\system\Commands\Database\Seed.php(79): CodeIgniter\Database\Seeder->call('App\\Database\\Se...')
#8 D:\JUL\xampp\htdocs\ITE311-PACIS\system\CLI\Commands.php(74): CodeIgniter\Commands\Database\Seed->run(Array)
#9 D:\JUL\xampp\htdocs\ITE311-PACIS\system\CLI\Console.php(47): CodeIgniter\CLI\Commands->run('db:seed', Array)
#10 D:\JUL\xampp\htdocs\ITE311-PACIS\system\Boot.php(388): CodeIgniter\CLI\Console->run()
#11 D:\JUL\xampp\htdocs\ITE311-PACIS\system\Boot.php(133): CodeIgniter\Boot::runCommand(Object(CodeIgniter\CLI\Console))
#12 D:\JUL\xampp\htdocs\ITE311-PACIS\spark(87): CodeIgniter\Boot::bootSpark(Object(Config\Paths))
#13 {main}
ERROR - 2025-09-12 17:40:58 --> mysqli_sql_exception: Unknown column 'username' in 'field list' in D:\JUL\xampp\htdocs\ITE311-PACIS\system\Database\MySQLi\Connection.php:327
Stack trace:
#0 D:\JUL\xampp\htdocs\ITE311-PACIS\system\Database\MySQLi\Connection.php(327): mysqli->query('INSERT INTO `us...', 0)
#1 D:\JUL\xampp\htdocs\ITE311-PACIS\system\Database\BaseConnection.php(729): CodeIgniter\Database\MySQLi\Connection->execute('INSERT INTO `us...')
#2 D:\JUL\xampp\htdocs\ITE311-PACIS\system\Database\BaseConnection.php(646): CodeIgniter\Database\BaseConnection->simpleQuery('INSERT INTO `us...')
#3 D:\JUL\xampp\htdocs\ITE311-PACIS\system\Database\BaseBuilder.php(1841): CodeIgniter\Database\BaseConnection->query('INSERT INTO `us...', NULL, false)
#4 D:\JUL\xampp\htdocs\ITE311-PACIS\system\Database\BaseBuilder.php(2230): CodeIgniter\Database\BaseBuilder->batchExecute('_insertBatch', 100)
#5 D:\JUL\xampp\htdocs\ITE311-PACIS\app\Database\Seeds\UsersSeeder.php(35): CodeIgniter\Database\BaseBuilder->insertBatch(Array)
#6 D:\JUL\xampp\htdocs\ITE311-PACIS\system\Database\Seeder.php(149): App\Database\Seeds\UsersSeeder->run()
#7 D:\JUL\xampp\htdocs\ITE311-PACIS\system\Commands\Database\Seed.php(79): CodeIgniter\Database\Seeder->call('App\\Database\\Se...')
#8 D:\JUL\xampp\htdocs\ITE311-PACIS\system\CLI\Commands.php(74): CodeIgniter\Commands\Database\Seed->run(Array)
#9 D:\JUL\xampp\htdocs\ITE311-PACIS\system\CLI\Console.php(47): CodeIgniter\CLI\Commands->run('db:seed', Array)
#10 D:\JUL\xampp\htdocs\ITE311-PACIS\system\Boot.php(388): CodeIgniter\CLI\Console->run()
#11 D:\JUL\xampp\htdocs\ITE311-PACIS\system\Boot.php(133): CodeIgniter\Boot::runCommand(Object(CodeIgniter\CLI\Console))
#12 D:\JUL\xampp\htdocs\ITE311-PACIS\spark(87): CodeIgniter\Boot::bootSpark(Object(Config\Paths))
#13 {main}
ERROR - 2025-09-12 17:44:27 --> mysqli_sql_exception: Unknown column 'username' in 'field list' in D:\JUL\xampp\htdocs\ITE311-PACIS\system\Database\MySQLi\Connection.php:327
Stack trace:
#0 D:\JUL\xampp\htdocs\ITE311-PACIS\system\Database\MySQLi\Connection.php(327): mysqli->query('INSERT INTO `us...', 0)
#1 D:\JUL\xampp\htdocs\ITE311-PACIS\system\Database\BaseConnection.php(729): CodeIgniter\Database\MySQLi\Connection->execute('INSERT INTO `us...')
#2 D:\JUL\xampp\htdocs\ITE311-PACIS\system\Database\BaseConnection.php(646): CodeIgniter\Database\BaseConnection->simpleQuery('INSERT INTO `us...')
#3 D:\JUL\xampp\htdocs\ITE311-PACIS\system\Database\BaseBuilder.php(1841): CodeIgniter\Database\BaseConnection->query('INSERT INTO `us...', NULL, false)
#4 D:\JUL\xampp\htdocs\ITE311-PACIS\system\Database\BaseBuilder.php(2230): CodeIgniter\Database\BaseBuilder->batchExecute('_insertBatch', 100)
#5 D:\JUL\xampp\htdocs\ITE311-PACIS\app\Database\Seeds\UsersSeeder.php(35): CodeIgniter\Database\BaseBuilder->insertBatch(Array)
#6 D:\JUL\xampp\htdocs\ITE311-PACIS\system\Database\Seeder.php(149): App\Database\Seeds\UsersSeeder->run()
#7 D:\JUL\xampp\htdocs\ITE311-PACIS\system\Commands\Database\Seed.php(79): CodeIgniter\Database\Seeder->call('App\\Database\\Se...')
#8 D:\JUL\xampp\htdocs\ITE311-PACIS\system\CLI\Commands.php(74): CodeIgniter\Commands\Database\Seed->run(Array)
#9 D:\JUL\xampp\htdocs\ITE311-PACIS\system\CLI\Console.php(47): CodeIgniter\CLI\Commands->run('db:seed', Array)
#10 D:\JUL\xampp\htdocs\ITE311-PACIS\system\Boot.php(388): CodeIgniter\CLI\Console->run()
#11 D:\JUL\xampp\htdocs\ITE311-PACIS\system\Boot.php(133): CodeIgniter\Boot::runCommand(Object(CodeIgniter\CLI\Console))
#12 D:\JUL\xampp\htdocs\ITE311-PACIS\spark(87): CodeIgniter\Boot::bootSpark(Object(Config\Paths))
#13 {main}
ERROR - 2025-09-12 17:45:41 --> mysqli_sql_exception: Unknown column 'username' in 'field list' in D:\JUL\xampp\htdocs\ITE311-PACIS\system\Database\MySQLi\Connection.php:327
Stack trace:
#0 D:\JUL\xampp\htdocs\ITE311-PACIS\system\Database\MySQLi\Connection.php(327): mysqli->query('INSERT INTO `us...', 0)
#1 D:\JUL\xampp\htdocs\ITE311-PACIS\system\Database\BaseConnection.php(729): CodeIgniter\Database\MySQLi\Connection->execute('INSERT INTO `us...')
#2 D:\JUL\xampp\htdocs\ITE311-PACIS\system\Database\BaseConnection.php(646): CodeIgniter\Database\BaseConnection->simpleQuery('INSERT INTO `us...')
#3 D:\JUL\xampp\htdocs\ITE311-PACIS\system\Database\BaseBuilder.php(1841): CodeIgniter\Database\BaseConnection->query('INSERT INTO `us...', NULL, false)
#4 D:\JUL\xampp\htdocs\ITE311-PACIS\system\Database\BaseBuilder.php(2230): CodeIgniter\Database\BaseBuilder->batchExecute('_insertBatch', 100)
#5 D:\JUL\xampp\htdocs\ITE311-PACIS\app\Database\Seeds\UsersSeeder.php(35): CodeIgniter\Database\BaseBuilder->insertBatch(Array)
#6 D:\JUL\xampp\htdocs\ITE311-PACIS\system\Database\Seeder.php(149): App\Database\Seeds\UsersSeeder->run()
#7 D:\JUL\xampp\htdocs\ITE311-PACIS\system\Commands\Database\Seed.php(79): CodeIgniter\Database\Seeder->call('App\\Database\\Se...')
#8 D:\JUL\xampp\htdocs\ITE311-PACIS\system\CLI\Commands.php(74): CodeIgniter\Commands\Database\Seed->run(Array)
#9 D:\JUL\xampp\htdocs\ITE311-PACIS\system\CLI\Console.php(47): CodeIgniter\CLI\Commands->run('db:seed', Array)
#10 D:\JUL\xampp\htdocs\ITE311-PACIS\system\Boot.php(388): CodeIgniter\CLI\Console->run()
#11 D:\JUL\xampp\htdocs\ITE311-PACIS\system\Boot.php(133): CodeIgniter\Boot::runCommand(Object(CodeIgniter\CLI\Console))
#12 D:\JUL\xampp\htdocs\ITE311-PACIS\spark(87): CodeIgniter\Boot::bootSpark(Object(Config\Paths))
#13 {main}
ERROR - 2025-09-12 17:58:47 --> mysqli_sql_exception: Unknown column 'username' in 'field list' in D:\JUL\xampp\htdocs\ITE311-PACIS\system\Database\MySQLi\Connection.php:327
Stack trace:
#0 D:\JUL\xampp\htdocs\ITE311-PACIS\system\Database\MySQLi\Connection.php(327): mysqli->query('INSERT INTO `us...', 0)
#1 D:\JUL\xampp\htdocs\ITE311-PACIS\system\Database\BaseConnection.php(729): CodeIgniter\Database\MySQLi\Connection->execute('INSERT INTO `us...')
#2 D:\JUL\xampp\htdocs\ITE311-PACIS\system\Database\BaseConnection.php(646): CodeIgniter\Database\BaseConnection->simpleQuery('INSERT INTO `us...')
#3 D:\JUL\xampp\htdocs\ITE311-PACIS\system\Database\BaseBuilder.php(1841): CodeIgniter\Database\BaseConnection->query('INSERT INTO `us...', NULL, false)
#4 D:\JUL\xampp\htdocs\ITE311-PACIS\system\Database\BaseBuilder.php(2230): CodeIgniter\Database\BaseBuilder->batchExecute('_insertBatch', 100)
#5 D:\JUL\xampp\htdocs\ITE311-PACIS\app\Database\Seeds\UsersSeeder.php(39): CodeIgniter\Database\BaseBuilder->insertBatch(Array)
#6 D:\JUL\xampp\htdocs\ITE311-PACIS\system\Database\Seeder.php(149): App\Database\Seeds\UsersSeeder->run()
#7 D:\JUL\xampp\htdocs\ITE311-PACIS\system\Commands\Database\Seed.php(79): CodeIgniter\Database\Seeder->call('App\\Database\\Se...')
#8 D:\JUL\xampp\htdocs\ITE311-PACIS\system\CLI\Commands.php(74): CodeIgniter\Commands\Database\Seed->run(Array)
#9 D:\JUL\xampp\htdocs\ITE311-PACIS\system\CLI\Console.php(47): CodeIgniter\CLI\Commands->run('db:seed', Array)
#10 D:\JUL\xampp\htdocs\ITE311-PACIS\system\Boot.php(388): CodeIgniter\CLI\Console->run()
#11 D:\JUL\xampp\htdocs\ITE311-PACIS\system\Boot.php(133): CodeIgniter\Boot::runCommand(Object(CodeIgniter\CLI\Console))
#12 D:\JUL\xampp\htdocs\ITE311-PACIS\spark(87): CodeIgniter\Boot::bootSpark(Object(Config\Paths))
#13 {main}
