ERROR - 2025-08-13 15:47:58 --> Error connecting to the database: mysqli_sql_exception: Access denied for user ''@'localhost' (using password: NO) in D:\JUL\xampp\htdocs\ITE311-PACIS\WebSystem-ITE311-1\WebSystem-ITE311\system\Database\MySQLi\Connection.php:201
Stack trace:
#0 D:\JUL\xampp\htdocs\ITE311-PACIS\WebSystem-ITE311-1\WebSystem-ITE311\system\Database\MySQLi\Connection.php(201): mysqli->real_connect('localhost', '', Object(SensitiveParameterValue), 'lms_Pacis', 3306, '', 0)
#1 D:\JUL\xampp\htdocs\ITE311-PACIS\WebSystem-ITE311-1\WebSystem-ITE311\system\Database\BaseConnection.php(419): CodeIgniter\Database\MySQLi\Connection->connect(false)
#2 D:\JUL\xampp\htdocs\ITE311-PACIS\WebSystem-ITE311-1\WebSystem-ITE311\system\Database\BaseConnection.php(614): CodeIgniter\Database\BaseConnection->initialize()
#3 D:\JUL\xampp\htdocs\ITE311-PACIS\WebSystem-ITE311-1\WebSystem-ITE311\system\Database\BaseConnection.php(1525): CodeIgniter\Database\BaseConnection->query('SHOW TABLES FRO...')
#4 D:\JUL\xampp\htdocs\ITE311-PACIS\WebSystem-ITE311-1\WebSystem-ITE311\system\Database\BaseConnection.php(1545): CodeIgniter\Database\BaseConnection->listTables()
#5 D:\JUL\xampp\htdocs\ITE311-PACIS\WebSystem-ITE311-1\WebSystem-ITE311\system\Database\MigrationRunner.php(768): CodeIgniter\Database\BaseConnection->tableExists('migrations')
#6 D:\JUL\xampp\htdocs\ITE311-PACIS\WebSystem-ITE311-1\WebSystem-ITE311\system\Database\MigrationRunner.php(162): CodeIgniter\Database\MigrationRunner->ensureTable()
#7 D:\JUL\xampp\htdocs\ITE311-PACIS\WebSystem-ITE311-1\WebSystem-ITE311\system\Commands\Database\Migrate.php(85): CodeIgniter\Database\MigrationRunner->latest(NULL)
#8 D:\JUL\xampp\htdocs\ITE311-PACIS\WebSystem-ITE311-1\WebSystem-ITE311\system\CLI\Commands.php(74): CodeIgniter\Commands\Database\Migrate->run(Array)
#9 D:\JUL\xampp\htdocs\ITE311-PACIS\WebSystem-ITE311-1\WebSystem-ITE311\system\CLI\Console.php(47): CodeIgniter\CLI\Commands->run('migrate', Array)
#10 D:\JUL\xampp\htdocs\ITE311-PACIS\WebSystem-ITE311-1\WebSystem-ITE311\system\Boot.php(388): CodeIgniter\CLI\Console->run()
#11 D:\JUL\xampp\htdocs\ITE311-PACIS\WebSystem-ITE311-1\WebSystem-ITE311\system\Boot.php(133): CodeIgniter\Boot::runCommand(Object(CodeIgniter\CLI\Console))
#12 D:\JUL\xampp\htdocs\ITE311-PACIS\WebSystem-ITE311-1\WebSystem-ITE311\spark(87): CodeIgniter\Boot::bootSpark(Object(Config\Paths))
#13 {main}

Next CodeIgniter\Database\Exceptions\DatabaseException: Access denied for user ''@'localhost' (using password: NO) in D:\JUL\xampp\htdocs\ITE311-PACIS\WebSystem-ITE311-1\WebSystem-ITE311\system\Database\MySQLi\Connection.php:246
Stack trace:
#0 D:\JUL\xampp\htdocs\ITE311-PACIS\WebSystem-ITE311-1\WebSystem-ITE311\system\Database\BaseConnection.php(419): CodeIgniter\Database\MySQLi\Connection->connect(false)
#1 D:\JUL\xampp\htdocs\ITE311-PACIS\WebSystem-ITE311-1\WebSystem-ITE311\system\Database\BaseConnection.php(614): CodeIgniter\Database\BaseConnection->initialize()
#2 D:\JUL\xampp\htdocs\ITE311-PACIS\WebSystem-ITE311-1\WebSystem-ITE311\system\Database\BaseConnection.php(1525): CodeIgniter\Database\BaseConnection->query('SHOW TABLES FRO...')
#3 D:\JUL\xampp\htdocs\ITE311-PACIS\WebSystem-ITE311-1\WebSystem-ITE311\system\Database\BaseConnection.php(1545): CodeIgniter\Database\BaseConnection->listTables()
#4 D:\JUL\xampp\htdocs\ITE311-PACIS\WebSystem-ITE311-1\WebSystem-ITE311\system\Database\MigrationRunner.php(768): CodeIgniter\Database\BaseConnection->tableExists('migrations')
#5 D:\JUL\xampp\htdocs\ITE311-PACIS\WebSystem-ITE311-1\WebSystem-ITE311\system\Database\MigrationRunner.php(162): CodeIgniter\Database\MigrationRunner->ensureTable()
#6 D:\JUL\xampp\htdocs\ITE311-PACIS\WebSystem-ITE311-1\WebSystem-ITE311\system\Commands\Database\Migrate.php(85): CodeIgniter\Database\MigrationRunner->latest(NULL)
#7 D:\JUL\xampp\htdocs\ITE311-PACIS\WebSystem-ITE311-1\WebSystem-ITE311\system\CLI\Commands.php(74): CodeIgniter\Commands\Database\Migrate->run(Array)
#8 D:\JUL\xampp\htdocs\ITE311-PACIS\WebSystem-ITE311-1\WebSystem-ITE311\system\CLI\Console.php(47): CodeIgniter\CLI\Commands->run('migrate', Array)
#9 D:\JUL\xampp\htdocs\ITE311-PACIS\WebSystem-ITE311-1\WebSystem-ITE311\system\Boot.php(388): CodeIgniter\CLI\Console->run()
#10 D:\JUL\xampp\htdocs\ITE311-PACIS\WebSystem-ITE311-1\WebSystem-ITE311\system\Boot.php(133): CodeIgniter\Boot::runCommand(Object(CodeIgniter\CLI\Console))
#11 D:\JUL\xampp\htdocs\ITE311-PACIS\WebSystem-ITE311-1\WebSystem-ITE311\spark(87): CodeIgniter\Boot::bootSpark(Object(Config\Paths))
#12 {main}
